<?xml version="1.0" encoding="UTF-8"?>
<robot generator="Robot 7.2.2 (Python 3.11.0 on win32)" generated="2025-02-09T00:23:38.778309" rpa="false" schemaversion="5">
<suite id="s1" name="OnlineShopping" source="C:\Users\theodor\PycharmProjects\RobotFrameworkCourse\Tests\OnlineShopping.robot">
<test id="s1-t1" name="User Registration Test" line="23">
<kw name="Log" owner="BuiltIn">
<msg time="2025-02-09T00:23:39.089066" level="INFO">Starting TC01</msg>
<arg>Starting TC01</arg>
<doc>Logs the given message with the given level.</doc>
<status status="PASS" start="2025-02-09T00:23:39.089066" elapsed="0.001289"/>
</kw>
<kw name="Navigate To Login/Signup Page" owner="RegisterUserActions">
<kw name="Load" owner="LandingPage">
<kw name="Open the Home_URL" owner="LandingPage">
<kw name="Open Browser" owner="SeleniumLibrary">
<msg time="2025-02-09T00:23:39.091376" level="INFO">Opening browser 'chrome' to base url 'http://automationexercise.com'.</msg>
<arg>${landing_page_details}[home_url]</arg>
<arg>${landing_page_details}[browser_used]</arg>
<doc>Opens a new browser instance to the optional ``url``.</doc>
<status status="PASS" start="2025-02-09T00:23:39.091376" elapsed="9.735632"/>
</kw>
<kw name="Maximize Browser Window" owner="SeleniumLibrary">
<doc>Maximizes current browser window.</doc>
<status status="PASS" start="2025-02-09T00:23:48.827008" elapsed="0.039915"/>
</kw>
<doc>Open the browser and navigate to the URL</doc>
<status status="PASS" start="2025-02-09T00:23:39.090355" elapsed="9.776568"/>
</kw>
<kw name="Verify the Landing Page" owner="LandingPage">
<kw name="Consent to cookies and Dismiss Alarms" owner="Misc">
<kw name="Sleep" owner="BuiltIn">
<msg time="2025-02-09T00:23:50.868317" level="INFO">Slept 2 seconds.</msg>
<arg>2</arg>
<doc>Pauses the test executed for the given time.</doc>
<status status="PASS" start="2025-02-09T00:23:48.867955" elapsed="2.000362"/>
</kw>
<kw name="Check Web Server Error" owner="Misc">
<kw name="Run Keyword And Return Status" owner="BuiltIn">
<kw name="Page Should Contain" owner="SeleniumLibrary">
<msg time="2025-02-09T00:23:50.870735" level="FAIL">Variable '${web_server_error_txt}' not found.</msg>
<arg>${web_server_error_txt}</arg>
<doc>Verifies that current page contains ``text``.</doc>
<status status="FAIL" start="2025-02-09T00:23:50.869680" elapsed="0.001055">Variable '${web_server_error_txt}' not found.</status>
</kw>
<msg time="2025-02-09T00:23:50.870735" level="INFO">${web_server_error_txt} = False</msg>
<var>${web_server_error_txt}</var>
<arg>page should contain</arg>
<arg>${web_server_error_txt}</arg>
<doc>Runs the given keyword with given arguments and returns the status as a Boolean value.</doc>
<status status="PASS" start="2025-02-09T00:23:50.869680" elapsed="0.001055"/>
</kw>
<if>
<branch type="IF" condition="${web_server_error_txt}">
<kw name="Log" owner="BuiltIn">
<arg>reloading page</arg>
<doc>Logs the given message with the given level.</doc>
<status status="NOT RUN" start="2025-02-09T00:23:50.870735" elapsed="0.000000"/>
</kw>
<kw name="Reload Page" owner="SeleniumLibrary">
<doc>Simulates user reloading page.</doc>
<status status="NOT RUN" start="2025-02-09T00:23:50.870735" elapsed="0.000000"/>
</kw>
<status status="NOT RUN" start="2025-02-09T00:23:50.870735" elapsed="0.000000"/>
</branch>
<status status="PASS" start="2025-02-09T00:23:50.870735" elapsed="0.000000"/>
</if>
<status status="PASS" start="2025-02-09T00:23:50.868317" elapsed="0.002418"/>
</kw>
<kw name="Consent to cookies" owner="Misc">
<kw name="Run Keyword And Return Status" owner="BuiltIn">
<kw name="Element Should Be Visible" owner="SeleniumLibrary">
<msg time="2025-02-09T00:23:51.047204" level="INFO">Element 'class=fc-cta-consent' is displayed.</msg>
<arg>${misc_details}[consent_btn]</arg>
<doc>Verifies that the element identified by ``locator`` is visible.</doc>
<status status="PASS" start="2025-02-09T00:23:50.872009" elapsed="0.175195"/>
</kw>
<msg time="2025-02-09T00:23:51.047204" level="INFO">${cookies_window} = True</msg>
<var>${cookies_window}</var>
<arg>element should be visible</arg>
<arg>${misc_details}[consent_btn]</arg>
<doc>Runs the given keyword with given arguments and returns the status as a Boolean value.</doc>
<status status="PASS" start="2025-02-09T00:23:50.872009" elapsed="0.175195"/>
</kw>
<if>
<branch type="IF" condition="${cookies_window}">
<kw name="Log" owner="BuiltIn">
<msg time="2025-02-09T00:23:51.048216" level="INFO">Cookies are visible</msg>
<arg>Cookies are visible</arg>
<doc>Logs the given message with the given level.</doc>
<status status="PASS" start="2025-02-09T00:23:51.047204" elapsed="0.001012"/>
</kw>
<kw name="Click Button" owner="SeleniumLibrary">
<msg time="2025-02-09T00:23:51.048216" level="INFO">Clicking button 'class=fc-cta-consent'.</msg>
<arg>${misc_details}[consent_btn]</arg>
<doc>Clicks the button identified by ``locator``.</doc>
<status status="PASS" start="2025-02-09T00:23:51.048216" elapsed="0.140380"/>
</kw>
<status status="PASS" start="2025-02-09T00:23:51.047204" elapsed="0.141392"/>
</branch>
<branch type="ELSE">
<kw name="Log" owner="BuiltIn">
<arg>Cookies not visible</arg>
<doc>Logs the given message with the given level.</doc>
<status status="NOT RUN" start="2025-02-09T00:23:51.189135" elapsed="0.000000"/>
</kw>
<status status="NOT RUN" start="2025-02-09T00:23:51.188596" elapsed="0.000539"/>
</branch>
<status status="PASS" start="2025-02-09T00:23:51.047204" elapsed="0.141931"/>
</if>
<doc>Click on consent button for cookies</doc>
<status status="PASS" start="2025-02-09T00:23:50.870735" elapsed="0.318400"/>
</kw>
<kw name="Dismiss Alarms" owner="Misc">
<kw name="Run Keyword And Return Status" owner="BuiltIn">
<kw name="Handle Alert" owner="SeleniumLibrary">
<msg time="2025-02-09T00:23:51.190575" level="INFO">HANDLE::&lt;class 'datetime.timedelta'&gt;::0:00:03</msg>
<msg time="2025-02-09T00:23:54.394998" level="INFO" html="true">&lt;/td&gt;&lt;/tr&gt;&lt;tr&gt;&lt;td colspan="3"&gt;&lt;a href="selenium-screenshot-1.png"&gt;&lt;img src="selenium-screenshot-1.png" width="800px"&gt;&lt;/a&gt;</msg>
<msg time="2025-02-09T00:23:54.394998" level="FAIL">Alert not found in 3 seconds.</msg>
<arg>LEAVE</arg>
<arg>3</arg>
<doc>Handles the current alert and returns its message.</doc>
<status status="FAIL" start="2025-02-09T00:23:51.190213" elapsed="3.218880">Alert not found in 3 seconds.</status>
</kw>
<msg time="2025-02-09T00:23:54.409093" level="INFO">${alert_window} = False</msg>
<var>${alert_window}</var>
<arg>handle alert</arg>
<arg>LEAVE</arg>
<arg>3</arg>
<doc>Runs the given keyword with given arguments and returns the status as a Boolean value.</doc>
<status status="PASS" start="2025-02-09T00:23:51.189710" elapsed="3.219383"/>
</kw>
<if>
<branch type="IF" condition="${alert_window}">
<kw name="Log" owner="BuiltIn">
<arg>Alert window present</arg>
<doc>Logs the given message with the given level.</doc>
<status status="NOT RUN" start="2025-02-09T00:23:54.409093" elapsed="0.000000"/>
</kw>
<kw name="Handle Alert" owner="SeleniumLibrary">
<arg>DISMISS</arg>
<doc>Handles the current alert and returns its message.</doc>
<status status="NOT RUN" start="2025-02-09T00:23:54.410114" elapsed="0.000000"/>
</kw>
<status status="NOT RUN" start="2025-02-09T00:23:54.409093" elapsed="0.001021"/>
</branch>
<branch type="ELSE">
<kw name="Log" owner="BuiltIn">
<msg time="2025-02-09T00:23:54.410114" level="INFO">Alert window not present</msg>
<arg>Alert window not present</arg>
<doc>Logs the given message with the given level.</doc>
<status status="PASS" start="2025-02-09T00:23:54.410114" elapsed="0.000000"/>
</kw>
<status status="PASS" start="2025-02-09T00:23:54.410114" elapsed="0.000000"/>
</branch>
<status status="PASS" start="2025-02-09T00:23:54.409093" elapsed="0.001021"/>
</if>
<doc>Dismiss Alarm popups</doc>
<status status="PASS" start="2025-02-09T00:23:51.189135" elapsed="3.220979"/>
</kw>
<kw name="Dismiss iFrame Ads" owner="Misc">
<kw name="Get WebElements" owner="SeleniumLibrary">
<msg time="2025-02-09T00:23:54.422857" level="INFO">${iframes1} = [&lt;selenium.webdriver.remote.webelement.WebElement (session="a9c62ae3aead6b938912baf6ec9c5410", element="f.2695C4A75EE4F5FD755F2D8EC04D1984.d.123E6AA563C43344A94CD373181D4779.e.337")&gt;, &lt;selenium.webdri...</msg>
<var>${iframes1}</var>
<arg>${misc_details}[ad_iframe]</arg>
<doc>Returns a list of WebElement objects matching the ``locator``.</doc>
<status status="PASS" start="2025-02-09T00:23:54.411131" elapsed="0.011726"/>
</kw>
<for flavor="IN">
<iter>
<kw name="Unselect Frame" owner="SeleniumLibrary">
<doc>Sets the main frame as the current frame.</doc>
<status status="PASS" start="2025-02-09T00:23:54.422857" elapsed="0.002391"/>
</kw>
<kw name="Log" owner="BuiltIn">
<msg time="2025-02-09T00:23:54.426273" level="INFO">iframe level1 detected: &lt;selenium.webdriver.remote.webelement.WebElement (session="a9c62ae3aead6b938912baf6ec9c5410", element="f.2695C4A75EE4F5FD755F2D8EC04D1984.d.123E6AA563C43344A94CD373181D4779.e.337")&gt;</msg>
<arg>iframe level1 detected: ${iframe1}</arg>
<doc>Logs the given message with the given level.</doc>
<status status="PASS" start="2025-02-09T00:23:54.426273" elapsed="0.000000"/>
</kw>
<kw name="Run Keyword And Return Status" owner="BuiltIn">
<kw name="Select Frame" owner="SeleniumLibrary">
<msg time="2025-02-09T00:23:54.427293" level="INFO">Selecting frame '&lt;selenium.webdriver.remote.webelement.WebElement (session="a9c62ae3aead6b938912baf6ec9c5410", element="f.2695C4A75EE4F5FD755F2D8EC04D1984.d.123E6AA563C43344A94CD373181D4779.e.337")&gt;'.</msg>
<arg>${iframe1}</arg>
<doc>Sets frame identified by ``locator`` as the current frame.</doc>
<status status="PASS" start="2025-02-09T00:23:54.426273" elapsed="0.016591"/>
</kw>
<msg time="2025-02-09T00:23:54.443866" level="INFO">${selecting_frame1} = True</msg>
<var>${selecting_frame1}</var>
<arg>select frame</arg>
<arg>${iframe1}</arg>
<doc>Runs the given keyword with given arguments and returns the status as a Boolean value.</doc>
<status status="PASS" start="2025-02-09T00:23:54.426273" elapsed="0.017593"/>
</kw>
<kw name="Get WebElements" owner="SeleniumLibrary">
<msg time="2025-02-09T00:23:54.452887" level="INFO">${iframes2} = []</msg>
<var>${iframes2}</var>
<arg>${misc_details}[ad_iframe]</arg>
<doc>Returns a list of WebElement objects matching the ``locator``.</doc>
<status status="PASS" start="2025-02-09T00:23:54.443866" elapsed="0.009021"/>
</kw>
<for flavor="IN">
<iter>
<kw name="Log" owner="BuiltIn">
<arg>iframe level2 detected: ${iframe2}</arg>
<doc>Logs the given message with the given level.</doc>
<status status="NOT RUN" start="2025-02-09T00:23:54.453900" elapsed="0.000000"/>
</kw>
<kw name="Run Keyword And Return Status" owner="BuiltIn">
<var>${selecting_frame2}</var>
<arg>select frame</arg>
<arg>${iframe2}</arg>
<doc>Runs the given keyword with given arguments and returns the status as a Boolean value.</doc>
<status status="NOT RUN" start="2025-02-09T00:23:54.453900" elapsed="0.000000"/>
</kw>
<kw name="Get WebElements" owner="SeleniumLibrary">
<var>${iframes3}</var>
<arg>${misc_details}[ad_iframe]</arg>
<doc>Returns a list of WebElement objects matching the ``locator``.</doc>
<status status="NOT RUN" start="2025-02-09T00:23:54.453900" elapsed="0.000000"/>
</kw>
<for flavor="IN">
<iter>
<kw name="Log" owner="BuiltIn">
<arg>iframe level3 detected: ${iframe3}</arg>
<doc>Logs the given message with the given level.</doc>
<status status="NOT RUN" start="2025-02-09T00:23:54.454917" elapsed="0.000000"/>
</kw>
<kw name="Run Keyword And Return Status" owner="BuiltIn">
<var>${selecting_frame3}</var>
<arg>select frame</arg>
<arg>${iframe3}</arg>
<doc>Runs the given keyword with given arguments and returns the status as a Boolean value.</doc>
<status status="NOT RUN" start="2025-02-09T00:23:54.454917" elapsed="0.000000"/>
</kw>
<kw name="Search for the Dismiss Button within the iFrame" owner="Misc">
<var>${button_found}</var>
<arg>level3</arg>
<doc>Helper Keyword for searching the dismiss button</doc>
<status status="NOT RUN" start="2025-02-09T00:23:54.454917" elapsed="0.000000"/>
</kw>
<kw name="Run Keyword And Return Status" owner="BuiltIn">
<var>${selecting_frame1}</var>
<arg>select frame</arg>
<arg>${iframe1}</arg>
<doc>Runs the given keyword with given arguments and returns the status as a Boolean value.</doc>
<status status="NOT RUN" start="2025-02-09T00:23:54.454917" elapsed="0.000503"/>
</kw>
<kw name="Run Keyword And Return Status" owner="BuiltIn">
<var>${selecting_frame2}</var>
<arg>select frame</arg>
<arg>${iframe2}</arg>
<doc>Runs the given keyword with given arguments and returns the status as a Boolean value.</doc>
<status status="NOT RUN" start="2025-02-09T00:23:54.455420" elapsed="0.000000"/>
</kw>
<var name="${iframe3}"/>
<status status="NOT RUN" start="2025-02-09T00:23:54.453900" elapsed="0.001520"/>
</iter>
<var>${iframe3}</var>
<value>@{iframes3}</value>
<status status="NOT RUN" start="2025-02-09T00:23:54.453900" elapsed="0.001520"/>
</for>
<kw name="Search for the Dismiss Button within the iFrame" owner="Misc">
<var>${button_found}</var>
<arg>level2</arg>
<doc>Helper Keyword for searching the dismiss button</doc>
<status status="NOT RUN" start="2025-02-09T00:23:54.455420" elapsed="0.000000"/>
</kw>
<kw name="Run Keyword And Return Status" owner="BuiltIn">
<var>${selecting_frame1}</var>
<arg>select frame</arg>
<arg>${iframe1}</arg>
<doc>Runs the given keyword with given arguments and returns the status as a Boolean value.</doc>
<status status="NOT RUN" start="2025-02-09T00:23:54.455420" elapsed="0.000000"/>
</kw>
<var name="${iframe2}"/>
<status status="NOT RUN" start="2025-02-09T00:23:54.453900" elapsed="0.001520"/>
</iter>
<var>${iframe2}</var>
<value>@{iframes2}</value>
<status status="NOT RUN" start="2025-02-09T00:23:54.452887" elapsed="0.002533"/>
</for>
<kw name="Run Keyword And Return Status" owner="BuiltIn">
<kw name="Search for the Dismiss Button within the iFrame" owner="Misc">
<kw name="Run Keyword And Return Status" owner="BuiltIn">
<kw name="Page Should Contain Button" owner="SeleniumLibrary">
<msg time="2025-02-09T00:23:54.642013" level="INFO" html="true">&lt;/td&gt;&lt;/tr&gt;&lt;tr&gt;&lt;td colspan="3"&gt;&lt;a href="selenium-screenshot-2.png"&gt;&lt;img src="selenium-screenshot-2.png" width="800px"&gt;&lt;/a&gt;</msg>
<msg time="2025-02-09T00:23:54.642013" level="FAIL">Page should have contained button 'xpath=//*[@id="dismiss-button"]' but did not.</msg>
<arg>${misc_details}[dismiss_button]</arg>
<doc>Verifies button ``locator`` is found from current page.</doc>
<status status="FAIL" start="2025-02-09T00:23:54.456446" elapsed="0.186620">Page should have contained button 'xpath=//*[@id="dismiss-button"]' but did not.</status>
</kw>
<msg time="2025-02-09T00:23:54.643066" level="INFO">${button_found} = False</msg>
<var>${button_found}</var>
<arg>page should contain button</arg>
<arg>${misc_details}[dismiss_button]</arg>
<doc>Runs the given keyword with given arguments and returns the status as a Boolean value.</doc>
<status status="PASS" start="2025-02-09T00:23:54.456446" elapsed="0.186620"/>
</kw>
<if>
<branch type="IF" condition="${button_found}">
<kw name="Run Keyword And Return Status" owner="BuiltIn">
<var>${element_clicked}</var>
<arg>Dismiss ads via Click element</arg>
<arg>${frame_level}</arg>
<doc>Runs the given keyword with given arguments and returns the status as a Boolean value.</doc>
<status status="NOT RUN" start="2025-02-09T00:23:54.644057" elapsed="0.000000"/>
</kw>
<status status="NOT RUN" start="2025-02-09T00:23:54.643066" elapsed="0.000991"/>
</branch>
<status status="PASS" start="2025-02-09T00:23:54.643066" elapsed="0.000991"/>
</if>
<kw name="Unselect Frame" owner="SeleniumLibrary">
<doc>Sets the main frame as the current frame.</doc>
<status status="PASS" start="2025-02-09T00:23:54.644057" elapsed="0.002141"/>
</kw>
<return>
<value>${button_found}</value>
<status status="PASS" start="2025-02-09T00:23:54.646198" elapsed="0.000000"/>
</return>
<arg>level1</arg>
<doc>Helper Keyword for searching the dismiss button</doc>
<status status="PASS" start="2025-02-09T00:23:54.455420" elapsed="0.190778"/>
</kw>
<msg time="2025-02-09T00:23:54.646198" level="INFO">${button_found} = True</msg>
<var>${button_found}</var>
<arg>Search for the Dismiss Button within the iFrame</arg>
<arg>level1</arg>
<doc>Runs the given keyword with given arguments and returns the status as a Boolean value.</doc>
<status status="PASS" start="2025-02-09T00:23:54.455420" elapsed="0.191789"/>
</kw>
<var name="${iframe1}">&lt;selenium.webdriver.remote.webelement.WebElement (session="a9c62ae3aead6b938912baf6ec9c5410", element="f.2695C4A75EE4F5FD755F2D8EC04D1984.d.123E6AA563C43344A94CD373181D4779.e.337")&gt;</var>
<status status="PASS" start="2025-02-09T00:23:54.422857" elapsed="0.224352"/>
</iter>
<iter>
<kw name="Unselect Frame" owner="SeleniumLibrary">
<doc>Sets the main frame as the current frame.</doc>
<status status="PASS" start="2025-02-09T00:23:54.647209" elapsed="0.001526"/>
</kw>
<kw name="Log" owner="BuiltIn">
<msg time="2025-02-09T00:23:54.648735" level="INFO">iframe level1 detected: &lt;selenium.webdriver.remote.webelement.WebElement (session="a9c62ae3aead6b938912baf6ec9c5410", element="f.2695C4A75EE4F5FD755F2D8EC04D1984.d.123E6AA563C43344A94CD373181D4779.e.338")&gt;</msg>
<arg>iframe level1 detected: ${iframe1}</arg>
<doc>Logs the given message with the given level.</doc>
<status status="PASS" start="2025-02-09T00:23:54.648735" elapsed="0.001026"/>
</kw>
<kw name="Run Keyword And Return Status" owner="BuiltIn">
<kw name="Select Frame" owner="SeleniumLibrary">
<msg time="2025-02-09T00:23:54.649761" level="INFO">Selecting frame '&lt;selenium.webdriver.remote.webelement.WebElement (session="a9c62ae3aead6b938912baf6ec9c5410", element="f.2695C4A75EE4F5FD755F2D8EC04D1984.d.123E6AA563C43344A94CD373181D4779.e.338")&gt;'.</msg>
<arg>${iframe1}</arg>
<doc>Sets frame identified by ``locator`` as the current frame.</doc>
<status status="PASS" start="2025-02-09T00:23:54.649761" elapsed="0.014715"/>
</kw>
<msg time="2025-02-09T00:23:54.664476" level="INFO">${selecting_frame1} = True</msg>
<var>${selecting_frame1}</var>
<arg>select frame</arg>
<arg>${iframe1}</arg>
<doc>Runs the given keyword with given arguments and returns the status as a Boolean value.</doc>
<status status="PASS" start="2025-02-09T00:23:54.649761" elapsed="0.014715"/>
</kw>
<kw name="Get WebElements" owner="SeleniumLibrary">
<msg time="2025-02-09T00:23:54.671143" level="INFO">${iframes2} = []</msg>
<var>${iframes2}</var>
<arg>${misc_details}[ad_iframe]</arg>
<doc>Returns a list of WebElement objects matching the ``locator``.</doc>
<status status="PASS" start="2025-02-09T00:23:54.664476" elapsed="0.006667"/>
</kw>
<for flavor="IN">
<iter>
<kw name="Log" owner="BuiltIn">
<arg>iframe level2 detected: ${iframe2}</arg>
<doc>Logs the given message with the given level.</doc>
<status status="NOT RUN" start="2025-02-09T00:23:54.672167" elapsed="0.000000"/>
</kw>
<kw name="Run Keyword And Return Status" owner="BuiltIn">
<var>${selecting_frame2}</var>
<arg>select frame</arg>
<arg>${iframe2}</arg>
<doc>Runs the given keyword with given arguments and returns the status as a Boolean value.</doc>
<status status="NOT RUN" start="2025-02-09T00:23:54.672167" elapsed="0.000000"/>
</kw>
<kw name="Get WebElements" owner="SeleniumLibrary">
<var>${iframes3}</var>
<arg>${misc_details}[ad_iframe]</arg>
<doc>Returns a list of WebElement objects matching the ``locator``.</doc>
<status status="NOT RUN" start="2025-02-09T00:23:54.672167" elapsed="0.000000"/>
</kw>
<for flavor="IN">
<iter>
<kw name="Log" owner="BuiltIn">
<arg>iframe level3 detected: ${iframe3}</arg>
<doc>Logs the given message with the given level.</doc>
<status status="NOT RUN" start="2025-02-09T00:23:54.672167" elapsed="0.000000"/>
</kw>
<kw name="Run Keyword And Return Status" owner="BuiltIn">
<var>${selecting_frame3}</var>
<arg>select frame</arg>
<arg>${iframe3}</arg>
<doc>Runs the given keyword with given arguments and returns the status as a Boolean value.</doc>
<status status="NOT RUN" start="2025-02-09T00:23:54.672167" elapsed="0.000000"/>
</kw>
<kw name="Search for the Dismiss Button within the iFrame" owner="Misc">
<var>${button_found}</var>
<arg>level3</arg>
<doc>Helper Keyword for searching the dismiss button</doc>
<status status="NOT RUN" start="2025-02-09T00:23:54.672167" elapsed="0.000000"/>
</kw>
<kw name="Run Keyword And Return Status" owner="BuiltIn">
<var>${selecting_frame1}</var>
<arg>select frame</arg>
<arg>${iframe1}</arg>
<doc>Runs the given keyword with given arguments and returns the status as a Boolean value.</doc>
<status status="NOT RUN" start="2025-02-09T00:23:54.673688" elapsed="0.000000"/>
</kw>
<kw name="Run Keyword And Return Status" owner="BuiltIn">
<var>${selecting_frame2}</var>
<arg>select frame</arg>
<arg>${iframe2}</arg>
<doc>Runs the given keyword with given arguments and returns the status as a Boolean value.</doc>
<status status="NOT RUN" start="2025-02-09T00:23:54.673688" elapsed="0.000000"/>
</kw>
<var name="${iframe3}"/>
<status status="NOT RUN" start="2025-02-09T00:23:54.672167" elapsed="0.001521"/>
</iter>
<var>${iframe3}</var>
<value>@{iframes3}</value>
<status status="NOT RUN" start="2025-02-09T00:23:54.672167" elapsed="0.001521"/>
</for>
<kw name="Search for the Dismiss Button within the iFrame" owner="Misc">
<var>${button_found}</var>
<arg>level2</arg>
<doc>Helper Keyword for searching the dismiss button</doc>
<status status="NOT RUN" start="2025-02-09T00:23:54.673688" elapsed="0.000000"/>
</kw>
<kw name="Run Keyword And Return Status" owner="BuiltIn">
<var>${selecting_frame1}</var>
<arg>select frame</arg>
<arg>${iframe1}</arg>
<doc>Runs the given keyword with given arguments and returns the status as a Boolean value.</doc>
<status status="NOT RUN" start="2025-02-09T00:23:54.673688" elapsed="0.000000"/>
</kw>
<var name="${iframe2}"/>
<status status="NOT RUN" start="2025-02-09T00:23:54.672167" elapsed="0.001521"/>
</iter>
<var>${iframe2}</var>
<value>@{iframes2}</value>
<status status="NOT RUN" start="2025-02-09T00:23:54.671143" elapsed="0.002545"/>
</for>
<kw name="Run Keyword And Return Status" owner="BuiltIn">
<kw name="Search for the Dismiss Button within the iFrame" owner="Misc">
<kw name="Run Keyword And Return Status" owner="BuiltIn">
<kw name="Page Should Contain Button" owner="SeleniumLibrary">
<msg time="2025-02-09T00:23:54.839991" level="INFO" html="true">&lt;/td&gt;&lt;/tr&gt;&lt;tr&gt;&lt;td colspan="3"&gt;&lt;a href="selenium-screenshot-3.png"&gt;&lt;img src="selenium-screenshot-3.png" width="800px"&gt;&lt;/a&gt;</msg>
<msg time="2025-02-09T00:23:54.839991" level="FAIL">Page should have contained button 'xpath=//*[@id="dismiss-button"]' but did not.</msg>
<arg>${misc_details}[dismiss_button]</arg>
<doc>Verifies button ``locator`` is found from current page.</doc>
<status status="FAIL" start="2025-02-09T00:23:54.674720" elapsed="0.166304">Page should have contained button 'xpath=//*[@id="dismiss-button"]' but did not.</status>
</kw>
<msg time="2025-02-09T00:23:54.841024" level="INFO">${button_found} = False</msg>
<var>${button_found}</var>
<arg>page should contain button</arg>
<arg>${misc_details}[dismiss_button]</arg>
<doc>Runs the given keyword with given arguments and returns the status as a Boolean value.</doc>
<status status="PASS" start="2025-02-09T00:23:54.674720" elapsed="0.166304"/>
</kw>
<if>
<branch type="IF" condition="${button_found}">
<kw name="Run Keyword And Return Status" owner="BuiltIn">
<var>${element_clicked}</var>
<arg>Dismiss ads via Click element</arg>
<arg>${frame_level}</arg>
<doc>Runs the given keyword with given arguments and returns the status as a Boolean value.</doc>
<status status="NOT RUN" start="2025-02-09T00:23:54.841024" elapsed="0.000000"/>
</kw>
<status status="NOT RUN" start="2025-02-09T00:23:54.841024" elapsed="0.000000"/>
</branch>
<status status="PASS" start="2025-02-09T00:23:54.841024" elapsed="0.001018"/>
</if>
<kw name="Unselect Frame" owner="SeleniumLibrary">
<doc>Sets the main frame as the current frame.</doc>
<status status="PASS" start="2025-02-09T00:23:54.842042" elapsed="0.002514"/>
</kw>
<return>
<value>${button_found}</value>
<status status="PASS" start="2025-02-09T00:23:54.844556" elapsed="0.000000"/>
</return>
<arg>level1</arg>
<doc>Helper Keyword for searching the dismiss button</doc>
<status status="PASS" start="2025-02-09T00:23:54.674720" elapsed="0.169836"/>
</kw>
<msg time="2025-02-09T00:23:54.844556" level="INFO">${button_found} = True</msg>
<var>${button_found}</var>
<arg>Search for the Dismiss Button within the iFrame</arg>
<arg>level1</arg>
<doc>Runs the given keyword with given arguments and returns the status as a Boolean value.</doc>
<status status="PASS" start="2025-02-09T00:23:54.673688" elapsed="0.170868"/>
</kw>
<var name="${iframe1}">&lt;selenium.webdriver.remote.webelement.WebElement (session="a9c62ae3aead6b938912baf6ec9c5410", element="f.2695C4A75EE4F5FD755F2D8EC04D1984.d.123E6AA563C43344A94CD373181D4779.e.338")&gt;</var>
<status status="PASS" start="2025-02-09T00:23:54.647209" elapsed="0.197347"/>
</iter>
<var>${iframe1}</var>
<value>@{iframes1}</value>
<status status="PASS" start="2025-02-09T00:23:54.422857" elapsed="0.421699"/>
</for>
<doc>Dismiss iFrame Ads</doc>
<status status="PASS" start="2025-02-09T00:23:54.410114" elapsed="0.434442"/>
</kw>
<status status="PASS" start="2025-02-09T00:23:48.867955" elapsed="5.976601"/>
</kw>
<kw name="Try to locate text" owner="Misc">
<kw name="Set Local Variable" owner="BuiltIn">
<msg time="2025-02-09T00:23:54.846612" level="INFO">${locator_to_be_found} = True</msg>
<arg>${locator_to_be_found}</arg>
<arg>${True}</arg>
<doc>Makes a variable available everywhere within the local scope.</doc>
<status status="PASS" start="2025-02-09T00:23:54.845596" elapsed="0.001016"/>
</kw>
<while condition="${locator_to_be_found}" limit="3">
<iter>
<try>
<branch type="TRY">
<kw name="Page Should Contain" owner="SeleniumLibrary">
<msg time="2025-02-09T00:23:54.859946" level="INFO">Current page contains text 'Automation Exercise'.</msg>
<arg>${locator}</arg>
<doc>Verifies that current page contains ``text``.</doc>
<status status="PASS" start="2025-02-09T00:23:54.846612" elapsed="0.014359"/>
</kw>
<kw name="Set Local Variable" owner="BuiltIn">
<msg time="2025-02-09T00:23:54.860971" level="INFO">${locator_to_be_found} = False</msg>
<arg>${locator_to_be_found}</arg>
<arg>${False}</arg>
<doc>Makes a variable available everywhere within the local scope.</doc>
<status status="PASS" start="2025-02-09T00:23:54.860971" elapsed="0.000000"/>
</kw>
<status status="PASS" start="2025-02-09T00:23:54.846612" elapsed="0.014359"/>
</branch>
<branch type="EXCEPT">
<kw name="Log" owner="BuiltIn">
<arg>element ${locator} not found</arg>
<doc>Logs the given message with the given level.</doc>
<status status="NOT RUN" start="2025-02-09T00:23:54.860971" elapsed="0.000000"/>
</kw>
<kw name="Consent to cookies and Dismiss Alarms" owner="Misc">
<status status="NOT RUN" start="2025-02-09T00:23:54.861994" elapsed="0.000000"/>
</kw>
<kw name="Pause Execution" owner="Dialogs">
<arg>Try to locate text</arg>
<doc>Pauses execution until user clicks ``Ok`` button.</doc>
<status status="NOT RUN" start="2025-02-09T00:23:54.861994" elapsed="0.000000"/>
</kw>
<status status="NOT RUN" start="2025-02-09T00:23:54.860971" elapsed="0.001023"/>
</branch>
<status status="PASS" start="2025-02-09T00:23:54.846612" elapsed="0.015382"/>
</try>
<status status="PASS" start="2025-02-09T00:23:54.846612" elapsed="0.015382"/>
</iter>
<status status="PASS" start="2025-02-09T00:23:54.846612" elapsed="0.015382"/>
</while>
<arg>${landing_page_details}[landing_page_txt]</arg>
<doc>Helper Keyword for interracting with elements that might not be visible due to overlayed windows/dialogs</doc>
<status status="PASS" start="2025-02-09T00:23:54.845596" elapsed="0.016398"/>
</kw>
<doc>Verify that the landing page is loaded</doc>
<status status="PASS" start="2025-02-09T00:23:48.866923" elapsed="5.995071"/>
</kw>
<status status="PASS" start="2025-02-09T00:23:39.090355" elapsed="15.771639"/>
</kw>
<kw name="Access Login/Signup" owner="LandingPage">
<kw name="Click Login/SignUp" owner="LandingPage">
<kw name="Click Element" owner="SeleniumLibrary">
<msg time="2025-02-09T00:23:54.863324" level="INFO">Clicking element 'xpath=//a[contains(text(),'Signup / Login')]'.</msg>
<arg>${landing_page_details}[signup_login_btn]</arg>
<doc>Click the element identified by ``locator``.</doc>
<status status="PASS" start="2025-02-09T00:23:54.863324" elapsed="1.333422"/>
</kw>
<doc>Click on the Login/SignUp button</doc>
<status status="PASS" start="2025-02-09T00:23:54.861994" elapsed="1.334752"/>
</kw>
<status status="PASS" start="2025-02-09T00:23:54.861994" elapsed="1.334752"/>
</kw>
<status status="PASS" start="2025-02-09T00:23:39.090355" elapsed="17.106391"/>
</kw>
<kw name="Navigate To Signup Details Page" owner="RegisterUserActions">
<kw name="Enter Details and Click SignUp" owner="LoginSignupPage">
<kw name="Verify the SignUp Page" owner="LoginSignupPage">
<kw name="Consent to cookies and Dismiss Alarms" owner="Misc">
<kw name="Sleep" owner="BuiltIn">
<msg time="2025-02-09T00:23:58.197017" level="INFO">Slept 2 seconds.</msg>
<arg>2</arg>
<doc>Pauses the test executed for the given time.</doc>
<status status="PASS" start="2025-02-09T00:23:56.196746" elapsed="2.000271"/>
</kw>
<kw name="Check Web Server Error" owner="Misc">
<kw name="Run Keyword And Return Status" owner="BuiltIn">
<kw name="Page Should Contain" owner="SeleniumLibrary">
<msg time="2025-02-09T00:23:58.199093" level="FAIL">Variable '${web_server_error_txt}' not found.</msg>
<arg>${web_server_error_txt}</arg>
<doc>Verifies that current page contains ``text``.</doc>
<status status="FAIL" start="2025-02-09T00:23:58.198083" elapsed="0.001010">Variable '${web_server_error_txt}' not found.</status>
</kw>
<msg time="2025-02-09T00:23:58.199093" level="INFO">${web_server_error_txt} = False</msg>
<var>${web_server_error_txt}</var>
<arg>page should contain</arg>
<arg>${web_server_error_txt}</arg>
<doc>Runs the given keyword with given arguments and returns the status as a Boolean value.</doc>
<status status="PASS" start="2025-02-09T00:23:58.198083" elapsed="0.001010"/>
</kw>
<if>
<branch type="IF" condition="${web_server_error_txt}">
<kw name="Log" owner="BuiltIn">
<arg>reloading page</arg>
<doc>Logs the given message with the given level.</doc>
<status status="NOT RUN" start="2025-02-09T00:23:58.199093" elapsed="0.000000"/>
</kw>
<kw name="Reload Page" owner="SeleniumLibrary">
<doc>Simulates user reloading page.</doc>
<status status="NOT RUN" start="2025-02-09T00:23:58.199093" elapsed="0.000000"/>
</kw>
<status status="NOT RUN" start="2025-02-09T00:23:58.199093" elapsed="0.000000"/>
</branch>
<status status="PASS" start="2025-02-09T00:23:58.199093" elapsed="0.000000"/>
</if>
<status status="PASS" start="2025-02-09T00:23:58.197017" elapsed="0.002076"/>
</kw>
<kw name="Consent to cookies" owner="Misc">
<kw name="Run Keyword And Return Status" owner="BuiltIn">
<kw name="Element Should Be Visible" owner="SeleniumLibrary">
<msg time="2025-02-09T00:23:58.344656" level="INFO" html="true">&lt;/td&gt;&lt;/tr&gt;&lt;tr&gt;&lt;td colspan="3"&gt;&lt;a href="selenium-screenshot-4.png"&gt;&lt;img src="selenium-screenshot-4.png" width="800px"&gt;&lt;/a&gt;</msg>
<msg time="2025-02-09T00:23:58.344656" level="FAIL">Element with locator 'class=fc-cta-consent' not found.</msg>
<arg>${misc_details}[consent_btn]</arg>
<doc>Verifies that the element identified by ``locator`` is visible.</doc>
<status status="FAIL" start="2025-02-09T00:23:58.200099" elapsed="0.145573">Element with locator 'class=fc-cta-consent' not found.</status>
</kw>
<msg time="2025-02-09T00:23:58.345672" level="INFO">${cookies_window} = False</msg>
<var>${cookies_window}</var>
<arg>element should be visible</arg>
<arg>${misc_details}[consent_btn]</arg>
<doc>Runs the given keyword with given arguments and returns the status as a Boolean value.</doc>
<status status="PASS" start="2025-02-09T00:23:58.199093" elapsed="0.146579"/>
</kw>
<if>
<branch type="IF" condition="${cookies_window}">
<kw name="Log" owner="BuiltIn">
<arg>Cookies are visible</arg>
<doc>Logs the given message with the given level.</doc>
<status status="NOT RUN" start="2025-02-09T00:23:58.346677" elapsed="0.000000"/>
</kw>
<kw name="Click Button" owner="SeleniumLibrary">
<arg>${misc_details}[consent_btn]</arg>
<doc>Clicks the button identified by ``locator``.</doc>
<status status="NOT RUN" start="2025-02-09T00:23:58.346677" elapsed="0.000000"/>
</kw>
<status status="NOT RUN" start="2025-02-09T00:23:58.345672" elapsed="0.001005"/>
</branch>
<branch type="ELSE">
<kw name="Log" owner="BuiltIn">
<msg time="2025-02-09T00:23:58.346677" level="INFO">Cookies not visible</msg>
<arg>Cookies not visible</arg>
<doc>Logs the given message with the given level.</doc>
<status status="PASS" start="2025-02-09T00:23:58.346677" elapsed="0.000000"/>
</kw>
<status status="PASS" start="2025-02-09T00:23:58.346677" elapsed="0.000000"/>
</branch>
<status status="PASS" start="2025-02-09T00:23:58.345672" elapsed="0.001005"/>
</if>
<doc>Click on consent button for cookies</doc>
<status status="PASS" start="2025-02-09T00:23:58.199093" elapsed="0.147584"/>
</kw>
<kw name="Dismiss Alarms" owner="Misc">
<kw name="Run Keyword And Return Status" owner="BuiltIn">
<kw name="Handle Alert" owner="SeleniumLibrary">
<msg time="2025-02-09T00:23:58.347681" level="INFO">HANDLE::&lt;class 'datetime.timedelta'&gt;::0:00:03</msg>
<msg time="2025-02-09T00:24:01.501948" level="INFO" html="true">&lt;/td&gt;&lt;/tr&gt;&lt;tr&gt;&lt;td colspan="3"&gt;&lt;a href="selenium-screenshot-5.png"&gt;&lt;img src="selenium-screenshot-5.png" width="800px"&gt;&lt;/a&gt;</msg>
<msg time="2025-02-09T00:24:01.501948" level="FAIL">Alert not found in 3 seconds.</msg>
<arg>LEAVE</arg>
<arg>3</arg>
<doc>Handles the current alert and returns its message.</doc>
<status status="FAIL" start="2025-02-09T00:23:58.347681" elapsed="3.155428">Alert not found in 3 seconds.</status>
</kw>
<msg time="2025-02-09T00:24:01.503109" level="INFO">${alert_window} = False</msg>
<var>${alert_window}</var>
<arg>handle alert</arg>
<arg>LEAVE</arg>
<arg>3</arg>
<doc>Runs the given keyword with given arguments and returns the status as a Boolean value.</doc>
<status status="PASS" start="2025-02-09T00:23:58.347681" elapsed="3.155428"/>
</kw>
<if>
<branch type="IF" condition="${alert_window}">
<kw name="Log" owner="BuiltIn">
<arg>Alert window present</arg>
<doc>Logs the given message with the given level.</doc>
<status status="NOT RUN" start="2025-02-09T00:24:01.503629" elapsed="0.000000"/>
</kw>
<kw name="Handle Alert" owner="SeleniumLibrary">
<arg>DISMISS</arg>
<doc>Handles the current alert and returns its message.</doc>
<status status="NOT RUN" start="2025-02-09T00:24:01.503629" elapsed="0.000000"/>
</kw>
<status status="NOT RUN" start="2025-02-09T00:24:01.503109" elapsed="0.000520"/>
</branch>
<branch type="ELSE">
<kw name="Log" owner="BuiltIn">
<msg time="2025-02-09T00:24:01.503629" level="INFO">Alert window not present</msg>
<arg>Alert window not present</arg>
<doc>Logs the given message with the given level.</doc>
<status status="PASS" start="2025-02-09T00:24:01.503629" elapsed="0.000000"/>
</kw>
<status status="PASS" start="2025-02-09T00:24:01.503629" elapsed="0.000000"/>
</branch>
<status status="PASS" start="2025-02-09T00:24:01.503109" elapsed="0.000520"/>
</if>
<doc>Dismiss Alarm popups</doc>
<status status="PASS" start="2025-02-09T00:23:58.346677" elapsed="3.156952"/>
</kw>
<kw name="Dismiss iFrame Ads" owner="Misc">
<kw name="Get WebElements" owner="SeleniumLibrary">
<msg time="2025-02-09T00:24:01.511244" level="INFO">${iframes1} = [&lt;selenium.webdriver.remote.webelement.WebElement (session="a9c62ae3aead6b938912baf6ec9c5410", element="f.2695C4A75EE4F5FD755F2D8EC04D1984.d.CA9E8FC39AC98150CE7FC820D0A4B6DB.e.362")&gt;, &lt;selenium.webdri...</msg>
<var>${iframes1}</var>
<arg>${misc_details}[ad_iframe]</arg>
<doc>Returns a list of WebElement objects matching the ``locator``.</doc>
<status status="PASS" start="2025-02-09T00:24:01.503629" elapsed="0.007615"/>
</kw>
<for flavor="IN">
<iter>
<kw name="Unselect Frame" owner="SeleniumLibrary">
<doc>Sets the main frame as the current frame.</doc>
<status status="PASS" start="2025-02-09T00:24:01.511244" elapsed="0.002524"/>
</kw>
<kw name="Log" owner="BuiltIn">
<msg time="2025-02-09T00:24:01.514803" level="INFO">iframe level1 detected: &lt;selenium.webdriver.remote.webelement.WebElement (session="a9c62ae3aead6b938912baf6ec9c5410", element="f.2695C4A75EE4F5FD755F2D8EC04D1984.d.CA9E8FC39AC98150CE7FC820D0A4B6DB.e.362")&gt;</msg>
<arg>iframe level1 detected: ${iframe1}</arg>
<doc>Logs the given message with the given level.</doc>
<status status="PASS" start="2025-02-09T00:24:01.513768" elapsed="0.001035"/>
</kw>
<kw name="Run Keyword And Return Status" owner="BuiltIn">
<kw name="Select Frame" owner="SeleniumLibrary">
<msg time="2025-02-09T00:24:01.515309" level="INFO">Selecting frame '&lt;selenium.webdriver.remote.webelement.WebElement (session="a9c62ae3aead6b938912baf6ec9c5410", element="f.2695C4A75EE4F5FD755F2D8EC04D1984.d.CA9E8FC39AC98150CE7FC820D0A4B6DB.e.362")&gt;'.</msg>
<arg>${iframe1}</arg>
<doc>Sets frame identified by ``locator`` as the current frame.</doc>
<status status="PASS" start="2025-02-09T00:24:01.515309" elapsed="0.014790"/>
</kw>
<msg time="2025-02-09T00:24:01.530099" level="INFO">${selecting_frame1} = True</msg>
<var>${selecting_frame1}</var>
<arg>select frame</arg>
<arg>${iframe1}</arg>
<doc>Runs the given keyword with given arguments and returns the status as a Boolean value.</doc>
<status status="PASS" start="2025-02-09T00:24:01.514803" elapsed="0.015296"/>
</kw>
<kw name="Get WebElements" owner="SeleniumLibrary">
<msg time="2025-02-09T00:24:01.536935" level="INFO">${iframes2} = []</msg>
<var>${iframes2}</var>
<arg>${misc_details}[ad_iframe]</arg>
<doc>Returns a list of WebElement objects matching the ``locator``.</doc>
<status status="PASS" start="2025-02-09T00:24:01.530099" elapsed="0.006836"/>
</kw>
<for flavor="IN">
<iter>
<kw name="Log" owner="BuiltIn">
<arg>iframe level2 detected: ${iframe2}</arg>
<doc>Logs the given message with the given level.</doc>
<status status="NOT RUN" start="2025-02-09T00:24:01.537948" elapsed="0.000000"/>
</kw>
<kw name="Run Keyword And Return Status" owner="BuiltIn">
<var>${selecting_frame2}</var>
<arg>select frame</arg>
<arg>${iframe2}</arg>
<doc>Runs the given keyword with given arguments and returns the status as a Boolean value.</doc>
<status status="NOT RUN" start="2025-02-09T00:24:01.537948" elapsed="0.000000"/>
</kw>
<kw name="Get WebElements" owner="SeleniumLibrary">
<var>${iframes3}</var>
<arg>${misc_details}[ad_iframe]</arg>
<doc>Returns a list of WebElement objects matching the ``locator``.</doc>
<status status="NOT RUN" start="2025-02-09T00:24:01.537948" elapsed="0.000000"/>
</kw>
<for flavor="IN">
<iter>
<kw name="Log" owner="BuiltIn">
<arg>iframe level3 detected: ${iframe3}</arg>
<doc>Logs the given message with the given level.</doc>
<status status="NOT RUN" start="2025-02-09T00:24:01.537948" elapsed="0.000000"/>
</kw>
<kw name="Run Keyword And Return Status" owner="BuiltIn">
<var>${selecting_frame3}</var>
<arg>select frame</arg>
<arg>${iframe3}</arg>
<doc>Runs the given keyword with given arguments and returns the status as a Boolean value.</doc>
<status status="NOT RUN" start="2025-02-09T00:24:01.537948" elapsed="0.000000"/>
</kw>
<kw name="Search for the Dismiss Button within the iFrame" owner="Misc">
<var>${button_found}</var>
<arg>level3</arg>
<doc>Helper Keyword for searching the dismiss button</doc>
<status status="NOT RUN" start="2025-02-09T00:24:01.538961" elapsed="0.000000"/>
</kw>
<kw name="Run Keyword And Return Status" owner="BuiltIn">
<var>${selecting_frame1}</var>
<arg>select frame</arg>
<arg>${iframe1}</arg>
<doc>Runs the given keyword with given arguments and returns the status as a Boolean value.</doc>
<status status="NOT RUN" start="2025-02-09T00:24:01.538961" elapsed="0.000000"/>
</kw>
<kw name="Run Keyword And Return Status" owner="BuiltIn">
<var>${selecting_frame2}</var>
<arg>select frame</arg>
<arg>${iframe2}</arg>
<doc>Runs the given keyword with given arguments and returns the status as a Boolean value.</doc>
<status status="NOT RUN" start="2025-02-09T00:24:01.538961" elapsed="0.000000"/>
</kw>
<var name="${iframe3}"/>
<status status="NOT RUN" start="2025-02-09T00:24:01.537948" elapsed="0.001013"/>
</iter>
<var>${iframe3}</var>
<value>@{iframes3}</value>
<status status="NOT RUN" start="2025-02-09T00:24:01.537948" elapsed="0.001013"/>
</for>
<kw name="Search for the Dismiss Button within the iFrame" owner="Misc">
<var>${button_found}</var>
<arg>level2</arg>
<doc>Helper Keyword for searching the dismiss button</doc>
<status status="NOT RUN" start="2025-02-09T00:24:01.538961" elapsed="0.000000"/>
</kw>
<kw name="Run Keyword And Return Status" owner="BuiltIn">
<var>${selecting_frame1}</var>
<arg>select frame</arg>
<arg>${iframe1}</arg>
<doc>Runs the given keyword with given arguments and returns the status as a Boolean value.</doc>
<status status="NOT RUN" start="2025-02-09T00:24:01.538961" elapsed="0.000000"/>
</kw>
<var name="${iframe2}"/>
<status status="NOT RUN" start="2025-02-09T00:24:01.537948" elapsed="0.001013"/>
</iter>
<var>${iframe2}</var>
<value>@{iframes2}</value>
<status status="NOT RUN" start="2025-02-09T00:24:01.536935" elapsed="0.002026"/>
</for>
<kw name="Run Keyword And Return Status" owner="BuiltIn">
<kw name="Search for the Dismiss Button within the iFrame" owner="Misc">
<kw name="Run Keyword And Return Status" owner="BuiltIn">
<kw name="Page Should Contain Button" owner="SeleniumLibrary">
<msg time="2025-02-09T00:24:01.665690" level="INFO" html="true">&lt;/td&gt;&lt;/tr&gt;&lt;tr&gt;&lt;td colspan="3"&gt;&lt;a href="selenium-screenshot-6.png"&gt;&lt;img src="selenium-screenshot-6.png" width="800px"&gt;&lt;/a&gt;</msg>
<msg time="2025-02-09T00:24:01.665690" level="FAIL">Page should have contained button 'xpath=//*[@id="dismiss-button"]' but did not.</msg>
<arg>${misc_details}[dismiss_button]</arg>
<doc>Verifies button ``locator`` is found from current page.</doc>
<status status="FAIL" start="2025-02-09T00:24:01.540007" elapsed="0.125683">Page should have contained button 'xpath=//*[@id="dismiss-button"]' but did not.</status>
</kw>
<msg time="2025-02-09T00:24:01.665690" level="INFO">${button_found} = False</msg>
<var>${button_found}</var>
<arg>page should contain button</arg>
<arg>${misc_details}[dismiss_button]</arg>
<doc>Runs the given keyword with given arguments and returns the status as a Boolean value.</doc>
<status status="PASS" start="2025-02-09T00:24:01.540007" elapsed="0.125683"/>
</kw>
<if>
<branch type="IF" condition="${button_found}">
<kw name="Run Keyword And Return Status" owner="BuiltIn">
<var>${element_clicked}</var>
<arg>Dismiss ads via Click element</arg>
<arg>${frame_level}</arg>
<doc>Runs the given keyword with given arguments and returns the status as a Boolean value.</doc>
<status status="NOT RUN" start="2025-02-09T00:24:01.666710" elapsed="0.000000"/>
</kw>
<status status="NOT RUN" start="2025-02-09T00:24:01.665690" elapsed="0.001020"/>
</branch>
<status status="PASS" start="2025-02-09T00:24:01.665690" elapsed="0.001020"/>
</if>
<kw name="Unselect Frame" owner="SeleniumLibrary">
<doc>Sets the main frame as the current frame.</doc>
<status status="PASS" start="2025-02-09T00:24:01.666710" elapsed="0.002042"/>
</kw>
<return>
<value>${button_found}</value>
<status status="PASS" start="2025-02-09T00:24:01.668752" elapsed="0.001014"/>
</return>
<arg>level1</arg>
<doc>Helper Keyword for searching the dismiss button</doc>
<status status="PASS" start="2025-02-09T00:24:01.540007" elapsed="0.129759"/>
</kw>
<msg time="2025-02-09T00:24:01.669766" level="INFO">${button_found} = True</msg>
<var>${button_found}</var>
<arg>Search for the Dismiss Button within the iFrame</arg>
<arg>level1</arg>
<doc>Runs the given keyword with given arguments and returns the status as a Boolean value.</doc>
<status status="PASS" start="2025-02-09T00:24:01.538961" elapsed="0.130805"/>
</kw>
<var name="${iframe1}">&lt;selenium.webdriver.remote.webelement.WebElement (session="a9c62ae3aead6b938912baf6ec9c5410", element="f.2695C4A75EE4F5FD755F2D8EC04D1984.d.CA9E8FC39AC98150CE7FC820D0A4B6DB.e.362")&gt;</var>
<status status="PASS" start="2025-02-09T00:24:01.511244" elapsed="0.158522"/>
</iter>
<iter>
<kw name="Unselect Frame" owner="SeleniumLibrary">
<doc>Sets the main frame as the current frame.</doc>
<status status="PASS" start="2025-02-09T00:24:01.669766" elapsed="0.002035"/>
</kw>
<kw name="Log" owner="BuiltIn">
<msg time="2025-02-09T00:24:01.671801" level="INFO">iframe level1 detected: &lt;selenium.webdriver.remote.webelement.WebElement (session="a9c62ae3aead6b938912baf6ec9c5410", element="f.2695C4A75EE4F5FD755F2D8EC04D1984.d.CA9E8FC39AC98150CE7FC820D0A4B6DB.e.363")&gt;</msg>
<arg>iframe level1 detected: ${iframe1}</arg>
<doc>Logs the given message with the given level.</doc>
<status status="PASS" start="2025-02-09T00:24:01.671801" elapsed="0.000000"/>
</kw>
<kw name="Run Keyword And Return Status" owner="BuiltIn">
<kw name="Select Frame" owner="SeleniumLibrary">
<msg time="2025-02-09T00:24:01.672824" level="INFO">Selecting frame '&lt;selenium.webdriver.remote.webelement.WebElement (session="a9c62ae3aead6b938912baf6ec9c5410", element="f.2695C4A75EE4F5FD755F2D8EC04D1984.d.CA9E8FC39AC98150CE7FC820D0A4B6DB.e.363")&gt;'.</msg>
<arg>${iframe1}</arg>
<doc>Sets frame identified by ``locator`` as the current frame.</doc>
<status status="PASS" start="2025-02-09T00:24:01.672824" elapsed="0.013710"/>
</kw>
<msg time="2025-02-09T00:24:01.687658" level="INFO">${selecting_frame1} = True</msg>
<var>${selecting_frame1}</var>
<arg>select frame</arg>
<arg>${iframe1}</arg>
<doc>Runs the given keyword with given arguments and returns the status as a Boolean value.</doc>
<status status="PASS" start="2025-02-09T00:24:01.672824" elapsed="0.014834"/>
</kw>
<kw name="Get WebElements" owner="SeleniumLibrary">
<msg time="2025-02-09T00:24:01.693088" level="INFO">${iframes2} = []</msg>
<var>${iframes2}</var>
<arg>${misc_details}[ad_iframe]</arg>
<doc>Returns a list of WebElement objects matching the ``locator``.</doc>
<status status="PASS" start="2025-02-09T00:24:01.687658" elapsed="0.005430"/>
</kw>
<for flavor="IN">
<iter>
<kw name="Log" owner="BuiltIn">
<arg>iframe level2 detected: ${iframe2}</arg>
<doc>Logs the given message with the given level.</doc>
<status status="NOT RUN" start="2025-02-09T00:24:01.693615" elapsed="0.000000"/>
</kw>
<kw name="Run Keyword And Return Status" owner="BuiltIn">
<var>${selecting_frame2}</var>
<arg>select frame</arg>
<arg>${iframe2}</arg>
<doc>Runs the given keyword with given arguments and returns the status as a Boolean value.</doc>
<status status="NOT RUN" start="2025-02-09T00:24:01.693615" elapsed="0.000000"/>
</kw>
<kw name="Get WebElements" owner="SeleniumLibrary">
<var>${iframes3}</var>
<arg>${misc_details}[ad_iframe]</arg>
<doc>Returns a list of WebElement objects matching the ``locator``.</doc>
<status status="NOT RUN" start="2025-02-09T00:24:01.693615" elapsed="0.000000"/>
</kw>
<for flavor="IN">
<iter>
<kw name="Log" owner="BuiltIn">
<arg>iframe level3 detected: ${iframe3}</arg>
<doc>Logs the given message with the given level.</doc>
<status status="NOT RUN" start="2025-02-09T00:24:01.693615" elapsed="0.000000"/>
</kw>
<kw name="Run Keyword And Return Status" owner="BuiltIn">
<var>${selecting_frame3}</var>
<arg>select frame</arg>
<arg>${iframe3}</arg>
<doc>Runs the given keyword with given arguments and returns the status as a Boolean value.</doc>
<status status="NOT RUN" start="2025-02-09T00:24:01.693615" elapsed="0.000000"/>
</kw>
<kw name="Search for the Dismiss Button within the iFrame" owner="Misc">
<var>${button_found}</var>
<arg>level3</arg>
<doc>Helper Keyword for searching the dismiss button</doc>
<status status="NOT RUN" start="2025-02-09T00:24:01.693615" elapsed="0.001031"/>
</kw>
<kw name="Run Keyword And Return Status" owner="BuiltIn">
<var>${selecting_frame1}</var>
<arg>select frame</arg>
<arg>${iframe1}</arg>
<doc>Runs the given keyword with given arguments and returns the status as a Boolean value.</doc>
<status status="NOT RUN" start="2025-02-09T00:24:01.694646" elapsed="0.000000"/>
</kw>
<kw name="Run Keyword And Return Status" owner="BuiltIn">
<var>${selecting_frame2}</var>
<arg>select frame</arg>
<arg>${iframe2}</arg>
<doc>Runs the given keyword with given arguments and returns the status as a Boolean value.</doc>
<status status="NOT RUN" start="2025-02-09T00:24:01.694646" elapsed="0.000000"/>
</kw>
<var name="${iframe3}"/>
<status status="NOT RUN" start="2025-02-09T00:24:01.693615" elapsed="0.001031"/>
</iter>
<var>${iframe3}</var>
<value>@{iframes3}</value>
<status status="NOT RUN" start="2025-02-09T00:24:01.693615" elapsed="0.001031"/>
</for>
<kw name="Search for the Dismiss Button within the iFrame" owner="Misc">
<var>${button_found}</var>
<arg>level2</arg>
<doc>Helper Keyword for searching the dismiss button</doc>
<status status="NOT RUN" start="2025-02-09T00:24:01.695154" elapsed="0.000000"/>
</kw>
<kw name="Run Keyword And Return Status" owner="BuiltIn">
<var>${selecting_frame1}</var>
<arg>select frame</arg>
<arg>${iframe1}</arg>
<doc>Runs the given keyword with given arguments and returns the status as a Boolean value.</doc>
<status status="NOT RUN" start="2025-02-09T00:24:01.695154" elapsed="0.000000"/>
</kw>
<var name="${iframe2}"/>
<status status="NOT RUN" start="2025-02-09T00:24:01.693615" elapsed="0.001539"/>
</iter>
<var>${iframe2}</var>
<value>@{iframes2}</value>
<status status="NOT RUN" start="2025-02-09T00:24:01.693088" elapsed="0.002066"/>
</for>
<kw name="Run Keyword And Return Status" owner="BuiltIn">
<kw name="Search for the Dismiss Button within the iFrame" owner="Misc">
<kw name="Run Keyword And Return Status" owner="BuiltIn">
<kw name="Page Should Contain Button" owner="SeleniumLibrary">
<msg time="2025-02-09T00:24:01.819384" level="INFO" html="true">&lt;/td&gt;&lt;/tr&gt;&lt;tr&gt;&lt;td colspan="3"&gt;&lt;a href="selenium-screenshot-7.png"&gt;&lt;img src="selenium-screenshot-7.png" width="800px"&gt;&lt;/a&gt;</msg>
<msg time="2025-02-09T00:24:01.819384" level="FAIL">Page should have contained button 'xpath=//*[@id="dismiss-button"]' but did not.</msg>
<arg>${misc_details}[dismiss_button]</arg>
<doc>Verifies button ``locator`` is found from current page.</doc>
<status status="FAIL" start="2025-02-09T00:24:01.696180" elapsed="0.124222">Page should have contained button 'xpath=//*[@id="dismiss-button"]' but did not.</status>
</kw>
<msg time="2025-02-09T00:24:01.820402" level="INFO">${button_found} = False</msg>
<var>${button_found}</var>
<arg>page should contain button</arg>
<arg>${misc_details}[dismiss_button]</arg>
<doc>Runs the given keyword with given arguments and returns the status as a Boolean value.</doc>
<status status="PASS" start="2025-02-09T00:24:01.696180" elapsed="0.124222"/>
</kw>
<if>
<branch type="IF" condition="${button_found}">
<kw name="Run Keyword And Return Status" owner="BuiltIn">
<var>${element_clicked}</var>
<arg>Dismiss ads via Click element</arg>
<arg>${frame_level}</arg>
<doc>Runs the given keyword with given arguments and returns the status as a Boolean value.</doc>
<status status="NOT RUN" start="2025-02-09T00:24:01.820402" elapsed="0.000000"/>
</kw>
<status status="NOT RUN" start="2025-02-09T00:24:01.820402" elapsed="0.000000"/>
</branch>
<status status="PASS" start="2025-02-09T00:24:01.820402" elapsed="0.000000"/>
</if>
<kw name="Unselect Frame" owner="SeleniumLibrary">
<doc>Sets the main frame as the current frame.</doc>
<status status="PASS" start="2025-02-09T00:24:01.820402" elapsed="0.002050"/>
</kw>
<return>
<value>${button_found}</value>
<status status="PASS" start="2025-02-09T00:24:01.822452" elapsed="0.000000"/>
</return>
<arg>level1</arg>
<doc>Helper Keyword for searching the dismiss button</doc>
<status status="PASS" start="2025-02-09T00:24:01.695154" elapsed="0.127298"/>
</kw>
<msg time="2025-02-09T00:24:01.822452" level="INFO">${button_found} = True</msg>
<var>${button_found}</var>
<arg>Search for the Dismiss Button within the iFrame</arg>
<arg>level1</arg>
<doc>Runs the given keyword with given arguments and returns the status as a Boolean value.</doc>
<status status="PASS" start="2025-02-09T00:24:01.695154" elapsed="0.127298"/>
</kw>
<var name="${iframe1}">&lt;selenium.webdriver.remote.webelement.WebElement (session="a9c62ae3aead6b938912baf6ec9c5410", element="f.2695C4A75EE4F5FD755F2D8EC04D1984.d.CA9E8FC39AC98150CE7FC820D0A4B6DB.e.363")&gt;</var>
<status status="PASS" start="2025-02-09T00:24:01.669766" elapsed="0.152686"/>
</iter>
<var>${iframe1}</var>
<value>@{iframes1}</value>
<status status="PASS" start="2025-02-09T00:24:01.511244" elapsed="0.311208"/>
</for>
<doc>Dismiss iFrame Ads</doc>
<status status="PASS" start="2025-02-09T00:24:01.503629" elapsed="0.318823"/>
</kw>
<status status="PASS" start="2025-02-09T00:23:56.196746" elapsed="5.625706"/>
</kw>
<kw name="Try to locate element" owner="Misc">
<kw name="Set Local Variable" owner="BuiltIn">
<msg time="2025-02-09T00:24:01.824511" level="INFO">${locator_to_be_found} = True</msg>
<arg>${locator_to_be_found}</arg>
<arg>${True}</arg>
<doc>Makes a variable available everywhere within the local scope.</doc>
<status status="PASS" start="2025-02-09T00:24:01.823972" elapsed="0.000539"/>
</kw>
<while condition="${locator_to_be_found}" limit="3">
<iter>
<try>
<branch type="TRY">
<kw name="Page Should Contain Element" owner="SeleniumLibrary">
<msg time="2025-02-09T00:24:01.834468" level="INFO">Current page contains element 'xpath=//h2[text()='New User Signup!']'.</msg>
<arg>${locator}</arg>
<doc>Verifies that element ``locator`` is found on the current page.</doc>
<status status="PASS" start="2025-02-09T00:24:01.824511" elapsed="0.009957"/>
</kw>
<kw name="Set Local Variable" owner="BuiltIn">
<msg time="2025-02-09T00:24:01.835504" level="INFO">${locator_to_be_found} = False</msg>
<arg>${locator_to_be_found}</arg>
<arg>${False}</arg>
<doc>Makes a variable available everywhere within the local scope.</doc>
<status status="PASS" start="2025-02-09T00:24:01.835504" elapsed="0.000000"/>
</kw>
<status status="PASS" start="2025-02-09T00:24:01.824511" elapsed="0.010993"/>
</branch>
<branch type="EXCEPT">
<kw name="Log" owner="BuiltIn">
<arg>element ${locator} not found</arg>
<doc>Logs the given message with the given level.</doc>
<status status="NOT RUN" start="2025-02-09T00:24:01.835504" elapsed="0.000000"/>
</kw>
<kw name="Consent to cookies and Dismiss Alarms" owner="Misc">
<status status="NOT RUN" start="2025-02-09T00:24:01.835504" elapsed="0.000000"/>
</kw>
<kw name="Pause Execution" owner="Dialogs">
<arg>Try to locate element</arg>
<doc>Pauses execution until user clicks ``Ok`` button.</doc>
<status status="NOT RUN" start="2025-02-09T00:24:01.836527" elapsed="0.000000"/>
</kw>
<status status="NOT RUN" start="2025-02-09T00:24:01.835504" elapsed="0.001023"/>
</branch>
<status status="PASS" start="2025-02-09T00:24:01.824511" elapsed="0.012016"/>
</try>
<status status="PASS" start="2025-02-09T00:24:01.824511" elapsed="0.012016"/>
</iter>
<status status="PASS" start="2025-02-09T00:24:01.824511" elapsed="0.012016"/>
</while>
<arg>${login_signup_page_details}[signup_txt]</arg>
<doc>Helper Keyword for interracting with elements that might not be visible due to overlayed windows/dialogs</doc>
<status status="PASS" start="2025-02-09T00:24:01.822452" elapsed="0.014075"/>
</kw>
<doc>Verify that the signup page is loaded</doc>
<status status="PASS" start="2025-02-09T00:23:56.196746" elapsed="5.639781"/>
</kw>
<kw name="Enter Name And Email to SignUp" owner="LoginSignupPage">
<kw name="Generate Random Username" owner="Misc">
<kw name="Get Current Date" owner="DateTime">
<msg time="2025-02-09T00:24:01.837544" level="INFO">${epoch_time} = 1739053442.0</msg>
<var>${epoch_time}</var>
<arg>result_format=epoch</arg>
<arg>exclude_millis=yes</arg>
<doc>Returns current local or UTC time with an optional increment.</doc>
<status status="PASS" start="2025-02-09T00:24:01.836527" elapsed="0.001017"/>
</kw>
<kw name="Convert To String" owner="BuiltIn">
<msg time="2025-02-09T00:24:01.837544" level="INFO">${random_string} = 1739053442.0</msg>
<var>${random_string}</var>
<arg>${epoch_time}</arg>
<doc>Converts the given item to a Unicode string.</doc>
<status status="PASS" start="2025-02-09T00:24:01.837544" elapsed="0.000000"/>
</kw>
<return>
<value>${random_string}</value>
<status status="PASS" start="2025-02-09T00:24:01.837544" elapsed="0.000000"/>
</return>
<msg time="2025-02-09T00:24:01.837544" level="INFO">${RANDOM_USER_TC} = 1739053442.0</msg>
<var>${RANDOM_USER_TC}</var>
<doc>Generate a random String based on the current date and time</doc>
<status status="PASS" start="2025-02-09T00:24:01.836527" elapsed="0.001017"/>
</kw>
<kw name="Generate Random Email" owner="Misc">
<kw name="Generate Random String" owner="String">
<msg time="2025-02-09T00:24:01.838566" level="INFO">${random_domain} = ymmuappqrp</msg>
<var>${random_domain}</var>
<arg>10</arg>
<arg>[LOWER]</arg>
<doc>Generates a string with a desired ``length`` from the given ``chars``.</doc>
<status status="PASS" start="2025-02-09T00:24:01.837544" elapsed="0.001022"/>
</kw>
<return>
<value>${username}@${random_domain}.com</value>
<status status="PASS" start="2025-02-09T00:24:01.838566" elapsed="0.000000"/>
</return>
<msg time="2025-02-09T00:24:01.838566" level="INFO">${RANDOM_EMAIL_TC} = 1739053442.0@ymmuappqrp.com</msg>
<var>${RANDOM_EMAIL_TC}</var>
<arg>${RANDOM_USER_TC}</arg>
<doc>Generate a random Email</doc>
<status status="PASS" start="2025-02-09T00:24:01.837544" elapsed="0.001022"/>
</kw>
<kw name="Set Test Variable" owner="BuiltIn">
<msg time="2025-02-09T00:24:01.838566" level="INFO">${RANDOM_USER_TC} = 1739053442.0</msg>
<arg>${RANDOM_USER_TC}</arg>
<doc>Makes a variable available everywhere within the scope of the current test.</doc>
<status status="PASS" start="2025-02-09T00:24:01.838566" elapsed="0.000000"/>
</kw>
<kw name="Set Test Variable" owner="BuiltIn">
<msg time="2025-02-09T00:24:01.838566" level="INFO">${RANDOM_EMAIL_TC} = 1739053442.0@ymmuappqrp.com</msg>
<arg>${RANDOM_EMAIL_TC}</arg>
<doc>Makes a variable available everywhere within the scope of the current test.</doc>
<status status="PASS" start="2025-02-09T00:24:01.838566" elapsed="0.000000"/>
</kw>
<kw name="Run Keyword And Return Status" owner="BuiltIn">
<kw name="Should Contain Any" owner="BuiltIn">
<arg>${TEST TAGS}</arg>
<arg>@{login_signup_page_details}[persistent_user_tc01]</arg>
<arg>ignore_case=True</arg>
<doc>Fails if ``container`` does not contain any of the ``*items``.</doc>
<status status="PASS" start="2025-02-09T00:24:01.839596" elapsed="0.000000"/>
</kw>
<msg time="2025-02-09T00:24:01.839596" level="INFO">${persistent_user_tc01} = True</msg>
<var>${persistent_user_tc01}</var>
<arg>should contain any</arg>
<arg>${TEST TAGS}</arg>
<arg>@{login_signup_page_details}[persistent_user_tc01]</arg>
<arg>ignore_case=True</arg>
<doc>Runs the given keyword with given arguments and returns the status as a Boolean value.</doc>
<status status="PASS" start="2025-02-09T00:24:01.838566" elapsed="0.001030"/>
</kw>
<if>
<branch type="IF" condition="${persistent_user_tc01}">
<kw name="Set Suite Variable" owner="BuiltIn">
<msg time="2025-02-09T00:24:01.840619" level="INFO">${RANDOM_USER_TC01} = 1739053442.0</msg>
<arg>${RANDOM_USER_TC01}</arg>
<arg>${RANDOM_USER_TC}</arg>
<doc>Makes a variable available everywhere within the scope of the current suite.</doc>
<status status="PASS" start="2025-02-09T00:24:01.839596" elapsed="0.001023"/>
</kw>
<kw name="Set Suite Variable" owner="BuiltIn">
<msg time="2025-02-09T00:24:01.841642" level="INFO">${RANDOM_EMAIL_TC01} = 1739053442.0@ymmuappqrp.com</msg>
<arg>${RANDOM_EMAIL_TC01}</arg>
<arg>${RANDOM_EMAIL_TC}</arg>
<doc>Makes a variable available everywhere within the scope of the current suite.</doc>
<status status="PASS" start="2025-02-09T00:24:01.840619" elapsed="0.001023"/>
</kw>
<status status="PASS" start="2025-02-09T00:24:01.839596" elapsed="0.002046"/>
</branch>
<status status="PASS" start="2025-02-09T00:24:01.839596" elapsed="0.002046"/>
</if>
<kw name="Input Text" owner="SeleniumLibrary">
<msg time="2025-02-09T00:24:01.841642" level="INFO">Typing text '1739053442.0' into text field 'css=input[data-qa='signup-name']'.</msg>
<arg>${login_signup_page_details}[signup_name_css]</arg>
<arg>${RANDOM_USER_TC}</arg>
<doc>Types the given ``text`` into the text field identified by ``locator``.</doc>
<status status="PASS" start="2025-02-09T00:24:01.841642" elapsed="0.106693"/>
</kw>
<kw name="Input Text" owner="SeleniumLibrary">
<msg time="2025-02-09T00:24:01.948335" level="INFO">Typing text '1739053442.0@ymmuappqrp.com' into text field 'css=input[data-qa='signup-email']'.</msg>
<arg>${login_signup_page_details}[signup_email_css]</arg>
<arg>${RANDOM_EMAIL_TC}</arg>
<doc>Types the given ``text`` into the text field identified by ``locator``.</doc>
<status status="PASS" start="2025-02-09T00:24:01.948335" elapsed="0.066796"/>
</kw>
<doc>Enter the username and email to SignUp</doc>
<status status="PASS" start="2025-02-09T00:24:01.836527" elapsed="0.180005"/>
</kw>
<kw name="Click Signup Button" owner="LoginSignupPage">
<kw name="Click Element" owner="SeleniumLibrary">
<msg time="2025-02-09T00:24:02.016532" level="INFO">Clicking element 'xpath=//button[contains(text(),'Signup')]'.</msg>
<arg>${login_signup_page_details}[signup_btn_elm]</arg>
<doc>Click the element identified by ``locator``.</doc>
<status status="PASS" start="2025-02-09T00:24:02.016532" elapsed="3.083083"/>
</kw>
<doc>Click on the Singup Button Element</doc>
<status status="PASS" start="2025-02-09T00:24:02.016532" elapsed="3.083083"/>
</kw>
<status status="PASS" start="2025-02-09T00:23:56.196746" elapsed="8.902869"/>
</kw>
<status status="PASS" start="2025-02-09T00:23:56.196746" elapsed="8.902869"/>
</kw>
<kw name="Fill Information and Create Account" owner="RegisterUserActions">
<kw name="Enter Details and Create Account" owner="NewSignupPage">
<kw name="Verify Information Request Is Visible" owner="NewSignupPage">
<kw name="Consent to cookies and Dismiss Alarms" owner="Misc">
<kw name="Sleep" owner="BuiltIn">
<msg time="2025-02-09T00:24:07.103127" level="INFO">Slept 2 seconds.</msg>
<arg>2</arg>
<doc>Pauses the test executed for the given time.</doc>
<status status="PASS" start="2025-02-09T00:24:05.102629" elapsed="2.000498"/>
</kw>
<kw name="Check Web Server Error" owner="Misc">
<kw name="Run Keyword And Return Status" owner="BuiltIn">
<kw name="Page Should Contain" owner="SeleniumLibrary">
<msg time="2025-02-09T00:24:07.104690" level="FAIL">Variable '${web_server_error_txt}' not found.</msg>
<arg>${web_server_error_txt}</arg>
<doc>Verifies that current page contains ``text``.</doc>
<status status="FAIL" start="2025-02-09T00:24:07.103127" elapsed="0.001563">Variable '${web_server_error_txt}' not found.</status>
</kw>
<msg time="2025-02-09T00:24:07.104690" level="INFO">${web_server_error_txt} = False</msg>
<var>${web_server_error_txt}</var>
<arg>page should contain</arg>
<arg>${web_server_error_txt}</arg>
<doc>Runs the given keyword with given arguments and returns the status as a Boolean value.</doc>
<status status="PASS" start="2025-02-09T00:24:07.103127" elapsed="0.001563"/>
</kw>
<if>
<branch type="IF" condition="${web_server_error_txt}">
<kw name="Log" owner="BuiltIn">
<arg>reloading page</arg>
<doc>Logs the given message with the given level.</doc>
<status status="NOT RUN" start="2025-02-09T00:24:07.104690" elapsed="0.000000"/>
</kw>
<kw name="Reload Page" owner="SeleniumLibrary">
<doc>Simulates user reloading page.</doc>
<status status="NOT RUN" start="2025-02-09T00:24:07.104690" elapsed="0.000000"/>
</kw>
<status status="NOT RUN" start="2025-02-09T00:24:07.104690" elapsed="0.000000"/>
</branch>
<status status="PASS" start="2025-02-09T00:24:07.104690" elapsed="0.000000"/>
</if>
<status status="PASS" start="2025-02-09T00:24:07.103127" elapsed="0.001563"/>
</kw>
<kw name="Consent to cookies" owner="Misc">
<kw name="Run Keyword And Return Status" owner="BuiltIn">
<kw name="Element Should Be Visible" owner="SeleniumLibrary">
<msg time="2025-02-09T00:24:07.240799" level="INFO" html="true">&lt;/td&gt;&lt;/tr&gt;&lt;tr&gt;&lt;td colspan="3"&gt;&lt;a href="selenium-screenshot-8.png"&gt;&lt;img src="selenium-screenshot-8.png" width="800px"&gt;&lt;/a&gt;</msg>
<msg time="2025-02-09T00:24:07.240799" level="FAIL">Element with locator 'class=fc-cta-consent' not found.</msg>
<arg>${misc_details}[consent_btn]</arg>
<doc>Verifies that the element identified by ``locator`` is visible.</doc>
<status status="FAIL" start="2025-02-09T00:24:07.105741" elapsed="0.136091">Element with locator 'class=fc-cta-consent' not found.</status>
</kw>
<msg time="2025-02-09T00:24:07.241832" level="INFO">${cookies_window} = False</msg>
<var>${cookies_window}</var>
<arg>element should be visible</arg>
<arg>${misc_details}[consent_btn]</arg>
<doc>Runs the given keyword with given arguments and returns the status as a Boolean value.</doc>
<status status="PASS" start="2025-02-09T00:24:07.105741" elapsed="0.136091"/>
</kw>
<if>
<branch type="IF" condition="${cookies_window}">
<kw name="Log" owner="BuiltIn">
<arg>Cookies are visible</arg>
<doc>Logs the given message with the given level.</doc>
<status status="NOT RUN" start="2025-02-09T00:24:07.241832" elapsed="0.000000"/>
</kw>
<kw name="Click Button" owner="SeleniumLibrary">
<arg>${misc_details}[consent_btn]</arg>
<doc>Clicks the button identified by ``locator``.</doc>
<status status="NOT RUN" start="2025-02-09T00:24:07.241832" elapsed="0.000000"/>
</kw>
<status status="NOT RUN" start="2025-02-09T00:24:07.241832" elapsed="0.000000"/>
</branch>
<branch type="ELSE">
<kw name="Log" owner="BuiltIn">
<msg time="2025-02-09T00:24:07.242946" level="INFO">Cookies not visible</msg>
<arg>Cookies not visible</arg>
<doc>Logs the given message with the given level.</doc>
<status status="PASS" start="2025-02-09T00:24:07.241832" elapsed="0.001114"/>
</kw>
<status status="PASS" start="2025-02-09T00:24:07.241832" elapsed="0.001114"/>
</branch>
<status status="PASS" start="2025-02-09T00:24:07.241832" elapsed="0.001114"/>
</if>
<doc>Click on consent button for cookies</doc>
<status status="PASS" start="2025-02-09T00:24:07.104690" elapsed="0.138256"/>
</kw>
<kw name="Dismiss Alarms" owner="Misc">
<kw name="Run Keyword And Return Status" owner="BuiltIn">
<kw name="Handle Alert" owner="SeleniumLibrary">
<msg time="2025-02-09T00:24:07.243946" level="INFO">HANDLE::&lt;class 'datetime.timedelta'&gt;::0:00:03</msg>
<msg time="2025-02-09T00:24:10.372070" level="INFO" html="true">&lt;/td&gt;&lt;/tr&gt;&lt;tr&gt;&lt;td colspan="3"&gt;&lt;a href="selenium-screenshot-9.png"&gt;&lt;img src="selenium-screenshot-9.png" width="800px"&gt;&lt;/a&gt;</msg>
<msg time="2025-02-09T00:24:10.372070" level="FAIL">Alert not found in 3 seconds.</msg>
<arg>LEAVE</arg>
<arg>3</arg>
<doc>Handles the current alert and returns its message.</doc>
<status status="FAIL" start="2025-02-09T00:24:07.242946" elapsed="3.129124">Alert not found in 3 seconds.</status>
</kw>
<msg time="2025-02-09T00:24:10.372070" level="INFO">${alert_window} = False</msg>
<var>${alert_window}</var>
<arg>handle alert</arg>
<arg>LEAVE</arg>
<arg>3</arg>
<doc>Runs the given keyword with given arguments and returns the status as a Boolean value.</doc>
<status status="PASS" start="2025-02-09T00:24:07.242946" elapsed="3.129124"/>
</kw>
<if>
<branch type="IF" condition="${alert_window}">
<kw name="Log" owner="BuiltIn">
<arg>Alert window present</arg>
<doc>Logs the given message with the given level.</doc>
<status status="NOT RUN" start="2025-02-09T00:24:10.372070" elapsed="0.000000"/>
</kw>
<kw name="Handle Alert" owner="SeleniumLibrary">
<arg>DISMISS</arg>
<doc>Handles the current alert and returns its message.</doc>
<status status="NOT RUN" start="2025-02-09T00:24:10.372070" elapsed="0.000000"/>
</kw>
<status status="NOT RUN" start="2025-02-09T00:24:10.372070" elapsed="0.000000"/>
</branch>
<branch type="ELSE">
<kw name="Log" owner="BuiltIn">
<msg time="2025-02-09T00:24:10.373594" level="INFO">Alert window not present</msg>
<arg>Alert window not present</arg>
<doc>Logs the given message with the given level.</doc>
<status status="PASS" start="2025-02-09T00:24:10.373594" elapsed="0.000000"/>
</kw>
<status status="PASS" start="2025-02-09T00:24:10.372070" elapsed="0.001524"/>
</branch>
<status status="PASS" start="2025-02-09T00:24:10.372070" elapsed="0.001524"/>
</if>
<doc>Dismiss Alarm popups</doc>
<status status="PASS" start="2025-02-09T00:24:07.242946" elapsed="3.130648"/>
</kw>
<kw name="Dismiss iFrame Ads" owner="Misc">
<kw name="Get WebElements" owner="SeleniumLibrary">
<msg time="2025-02-09T00:24:10.382310" level="INFO">${iframes1} = [&lt;selenium.webdriver.remote.webelement.WebElement (session="a9c62ae3aead6b938912baf6ec9c5410", element="f.2695C4A75EE4F5FD755F2D8EC04D1984.d.796529305102BAEDE4617F85D54C4C47.e.406")&gt;, &lt;selenium.webdri...</msg>
<var>${iframes1}</var>
<arg>${misc_details}[ad_iframe]</arg>
<doc>Returns a list of WebElement objects matching the ``locator``.</doc>
<status status="PASS" start="2025-02-09T00:24:10.375116" elapsed="0.007194"/>
</kw>
<for flavor="IN">
<iter>
<kw name="Unselect Frame" owner="SeleniumLibrary">
<doc>Sets the main frame as the current frame.</doc>
<status status="PASS" start="2025-02-09T00:24:10.382310" elapsed="0.003711"/>
</kw>
<kw name="Log" owner="BuiltIn">
<msg time="2025-02-09T00:24:10.386021" level="INFO">iframe level1 detected: &lt;selenium.webdriver.remote.webelement.WebElement (session="a9c62ae3aead6b938912baf6ec9c5410", element="f.2695C4A75EE4F5FD755F2D8EC04D1984.d.796529305102BAEDE4617F85D54C4C47.e.406")&gt;</msg>
<arg>iframe level1 detected: ${iframe1}</arg>
<doc>Logs the given message with the given level.</doc>
<status status="PASS" start="2025-02-09T00:24:10.386021" elapsed="0.000000"/>
</kw>
<kw name="Run Keyword And Return Status" owner="BuiltIn">
<kw name="Select Frame" owner="SeleniumLibrary">
<msg time="2025-02-09T00:24:10.387057" level="INFO">Selecting frame '&lt;selenium.webdriver.remote.webelement.WebElement (session="a9c62ae3aead6b938912baf6ec9c5410", element="f.2695C4A75EE4F5FD755F2D8EC04D1984.d.796529305102BAEDE4617F85D54C4C47.e.406")&gt;'.</msg>
<arg>${iframe1}</arg>
<doc>Sets frame identified by ``locator`` as the current frame.</doc>
<status status="PASS" start="2025-02-09T00:24:10.386021" elapsed="0.015430"/>
</kw>
<msg time="2025-02-09T00:24:10.401451" level="INFO">${selecting_frame1} = True</msg>
<var>${selecting_frame1}</var>
<arg>select frame</arg>
<arg>${iframe1}</arg>
<doc>Runs the given keyword with given arguments and returns the status as a Boolean value.</doc>
<status status="PASS" start="2025-02-09T00:24:10.386021" elapsed="0.015430"/>
</kw>
<kw name="Get WebElements" owner="SeleniumLibrary">
<msg time="2025-02-09T00:24:10.408697" level="INFO">${iframes2} = []</msg>
<var>${iframes2}</var>
<arg>${misc_details}[ad_iframe]</arg>
<doc>Returns a list of WebElement objects matching the ``locator``.</doc>
<status status="PASS" start="2025-02-09T00:24:10.401451" elapsed="0.007246"/>
</kw>
<for flavor="IN">
<iter>
<kw name="Log" owner="BuiltIn">
<arg>iframe level2 detected: ${iframe2}</arg>
<doc>Logs the given message with the given level.</doc>
<status status="NOT RUN" start="2025-02-09T00:24:10.408697" elapsed="0.000000"/>
</kw>
<kw name="Run Keyword And Return Status" owner="BuiltIn">
<var>${selecting_frame2}</var>
<arg>select frame</arg>
<arg>${iframe2}</arg>
<doc>Runs the given keyword with given arguments and returns the status as a Boolean value.</doc>
<status status="NOT RUN" start="2025-02-09T00:24:10.409712" elapsed="0.000000"/>
</kw>
<kw name="Get WebElements" owner="SeleniumLibrary">
<var>${iframes3}</var>
<arg>${misc_details}[ad_iframe]</arg>
<doc>Returns a list of WebElement objects matching the ``locator``.</doc>
<status status="NOT RUN" start="2025-02-09T00:24:10.409712" elapsed="0.000000"/>
</kw>
<for flavor="IN">
<iter>
<kw name="Log" owner="BuiltIn">
<arg>iframe level3 detected: ${iframe3}</arg>
<doc>Logs the given message with the given level.</doc>
<status status="NOT RUN" start="2025-02-09T00:24:10.409712" elapsed="0.000000"/>
</kw>
<kw name="Run Keyword And Return Status" owner="BuiltIn">
<var>${selecting_frame3}</var>
<arg>select frame</arg>
<arg>${iframe3}</arg>
<doc>Runs the given keyword with given arguments and returns the status as a Boolean value.</doc>
<status status="NOT RUN" start="2025-02-09T00:24:10.409712" elapsed="0.000000"/>
</kw>
<kw name="Search for the Dismiss Button within the iFrame" owner="Misc">
<var>${button_found}</var>
<arg>level3</arg>
<doc>Helper Keyword for searching the dismiss button</doc>
<status status="NOT RUN" start="2025-02-09T00:24:10.409712" elapsed="0.000000"/>
</kw>
<kw name="Run Keyword And Return Status" owner="BuiltIn">
<var>${selecting_frame1}</var>
<arg>select frame</arg>
<arg>${iframe1}</arg>
<doc>Runs the given keyword with given arguments and returns the status as a Boolean value.</doc>
<status status="NOT RUN" start="2025-02-09T00:24:10.409712" elapsed="0.000000"/>
</kw>
<kw name="Run Keyword And Return Status" owner="BuiltIn">
<var>${selecting_frame2}</var>
<arg>select frame</arg>
<arg>${iframe2}</arg>
<doc>Runs the given keyword with given arguments and returns the status as a Boolean value.</doc>
<status status="NOT RUN" start="2025-02-09T00:24:10.410724" elapsed="0.000000"/>
</kw>
<var name="${iframe3}"/>
<status status="NOT RUN" start="2025-02-09T00:24:10.409712" elapsed="0.001012"/>
</iter>
<var>${iframe3}</var>
<value>@{iframes3}</value>
<status status="NOT RUN" start="2025-02-09T00:24:10.409712" elapsed="0.001012"/>
</for>
<kw name="Search for the Dismiss Button within the iFrame" owner="Misc">
<var>${button_found}</var>
<arg>level2</arg>
<doc>Helper Keyword for searching the dismiss button</doc>
<status status="NOT RUN" start="2025-02-09T00:24:10.410724" elapsed="0.000000"/>
</kw>
<kw name="Run Keyword And Return Status" owner="BuiltIn">
<var>${selecting_frame1}</var>
<arg>select frame</arg>
<arg>${iframe1}</arg>
<doc>Runs the given keyword with given arguments and returns the status as a Boolean value.</doc>
<status status="NOT RUN" start="2025-02-09T00:24:10.410724" elapsed="0.000000"/>
</kw>
<var name="${iframe2}"/>
<status status="NOT RUN" start="2025-02-09T00:24:10.408697" elapsed="0.002027"/>
</iter>
<var>${iframe2}</var>
<value>@{iframes2}</value>
<status status="NOT RUN" start="2025-02-09T00:24:10.408697" elapsed="0.002027"/>
</for>
<kw name="Run Keyword And Return Status" owner="BuiltIn">
<kw name="Search for the Dismiss Button within the iFrame" owner="Misc">
<kw name="Run Keyword And Return Status" owner="BuiltIn">
<kw name="Page Should Contain Button" owner="SeleniumLibrary">
<msg time="2025-02-09T00:24:10.545931" level="INFO" html="true">&lt;/td&gt;&lt;/tr&gt;&lt;tr&gt;&lt;td colspan="3"&gt;&lt;a href="selenium-screenshot-10.png"&gt;&lt;img src="selenium-screenshot-10.png" width="800px"&gt;&lt;/a&gt;</msg>
<msg time="2025-02-09T00:24:10.545931" level="FAIL">Page should have contained button 'xpath=//*[@id="dismiss-button"]' but did not.</msg>
<arg>${misc_details}[dismiss_button]</arg>
<doc>Verifies button ``locator`` is found from current page.</doc>
<status status="FAIL" start="2025-02-09T00:24:10.411751" elapsed="0.135195">Page should have contained button 'xpath=//*[@id="dismiss-button"]' but did not.</status>
</kw>
<msg time="2025-02-09T00:24:10.546946" level="INFO">${button_found} = False</msg>
<var>${button_found}</var>
<arg>page should contain button</arg>
<arg>${misc_details}[dismiss_button]</arg>
<doc>Runs the given keyword with given arguments and returns the status as a Boolean value.</doc>
<status status="PASS" start="2025-02-09T00:24:10.410724" elapsed="0.136222"/>
</kw>
<if>
<branch type="IF" condition="${button_found}">
<kw name="Run Keyword And Return Status" owner="BuiltIn">
<var>${element_clicked}</var>
<arg>Dismiss ads via Click element</arg>
<arg>${frame_level}</arg>
<doc>Runs the given keyword with given arguments and returns the status as a Boolean value.</doc>
<status status="NOT RUN" start="2025-02-09T00:24:10.546946" elapsed="0.000000"/>
</kw>
<status status="NOT RUN" start="2025-02-09T00:24:10.546946" elapsed="0.000000"/>
</branch>
<status status="PASS" start="2025-02-09T00:24:10.546946" elapsed="0.000000"/>
</if>
<kw name="Unselect Frame" owner="SeleniumLibrary">
<doc>Sets the main frame as the current frame.</doc>
<status status="PASS" start="2025-02-09T00:24:10.546946" elapsed="0.003062"/>
</kw>
<return>
<value>${button_found}</value>
<status status="PASS" start="2025-02-09T00:24:10.550008" elapsed="0.000000"/>
</return>
<arg>level1</arg>
<doc>Helper Keyword for searching the dismiss button</doc>
<status status="PASS" start="2025-02-09T00:24:10.410724" elapsed="0.139284"/>
</kw>
<msg time="2025-02-09T00:24:10.550008" level="INFO">${button_found} = True</msg>
<var>${button_found}</var>
<arg>Search for the Dismiss Button within the iFrame</arg>
<arg>level1</arg>
<doc>Runs the given keyword with given arguments and returns the status as a Boolean value.</doc>
<status status="PASS" start="2025-02-09T00:24:10.410724" elapsed="0.139284"/>
</kw>
<var name="${iframe1}">&lt;selenium.webdriver.remote.webelement.WebElement (session="a9c62ae3aead6b938912baf6ec9c5410", element="f.2695C4A75EE4F5FD755F2D8EC04D1984.d.796529305102BAEDE4617F85D54C4C47.e.406")&gt;</var>
<status status="PASS" start="2025-02-09T00:24:10.382310" elapsed="0.167698"/>
</iter>
<iter>
<kw name="Unselect Frame" owner="SeleniumLibrary">
<doc>Sets the main frame as the current frame.</doc>
<status status="PASS" start="2025-02-09T00:24:10.550008" elapsed="0.010719"/>
</kw>
<kw name="Log" owner="BuiltIn">
<msg time="2025-02-09T00:24:10.560727" level="INFO">iframe level1 detected: &lt;selenium.webdriver.remote.webelement.WebElement (session="a9c62ae3aead6b938912baf6ec9c5410", element="f.2695C4A75EE4F5FD755F2D8EC04D1984.d.796529305102BAEDE4617F85D54C4C47.e.407")&gt;</msg>
<arg>iframe level1 detected: ${iframe1}</arg>
<doc>Logs the given message with the given level.</doc>
<status status="PASS" start="2025-02-09T00:24:10.560727" elapsed="0.000000"/>
</kw>
<kw name="Run Keyword And Return Status" owner="BuiltIn">
<kw name="Select Frame" owner="SeleniumLibrary">
<msg time="2025-02-09T00:24:10.561734" level="INFO">Selecting frame '&lt;selenium.webdriver.remote.webelement.WebElement (session="a9c62ae3aead6b938912baf6ec9c5410", element="f.2695C4A75EE4F5FD755F2D8EC04D1984.d.796529305102BAEDE4617F85D54C4C47.e.407")&gt;'.</msg>
<arg>${iframe1}</arg>
<doc>Sets frame identified by ``locator`` as the current frame.</doc>
<status status="PASS" start="2025-02-09T00:24:10.561734" elapsed="0.022305"/>
</kw>
<msg time="2025-02-09T00:24:10.584542" level="INFO">${selecting_frame1} = True</msg>
<var>${selecting_frame1}</var>
<arg>select frame</arg>
<arg>${iframe1}</arg>
<doc>Runs the given keyword with given arguments and returns the status as a Boolean value.</doc>
<status status="PASS" start="2025-02-09T00:24:10.561734" elapsed="0.022808"/>
</kw>
<kw name="Get WebElements" owner="SeleniumLibrary">
<msg time="2025-02-09T00:24:10.591658" level="INFO">${iframes2} = []</msg>
<var>${iframes2}</var>
<arg>${misc_details}[ad_iframe]</arg>
<doc>Returns a list of WebElement objects matching the ``locator``.</doc>
<status status="PASS" start="2025-02-09T00:24:10.584542" elapsed="0.007116"/>
</kw>
<for flavor="IN">
<iter>
<kw name="Log" owner="BuiltIn">
<arg>iframe level2 detected: ${iframe2}</arg>
<doc>Logs the given message with the given level.</doc>
<status status="NOT RUN" start="2025-02-09T00:24:10.592695" elapsed="0.000000"/>
</kw>
[...]
<status status="NOT RUN" start="2025-02-09T00:28:07.614258" elapsed="0.000000"/>
</kw>
<kw name="Run Keyword And Return Status" owner="BuiltIn">
<var>${selecting_frame1}</var>
<arg>select frame</arg>
<arg>${iframe1}</arg>
<doc>Runs the given keyword with given arguments and returns the status as a Boolean value.</doc>
<status status="NOT RUN" start="2025-02-09T00:28:07.614258" elapsed="0.000000"/>
</kw>
<kw name="Run Keyword And Return Status" owner="BuiltIn">
<var>${selecting_frame2}</var>
<arg>select frame</arg>
<arg>${iframe2}</arg>
<doc>Runs the given keyword with given arguments and returns the status as a Boolean value.</doc>
<status status="NOT RUN" start="2025-02-09T00:28:07.614769" elapsed="0.000000"/>
</kw>
<var name="${iframe3}"/>
<status status="NOT RUN" start="2025-02-09T00:28:07.613754" elapsed="0.001015"/>
</iter>
<var>${iframe3}</var>
<value>@{iframes3}</value>
<status status="NOT RUN" start="2025-02-09T00:28:07.613754" elapsed="0.001015"/>
</for>
<kw name="Search for the Dismiss Button within the iFrame" owner="Misc">
<var>${button_found}</var>
<arg>level2</arg>
<doc>Helper Keyword for searching the dismiss button</doc>
<status status="NOT RUN" start="2025-02-09T00:28:07.614769" elapsed="0.000000"/>
</kw>
<kw name="Run Keyword And Return Status" owner="BuiltIn">
<var>${selecting_frame1}</var>
<arg>select frame</arg>
<arg>${iframe1}</arg>
<doc>Runs the given keyword with given arguments and returns the status as a Boolean value.</doc>
<status status="NOT RUN" start="2025-02-09T00:28:07.614769" elapsed="0.000000"/>
</kw>
<var name="${iframe2}"/>
<status status="NOT RUN" start="2025-02-09T00:28:07.612754" elapsed="0.002015"/>
</iter>
<var>${iframe2}</var>
<value>@{iframes2}</value>
<status status="NOT RUN" start="2025-02-09T00:28:07.611731" elapsed="0.003038"/>
</for>
<kw name="Run Keyword And Return Status" owner="BuiltIn">
<kw name="Search for the Dismiss Button within the iFrame" owner="Misc">
<kw name="Run Keyword And Return Status" owner="BuiltIn">
<kw name="Page Should Contain Button" owner="SeleniumLibrary">
<msg time="2025-02-09T00:28:07.747681" level="INFO" html="true">&lt;/td&gt;&lt;/tr&gt;&lt;tr&gt;&lt;td colspan="3"&gt;&lt;a href="selenium-screenshot-117.png"&gt;&lt;img src="selenium-screenshot-117.png" width="800px"&gt;&lt;/a&gt;</msg>
<msg time="2025-02-09T00:28:07.747681" level="FAIL">Page should have contained button 'xpath=//*[@id="dismiss-button"]' but did not.</msg>
<arg>${misc_details}[dismiss_button]</arg>
<doc>Verifies button ``locator`` is found from current page.</doc>
<status status="FAIL" start="2025-02-09T00:28:07.615822" elapsed="0.132883">Page should have contained button 'xpath=//*[@id="dismiss-button"]' but did not.</status>
</kw>
<msg time="2025-02-09T00:28:07.748705" level="INFO">${button_found} = False</msg>
<var>${button_found}</var>
<arg>page should contain button</arg>
<arg>${misc_details}[dismiss_button]</arg>
<doc>Runs the given keyword with given arguments and returns the status as a Boolean value.</doc>
<status status="PASS" start="2025-02-09T00:28:07.614769" elapsed="0.133936"/>
</kw>
<if>
<branch type="IF" condition="${button_found}">
<kw name="Run Keyword And Return Status" owner="BuiltIn">
<var>${element_clicked}</var>
<arg>Dismiss ads via Click element</arg>
<arg>${frame_level}</arg>
<doc>Runs the given keyword with given arguments and returns the status as a Boolean value.</doc>
<status status="NOT RUN" start="2025-02-09T00:28:07.748705" elapsed="0.000000"/>
</kw>
<status status="NOT RUN" start="2025-02-09T00:28:07.748705" elapsed="0.000000"/>
</branch>
<status status="PASS" start="2025-02-09T00:28:07.748705" elapsed="0.000000"/>
</if>
<kw name="Unselect Frame" owner="SeleniumLibrary">
<doc>Sets the main frame as the current frame.</doc>
<status status="PASS" start="2025-02-09T00:28:07.748705" elapsed="0.003091"/>
</kw>
<return>
<value>${button_found}</value>
<status status="PASS" start="2025-02-09T00:28:07.751796" elapsed="0.000000"/>
</return>
<arg>level1</arg>
<doc>Helper Keyword for searching the dismiss button</doc>
<status status="PASS" start="2025-02-09T00:28:07.614769" elapsed="0.137027"/>
</kw>
<msg time="2025-02-09T00:28:07.751796" level="INFO">${button_found} = True</msg>
<var>${button_found}</var>
<arg>Search for the Dismiss Button within the iFrame</arg>
<arg>level1</arg>
<doc>Runs the given keyword with given arguments and returns the status as a Boolean value.</doc>
<status status="PASS" start="2025-02-09T00:28:07.614769" elapsed="0.137027"/>
</kw>
<var name="${iframe1}">&lt;selenium.webdriver.remote.webelement.WebElement (session="e18b6f0a5bb40e00c6ba055dc0e4d92a", element="f.8E0C3313B417C8FC5E85F852F11E0A1A.d.52B56CA1181C9FD4A8D93763C99AC4CD.e.453")&gt;</var>
<status status="PASS" start="2025-02-09T00:28:07.588144" elapsed="0.163652"/>
</iter>
<iter>
<kw name="Unselect Frame" owner="SeleniumLibrary">
<doc>Sets the main frame as the current frame.</doc>
<status status="PASS" start="2025-02-09T00:28:07.752812" elapsed="0.002018"/>
</kw>
<kw name="Log" owner="BuiltIn">
<msg time="2025-02-09T00:28:07.754830" level="INFO">iframe level1 detected: &lt;selenium.webdriver.remote.webelement.WebElement (session="e18b6f0a5bb40e00c6ba055dc0e4d92a", element="f.8E0C3313B417C8FC5E85F852F11E0A1A.d.52B56CA1181C9FD4A8D93763C99AC4CD.e.454")&gt;</msg>
<arg>iframe level1 detected: ${iframe1}</arg>
<doc>Logs the given message with the given level.</doc>
<status status="PASS" start="2025-02-09T00:28:07.754830" elapsed="0.000000"/>
</kw>
<kw name="Run Keyword And Return Status" owner="BuiltIn">
<kw name="Select Frame" owner="SeleniumLibrary">
<msg time="2025-02-09T00:28:07.755879" level="INFO">Selecting frame '&lt;selenium.webdriver.remote.webelement.WebElement (session="e18b6f0a5bb40e00c6ba055dc0e4d92a", element="f.8E0C3313B417C8FC5E85F852F11E0A1A.d.52B56CA1181C9FD4A8D93763C99AC4CD.e.454")&gt;'.</msg>
<arg>${iframe1}</arg>
<doc>Sets frame identified by ``locator`` as the current frame.</doc>
<status status="PASS" start="2025-02-09T00:28:07.755879" elapsed="0.015618"/>
</kw>
<msg time="2025-02-09T00:28:07.771497" level="INFO">${selecting_frame1} = True</msg>
<var>${selecting_frame1}</var>
<arg>select frame</arg>
<arg>${iframe1}</arg>
<doc>Runs the given keyword with given arguments and returns the status as a Boolean value.</doc>
<status status="PASS" start="2025-02-09T00:28:07.754830" elapsed="0.016667"/>
</kw>
<kw name="Get WebElements" owner="SeleniumLibrary">
<msg time="2025-02-09T00:28:07.778694" level="INFO">${iframes2} = []</msg>
<var>${iframes2}</var>
<arg>${misc_details}[ad_iframe]</arg>
<doc>Returns a list of WebElement objects matching the ``locator``.</doc>
<status status="PASS" start="2025-02-09T00:28:07.771497" elapsed="0.007197"/>
</kw>
<for flavor="IN">
<iter>
<kw name="Log" owner="BuiltIn">
<arg>iframe level2 detected: ${iframe2}</arg>
<doc>Logs the given message with the given level.</doc>
<status status="NOT RUN" start="2025-02-09T00:28:07.778694" elapsed="0.000000"/>
</kw>
<kw name="Run Keyword And Return Status" owner="BuiltIn">
<var>${selecting_frame2}</var>
<arg>select frame</arg>
<arg>${iframe2}</arg>
<doc>Runs the given keyword with given arguments and returns the status as a Boolean value.</doc>
<status status="NOT RUN" start="2025-02-09T00:28:07.778694" elapsed="0.000000"/>
</kw>
<kw name="Get WebElements" owner="SeleniumLibrary">
<var>${iframes3}</var>
<arg>${misc_details}[ad_iframe]</arg>
<doc>Returns a list of WebElement objects matching the ``locator``.</doc>
<status status="NOT RUN" start="2025-02-09T00:28:07.778694" elapsed="0.000000"/>
</kw>
<for flavor="IN">
<iter>
<kw name="Log" owner="BuiltIn">
<arg>iframe level3 detected: ${iframe3}</arg>
<doc>Logs the given message with the given level.</doc>
<status status="NOT RUN" start="2025-02-09T00:28:07.779717" elapsed="0.000000"/>
</kw>
<kw name="Run Keyword And Return Status" owner="BuiltIn">
<var>${selecting_frame3}</var>
<arg>select frame</arg>
<arg>${iframe3}</arg>
<doc>Runs the given keyword with given arguments and returns the status as a Boolean value.</doc>
<status status="NOT RUN" start="2025-02-09T00:28:07.779717" elapsed="0.000000"/>
</kw>
<kw name="Search for the Dismiss Button within the iFrame" owner="Misc">
<var>${button_found}</var>
<arg>level3</arg>
<doc>Helper Keyword for searching the dismiss button</doc>
<status status="NOT RUN" start="2025-02-09T00:28:07.779717" elapsed="0.000000"/>
</kw>
<kw name="Run Keyword And Return Status" owner="BuiltIn">
<var>${selecting_frame1}</var>
<arg>select frame</arg>
<arg>${iframe1}</arg>
<doc>Runs the given keyword with given arguments and returns the status as a Boolean value.</doc>
<status status="NOT RUN" start="2025-02-09T00:28:07.779717" elapsed="0.000000"/>
</kw>
<kw name="Run Keyword And Return Status" owner="BuiltIn">
<var>${selecting_frame2}</var>
<arg>select frame</arg>
<arg>${iframe2}</arg>
<doc>Runs the given keyword with given arguments and returns the status as a Boolean value.</doc>
<status status="NOT RUN" start="2025-02-09T00:28:07.779717" elapsed="0.000000"/>
</kw>
<var name="${iframe3}"/>
<status status="NOT RUN" start="2025-02-09T00:28:07.778694" elapsed="0.001023"/>
</iter>
<var>${iframe3}</var>
<value>@{iframes3}</value>
<status status="NOT RUN" start="2025-02-09T00:28:07.778694" elapsed="0.001023"/>
</for>
<kw name="Search for the Dismiss Button within the iFrame" owner="Misc">
<var>${button_found}</var>
<arg>level2</arg>
<doc>Helper Keyword for searching the dismiss button</doc>
<status status="NOT RUN" start="2025-02-09T00:28:07.779717" elapsed="0.000000"/>
</kw>
<kw name="Run Keyword And Return Status" owner="BuiltIn">
<var>${selecting_frame1}</var>
<arg>select frame</arg>
<arg>${iframe1}</arg>
<doc>Runs the given keyword with given arguments and returns the status as a Boolean value.</doc>
<status status="NOT RUN" start="2025-02-09T00:28:07.779717" elapsed="0.000000"/>
</kw>
<var name="${iframe2}"/>
<status status="NOT RUN" start="2025-02-09T00:28:07.778694" elapsed="0.001023"/>
</iter>
<var>${iframe2}</var>
<value>@{iframes2}</value>
<status status="NOT RUN" start="2025-02-09T00:28:07.778694" elapsed="0.002052"/>
</for>
<kw name="Run Keyword And Return Status" owner="BuiltIn">
<kw name="Search for the Dismiss Button within the iFrame" owner="Misc">
<kw name="Run Keyword And Return Status" owner="BuiltIn">
<kw name="Page Should Contain Button" owner="SeleniumLibrary">
<msg time="2025-02-09T00:28:07.935831" level="INFO" html="true">&lt;/td&gt;&lt;/tr&gt;&lt;tr&gt;&lt;td colspan="3"&gt;&lt;a href="selenium-screenshot-118.png"&gt;&lt;img src="selenium-screenshot-118.png" width="800px"&gt;&lt;/a&gt;</msg>
<msg time="2025-02-09T00:28:07.936851" level="FAIL">Page should have contained button 'xpath=//*[@id="dismiss-button"]' but did not.</msg>
<arg>${misc_details}[dismiss_button]</arg>
<doc>Verifies button ``locator`` is found from current page.</doc>
<status status="FAIL" start="2025-02-09T00:28:07.780746" elapsed="0.156105">Page should have contained button 'xpath=//*[@id="dismiss-button"]' but did not.</status>
</kw>
<msg time="2025-02-09T00:28:07.936851" level="INFO">${button_found} = False</msg>
<var>${button_found}</var>
<arg>page should contain button</arg>
<arg>${misc_details}[dismiss_button]</arg>
<doc>Runs the given keyword with given arguments and returns the status as a Boolean value.</doc>
<status status="PASS" start="2025-02-09T00:28:07.780746" elapsed="0.156105"/>
</kw>
<if>
<branch type="IF" condition="${button_found}">
<kw name="Run Keyword And Return Status" owner="BuiltIn">
<var>${element_clicked}</var>
<arg>Dismiss ads via Click element</arg>
<arg>${frame_level}</arg>
<doc>Runs the given keyword with given arguments and returns the status as a Boolean value.</doc>
<status status="NOT RUN" start="2025-02-09T00:28:07.937880" elapsed="0.000000"/>
</kw>
<status status="NOT RUN" start="2025-02-09T00:28:07.936851" elapsed="0.001029"/>
</branch>
<status status="PASS" start="2025-02-09T00:28:07.936851" elapsed="0.001029"/>
</if>
<kw name="Unselect Frame" owner="SeleniumLibrary">
<doc>Sets the main frame as the current frame.</doc>
<status status="PASS" start="2025-02-09T00:28:07.937880" elapsed="0.002383"/>
</kw>
<return>
<value>${button_found}</value>
<status status="PASS" start="2025-02-09T00:28:07.940263" elapsed="0.000000"/>
</return>
<arg>level1</arg>
<doc>Helper Keyword for searching the dismiss button</doc>
<status status="PASS" start="2025-02-09T00:28:07.780746" elapsed="0.159517"/>
</kw>
<msg time="2025-02-09T00:28:07.941281" level="INFO">${button_found} = True</msg>
<var>${button_found}</var>
<arg>Search for the Dismiss Button within the iFrame</arg>
<arg>level1</arg>
<doc>Runs the given keyword with given arguments and returns the status as a Boolean value.</doc>
<status status="PASS" start="2025-02-09T00:28:07.780746" elapsed="0.160535"/>
</kw>
<var name="${iframe1}">&lt;selenium.webdriver.remote.webelement.WebElement (session="e18b6f0a5bb40e00c6ba055dc0e4d92a", element="f.8E0C3313B417C8FC5E85F852F11E0A1A.d.52B56CA1181C9FD4A8D93763C99AC4CD.e.454")&gt;</var>
<status status="PASS" start="2025-02-09T00:28:07.752812" elapsed="0.188469"/>
</iter>
<var>${iframe1}</var>
<value>@{iframes1}</value>
<status status="PASS" start="2025-02-09T00:28:07.588144" elapsed="0.353137"/>
</for>
<doc>Dismiss iFrame Ads</doc>
<status status="PASS" start="2025-02-09T00:28:07.577883" elapsed="0.363398"/>
</kw>
<status status="PASS" start="2025-02-09T00:28:02.324847" elapsed="5.616434"/>
</kw>
<kw name="Try to locate text" owner="Misc">
<kw name="Set Local Variable" owner="BuiltIn">
<msg time="2025-02-09T00:28:07.942301" level="INFO">${locator_to_be_found} = True</msg>
<arg>${locator_to_be_found}</arg>
<arg>${True}</arg>
<doc>Makes a variable available everywhere within the local scope.</doc>
<status status="PASS" start="2025-02-09T00:28:07.941281" elapsed="0.001020"/>
</kw>
<while condition="${locator_to_be_found}" limit="3">
<iter>
<try>
<branch type="TRY">
<kw name="Page Should Contain" owner="SeleniumLibrary">
<msg time="2025-02-09T00:28:07.954628" level="INFO">Current page contains text 'Shopping Cart'.</msg>
<arg>${locator}</arg>
<doc>Verifies that current page contains ``text``.</doc>
<status status="PASS" start="2025-02-09T00:28:07.942301" elapsed="0.012327"/>
</kw>
<kw name="Set Local Variable" owner="BuiltIn">
<msg time="2025-02-09T00:28:07.955647" level="INFO">${locator_to_be_found} = False</msg>
<arg>${locator_to_be_found}</arg>
<arg>${False}</arg>
<doc>Makes a variable available everywhere within the local scope.</doc>
<status status="PASS" start="2025-02-09T00:28:07.954628" elapsed="0.001019"/>
</kw>
<status status="PASS" start="2025-02-09T00:28:07.942301" elapsed="0.013346"/>
</branch>
<branch type="EXCEPT">
<kw name="Log" owner="BuiltIn">
<arg>element ${locator} not found</arg>
<doc>Logs the given message with the given level.</doc>
<status status="NOT RUN" start="2025-02-09T00:28:07.955647" elapsed="0.000000"/>
</kw>
<kw name="Consent to cookies and Dismiss Alarms" owner="Misc">
<status status="NOT RUN" start="2025-02-09T00:28:07.955647" elapsed="0.000000"/>
</kw>
<kw name="Pause Execution" owner="Dialogs">
<arg>Try to locate text</arg>
<doc>Pauses execution until user clicks ``Ok`` button.</doc>
<status status="NOT RUN" start="2025-02-09T00:28:07.955647" elapsed="0.000000"/>
</kw>
<status status="NOT RUN" start="2025-02-09T00:28:07.955647" elapsed="0.000000"/>
</branch>
<status status="PASS" start="2025-02-09T00:28:07.942301" elapsed="0.013346"/>
</try>
<status status="PASS" start="2025-02-09T00:28:07.942301" elapsed="0.013346"/>
</iter>
<status status="PASS" start="2025-02-09T00:28:07.942301" elapsed="0.013346"/>
</while>
<arg>${cart_page_details}[shopping_cart_txt]</arg>
<doc>Helper Keyword for interracting with elements that might not be visible due to overlayed windows/dialogs</doc>
<status status="PASS" start="2025-02-09T00:28:07.941281" elapsed="0.014366"/>
</kw>
<doc>Verify that the shopping cart page is loaded</doc>
<status status="PASS" start="2025-02-09T00:28:02.324847" elapsed="5.630800"/>
</kw>
<kw name="Scroll to Element" owner="Misc">
<kw name="Get Horizontal Position" owner="SeleniumLibrary">
<msg time="2025-02-09T00:28:07.972701" level="INFO">${x} = 1268</msg>
<var>${x}</var>
<arg>${locator}</arg>
<doc>Returns the horizontal position of the element identified by ``locator``.</doc>
<status status="PASS" start="2025-02-09T00:28:07.956668" elapsed="0.016033"/>
</kw>
<kw name="Get Vertical Position" owner="SeleniumLibrary">
<msg time="2025-02-09T00:28:07.987000" level="INFO">${y} = 410</msg>
<var>${y}</var>
<arg>${locator}</arg>
<doc>Returns the vertical position of the element identified by ``locator``.</doc>
<status status="PASS" start="2025-02-09T00:28:07.973700" elapsed="0.013300"/>
</kw>
<kw name="Execute Javascript" owner="SeleniumLibrary">
<msg time="2025-02-09T00:28:07.988024" level="INFO">Executing JavaScript:
window.scrollTo(1268, 410)
Without any arguments.</msg>
<arg>window.scrollTo(${x}, ${y})</arg>
<doc>Executes the given JavaScript code with possible arguments.</doc>
<status status="PASS" start="2025-02-09T00:28:07.987000" elapsed="0.006707"/>
</kw>
<arg>${cart_page_details}[delete_from_cart1]</arg>
<doc>Helper Keyword for scrolling to a particular element</doc>
<status status="PASS" start="2025-02-09T00:28:07.956668" elapsed="0.037039"/>
</kw>
<kw name="Click Element" owner="SeleniumLibrary">
<msg time="2025-02-09T00:28:07.994729" level="INFO">Clicking element 'xpath=//*[@id="product-1"]/*/*[@class="cart_quantity_delete"]'.</msg>
<arg>${cart_page_details}[delete_from_cart1]</arg>
<doc>Click the element identified by ``locator``.</doc>
<status status="PASS" start="2025-02-09T00:28:07.993707" elapsed="0.051574"/>
</kw>
<kw name="Page Should Contain" owner="SeleniumLibrary">
<msg time="2025-02-09T00:28:08.056703" level="INFO">Current page contains text 'Cart is empty!'.</msg>
<arg>${cart_page_details}[empty_cart_txt]</arg>
<doc>Verifies that current page contains ``text``.</doc>
<status status="PASS" start="2025-02-09T00:28:08.046733" elapsed="0.009970"/>
</kw>
<doc>Remove the first product from the shopping cart</doc>
<status status="PASS" start="2025-02-09T00:28:02.324847" elapsed="5.731856"/>
</kw>
<status status="PASS" start="2025-02-09T00:28:02.323832" elapsed="5.732871"/>
</kw>
<kw name="Close All Browsers" owner="SeleniumLibrary" type="TEARDOWN">
<doc>Closes all open browsers and resets the browser cache.</doc>
<status status="PASS" start="2025-02-09T00:28:08.057731" elapsed="2.209348"/>
</kw>
<doc>Add and Remove Products From Cart</doc>
<tag>17</tag>
<tag>Smoke</tag>
<tag>TC17</tag>
<tag>User</tag>
<status status="PASS" start="2025-02-09T00:27:41.359752" elapsed="28.907327"/>
</test>
<kw name="Close All Browsers" owner="SeleniumLibrary" type="TEARDOWN">
<doc>Closes all open browsers and resets the browser cache.</doc>
<status status="PASS" start="2025-02-09T00:28:10.268195" elapsed="0.000000"/>
</kw>
<doc>This is a demo project based on https://automationexercise.com/test_cases</doc>
<status status="PASS" start="2025-02-09T00:23:38.779322" elapsed="271.488873"/>
</suite>
<statistics>
<total>
<stat pass="6" fail="0" skip="0">All Tests</stat>
</total>
<tag>
<stat pass="1" fail="0" skip="0">01</stat>
<stat pass="1" fail="0" skip="0">02</stat>
<stat pass="1" fail="0" skip="0">08</stat>
<stat pass="1" fail="0" skip="0">09</stat>
<stat pass="1" fail="0" skip="0">14</stat>
<stat pass="1" fail="0" skip="0">17</stat>
<stat pass="6" fail="0" skip="0">Smoke</stat>
<stat pass="1" fail="0" skip="0">TC01</stat>
<stat pass="1" fail="0" skip="0">TC02</stat>
<stat pass="1" fail="0" skip="0">TC08</stat>
<stat pass="1" fail="0" skip="0">TC09</stat>
<stat pass="1" fail="0" skip="0">TC14</stat>
<stat pass="1" fail="0" skip="0">TC17</stat>
<stat pass="6" fail="0" skip="0">User</stat>
</tag>
<suite>
<stat name="OnlineShopping" id="s1" pass="6" fail="0" skip="0">OnlineShopping</stat>
</suite>
</statistics>
<errors>
</errors>
</robot>
