<?xml version="1.0" encoding="UTF-8"?>
<robot generator="Robot 7.2.2 (Python 3.11.0 on win32)" generated="2025-02-21T19:33:26.161862" rpa="false" schemaversion="5">
<suite id="s1" name="OnlineShopping" source="C:\Users\theodor\PycharmProjects\DemoQA_Robot_Framework\Tests\OnlineShopping.robot">
<test id="s1-t1" name="User Registration Test" line="13">
<kw name="Log" owner="BuiltIn">
<msg time="2025-02-21T19:33:26.460659" level="INFO">Starting TC01</msg>
<arg>Starting TC01</arg>
<doc>Logs the given message with the given level.</doc>
<status status="PASS" start="2025-02-21T19:33:26.460659" elapsed="0.000000"/>
</kw>
<kw name="Navigate To Login/Signup Page" owner="GeneralActions">
<kw name="Open the Home_URL" owner="LandingPage">
<kw name="Open Browser" owner="SeleniumLibrary">
<msg time="2025-02-21T19:33:26.460659" level="INFO">Opening browser 'headlesschrome' to base url 'http://automationexercise.com'.</msg>
<arg>${landing_page_details}[home_url]</arg>
<arg>${landing_page_details}[browser_used]</arg>
<doc>Opens a new browser instance to the optional ``url``.</doc>
<status status="PASS" start="2025-02-21T19:33:26.460659" elapsed="3.845726"/>
</kw>
<kw name="Maximize Browser Window" owner="SeleniumLibrary">
<doc>Maximizes current browser window.</doc>
<status status="PASS" start="2025-02-21T19:33:30.306385" elapsed="0.028162"/>
</kw>
<doc>Open the browser and navigate to the URL</doc>
<status status="PASS" start="2025-02-21T19:33:26.460659" elapsed="3.873888"/>
</kw>
<kw name="Verify the Landing Page" owner="LandingPage">
<kw name="Consent to cookies and Dismiss Alarms" owner="Misc">
<kw name="Sleep" owner="BuiltIn">
<msg time="2025-02-21T19:33:32.336584" level="INFO">Slept 2 seconds.</msg>
<arg>2</arg>
<doc>Pauses the test executed for the given time.</doc>
<status status="PASS" start="2025-02-21T19:33:30.335672" elapsed="2.000912"/>
</kw>
<kw name="Check Web Server Error" owner="Misc">
<kw name="Run Keyword And Return Status" owner="BuiltIn">
<kw name="Page Should Contain" owner="SeleniumLibrary">
<msg time="2025-02-21T19:33:32.338338" level="FAIL">Variable '${web_server_error_txt}' not found.</msg>
<arg>${web_server_error_txt}</arg>
<doc>Verifies that current page contains ``text``.</doc>
<status status="FAIL" start="2025-02-21T19:33:32.338338" elapsed="0.000000">Variable '${web_server_error_txt}' not found.</status>
</kw>
<msg time="2025-02-21T19:33:32.338338" level="INFO">${web_server_error_txt} = False</msg>
<var>${web_server_error_txt}</var>
<arg>page should contain</arg>
<arg>${web_server_error_txt}</arg>
<doc>Runs the given keyword with given arguments and returns the status as a Boolean value.</doc>
<status status="PASS" start="2025-02-21T19:33:32.338338" elapsed="0.000000"/>
</kw>
<if>
<branch type="IF" condition="${web_server_error_txt}">
<kw name="Log" owner="BuiltIn">
<arg>reloading page</arg>
<doc>Logs the given message with the given level.</doc>
<status status="NOT RUN" start="2025-02-21T19:33:32.338338" elapsed="0.000000"/>
</kw>
<kw name="Reload Page" owner="SeleniumLibrary">
<doc>Simulates user reloading page.</doc>
<status status="NOT RUN" start="2025-02-21T19:33:32.338338" elapsed="0.000000"/>
</kw>
<status status="NOT RUN" start="2025-02-21T19:33:32.338338" elapsed="0.000000"/>
</branch>
<status status="PASS" start="2025-02-21T19:33:32.338338" elapsed="0.000000"/>
</if>
<status status="PASS" start="2025-02-21T19:33:32.336584" elapsed="0.001754"/>
</kw>
<kw name="Consent to cookies" owner="Misc">
<kw name="Run Keyword And Return Status" owner="BuiltIn">
<kw name="Element Should Be Visible" owner="SeleniumLibrary">
<msg time="2025-02-21T19:33:32.374851" level="INFO">Element 'class=fc-cta-consent' is displayed.</msg>
<arg>${misc_details}[consent_btn]</arg>
<doc>Verifies that the element identified by ``locator`` is visible.</doc>
<status status="PASS" start="2025-02-21T19:33:32.338338" elapsed="0.036513"/>
</kw>
<msg time="2025-02-21T19:33:32.374851" level="INFO">${cookies_window} = True</msg>
<var>${cookies_window}</var>
<arg>element should be visible</arg>
<arg>${misc_details}[consent_btn]</arg>
<doc>Runs the given keyword with given arguments and returns the status as a Boolean value.</doc>
<status status="PASS" start="2025-02-21T19:33:32.338338" elapsed="0.036513"/>
</kw>
<if>
<branch type="IF" condition="${cookies_window}">
<kw name="Log" owner="BuiltIn">
<msg time="2025-02-21T19:33:32.374851" level="INFO">Cookies are visible</msg>
<arg>Cookies are visible</arg>
<doc>Logs the given message with the given level.</doc>
<status status="PASS" start="2025-02-21T19:33:32.374851" elapsed="0.000000"/>
</kw>
<kw name="Click Button" owner="SeleniumLibrary">
<msg time="2025-02-21T19:33:32.374851" level="INFO">Clicking button 'class=fc-cta-consent'.</msg>
<arg>${misc_details}[consent_btn]</arg>
<doc>Clicks the button identified by ``locator``.</doc>
<status status="PASS" start="2025-02-21T19:33:32.374851" elapsed="0.113633"/>
</kw>
<status status="PASS" start="2025-02-21T19:33:32.374851" elapsed="0.113633"/>
</branch>
<branch type="ELSE">
<kw name="Log" owner="BuiltIn">
<arg>Cookies not visible</arg>
<doc>Logs the given message with the given level.</doc>
<status status="NOT RUN" start="2025-02-21T19:33:32.489497" elapsed="0.000000"/>
</kw>
<status status="NOT RUN" start="2025-02-21T19:33:32.488484" elapsed="0.001013"/>
</branch>
<status status="PASS" start="2025-02-21T19:33:32.374851" elapsed="0.114646"/>
</if>
<doc>Click on consent button for cookies</doc>
<status status="PASS" start="2025-02-21T19:33:32.338338" elapsed="0.151159"/>
</kw>
<kw name="Dismiss Alarms" owner="Misc">
<kw name="Run Keyword And Return Status" owner="BuiltIn">
<kw name="Handle Alert" owner="SeleniumLibrary">
<msg time="2025-02-21T19:33:32.489497" level="INFO">HANDLE::&lt;class 'datetime.timedelta'&gt;::0:00:03</msg>
<msg time="2025-02-21T19:33:35.852117" level="INFO" html="true">&lt;/td&gt;&lt;/tr&gt;&lt;tr&gt;&lt;td colspan="3"&gt;&lt;a href="selenium-screenshot-1.png"&gt;&lt;img src="selenium-screenshot-1.png" width="800px"&gt;&lt;/a&gt;</msg>
<msg time="2025-02-21T19:33:35.852117" level="FAIL">Alert not found in 3 seconds.</msg>
<arg>LEAVE</arg>
<arg>3</arg>
<doc>Handles the current alert and returns its message.</doc>
<status status="FAIL" start="2025-02-21T19:33:32.489497" elapsed="3.378880">Alert not found in 3 seconds.</status>
</kw>
<msg time="2025-02-21T19:33:35.868377" level="INFO">${alert_window} = False</msg>
<var>${alert_window}</var>
<arg>handle alert</arg>
<arg>LEAVE</arg>
<arg>3</arg>
<doc>Runs the given keyword with given arguments and returns the status as a Boolean value.</doc>
<status status="PASS" start="2025-02-21T19:33:32.489497" elapsed="3.378880"/>
</kw>
<if>
<branch type="IF" condition="${alert_window}">
<kw name="Log" owner="BuiltIn">
<arg>Alert window present</arg>
<doc>Logs the given message with the given level.</doc>
<status status="NOT RUN" start="2025-02-21T19:33:35.868377" elapsed="0.000000"/>
</kw>
<kw name="Handle Alert" owner="SeleniumLibrary">
<arg>DISMISS</arg>
<doc>Handles the current alert and returns its message.</doc>
<status status="NOT RUN" start="2025-02-21T19:33:35.868377" elapsed="0.000000"/>
</kw>
<status status="NOT RUN" start="2025-02-21T19:33:35.868377" elapsed="0.000000"/>
</branch>
<branch type="ELSE">
<kw name="Log" owner="BuiltIn">
<msg time="2025-02-21T19:33:35.868377" level="INFO">Alert window not present</msg>
<arg>Alert window not present</arg>
<doc>Logs the given message with the given level.</doc>
<status status="PASS" start="2025-02-21T19:33:35.868377" elapsed="0.000000"/>
</kw>
<status status="PASS" start="2025-02-21T19:33:35.868377" elapsed="0.000000"/>
</branch>
<status status="PASS" start="2025-02-21T19:33:35.868377" elapsed="0.000000"/>
</if>
<doc>Dismiss Alarm popups</doc>
<status status="PASS" start="2025-02-21T19:33:32.489497" elapsed="3.378880"/>
</kw>
<kw name="Dismiss iFrame Ads" owner="Misc">
<kw name="Get WebElements" owner="SeleniumLibrary">
<msg time="2025-02-21T19:33:35.884782" level="INFO">${iframes1} = [&lt;selenium.webdriver.remote.webelement.WebElement (session="8464e7ea1b92a3d31f917cdc47798327", element="f.A21DA5FEAF2EA5F88A268FB679FB3A06.d.394BA85BC8C25AEBB0ACE80E8CAE1D03.e.426")&gt;]</msg>
<var>${iframes1}</var>
<arg>${misc_details}[ad_iframe]</arg>
<doc>Returns a list of WebElement objects matching the ``locator``.</doc>
<status status="PASS" start="2025-02-21T19:33:35.868377" elapsed="0.016405"/>
</kw>
<for flavor="IN">
<iter>
<kw name="Unselect Frame" owner="SeleniumLibrary">
<doc>Sets the main frame as the current frame.</doc>
<status status="PASS" start="2025-02-21T19:33:35.884782" elapsed="0.000000"/>
</kw>
<kw name="Log" owner="BuiltIn">
<msg time="2025-02-21T19:33:35.884782" level="INFO">iframe level1 detected: &lt;selenium.webdriver.remote.webelement.WebElement (session="8464e7ea1b92a3d31f917cdc47798327", element="f.A21DA5FEAF2EA5F88A268FB679FB3A06.d.394BA85BC8C25AEBB0ACE80E8CAE1D03.e.426")&gt;</msg>
<arg>iframe level1 detected: ${iframe1}</arg>
<doc>Logs the given message with the given level.</doc>
<status status="PASS" start="2025-02-21T19:33:35.884782" elapsed="0.000000"/>
</kw>
<kw name="Run Keyword And Return Status" owner="BuiltIn">
<kw name="Select Frame" owner="SeleniumLibrary">
<msg time="2025-02-21T19:33:35.884782" level="INFO">Selecting frame '&lt;selenium.webdriver.remote.webelement.WebElement (session="8464e7ea1b92a3d31f917cdc47798327", element="f.A21DA5FEAF2EA5F88A268FB679FB3A06.d.394BA85BC8C25AEBB0ACE80E8CAE1D03.e.426")&gt;'.</msg>
<arg>${iframe1}</arg>
<doc>Sets frame identified by ``locator`` as the current frame.</doc>
<status status="PASS" start="2025-02-21T19:33:35.884782" elapsed="0.016251"/>
</kw>
<msg time="2025-02-21T19:33:35.901033" level="INFO">${selecting_frame1} = True</msg>
<var>${selecting_frame1}</var>
<arg>select frame</arg>
<arg>${iframe1}</arg>
<doc>Runs the given keyword with given arguments and returns the status as a Boolean value.</doc>
<status status="PASS" start="2025-02-21T19:33:35.884782" elapsed="0.016251"/>
</kw>
<kw name="Get WebElements" owner="SeleniumLibrary">
<msg time="2025-02-21T19:33:35.917780" level="INFO">${iframes2} = []</msg>
<var>${iframes2}</var>
<arg>${misc_details}[ad_iframe]</arg>
<doc>Returns a list of WebElement objects matching the ``locator``.</doc>
<status status="PASS" start="2025-02-21T19:33:35.901033" elapsed="0.016747"/>
</kw>
<for flavor="IN">
<iter>
<kw name="Log" owner="BuiltIn">
<arg>iframe level2 detected: ${iframe2}</arg>
<doc>Logs the given message with the given level.</doc>
<status status="NOT RUN" start="2025-02-21T19:33:35.917780" elapsed="0.000000"/>
</kw>
<kw name="Run Keyword And Return Status" owner="BuiltIn">
<var>${selecting_frame2}</var>
<arg>select frame</arg>
<arg>${iframe2}</arg>
<doc>Runs the given keyword with given arguments and returns the status as a Boolean value.</doc>
<status status="NOT RUN" start="2025-02-21T19:33:35.917780" elapsed="0.000000"/>
</kw>
<kw name="Get WebElements" owner="SeleniumLibrary">
<var>${iframes3}</var>
<arg>${misc_details}[ad_iframe]</arg>
<doc>Returns a list of WebElement objects matching the ``locator``.</doc>
<status status="NOT RUN" start="2025-02-21T19:33:35.917780" elapsed="0.000000"/>
</kw>
<for flavor="IN">
<iter>
<kw name="Log" owner="BuiltIn">
<arg>iframe level3 detected: ${iframe3}</arg>
<doc>Logs the given message with the given level.</doc>
<status status="NOT RUN" start="2025-02-21T19:33:35.917780" elapsed="0.000000"/>
</kw>
<kw name="Run Keyword And Return Status" owner="BuiltIn">
<var>${selecting_frame3}</var>
<arg>select frame</arg>
<arg>${iframe3}</arg>
<doc>Runs the given keyword with given arguments and returns the status as a Boolean value.</doc>
<status status="NOT RUN" start="2025-02-21T19:33:35.917780" elapsed="0.000000"/>
</kw>
<kw name="Search for the Dismiss Button within the iFrame" owner="Misc">
<var>${button_found}</var>
<arg>level3</arg>
<doc>Helper Keyword for searching the dismiss button</doc>
<status status="NOT RUN" start="2025-02-21T19:33:35.917780" elapsed="0.000000"/>
</kw>
<kw name="Run Keyword And Return Status" owner="BuiltIn">
<var>${selecting_frame1}</var>
<arg>select frame</arg>
<arg>${iframe1}</arg>
<doc>Runs the given keyword with given arguments and returns the status as a Boolean value.</doc>
<status status="NOT RUN" start="2025-02-21T19:33:35.917780" elapsed="0.000000"/>
</kw>
<kw name="Run Keyword And Return Status" owner="BuiltIn">
<var>${selecting_frame2}</var>
<arg>select frame</arg>
<arg>${iframe2}</arg>
<doc>Runs the given keyword with given arguments and returns the status as a Boolean value.</doc>
<status status="NOT RUN" start="2025-02-21T19:33:35.917780" elapsed="0.000000"/>
</kw>
<var name="${iframe3}"/>
<status status="NOT RUN" start="2025-02-21T19:33:35.917780" elapsed="0.000000"/>
</iter>
<var>${iframe3}</var>
<value>@{iframes3}</value>
<status status="NOT RUN" start="2025-02-21T19:33:35.917780" elapsed="0.000000"/>
</for>
<kw name="Search for the Dismiss Button within the iFrame" owner="Misc">
<var>${button_found}</var>
<arg>level2</arg>
<doc>Helper Keyword for searching the dismiss button</doc>
<status status="NOT RUN" start="2025-02-21T19:33:35.917780" elapsed="0.000000"/>
</kw>
<kw name="Run Keyword And Return Status" owner="BuiltIn">
<var>${selecting_frame1}</var>
<arg>select frame</arg>
<arg>${iframe1}</arg>
<doc>Runs the given keyword with given arguments and returns the status as a Boolean value.</doc>
<status status="NOT RUN" start="2025-02-21T19:33:35.917780" elapsed="0.000000"/>
</kw>
<var name="${iframe2}"/>
<status status="NOT RUN" start="2025-02-21T19:33:35.917780" elapsed="0.000000"/>
</iter>
<var>${iframe2}</var>
<value>@{iframes2}</value>
<status status="NOT RUN" start="2025-02-21T19:33:35.917780" elapsed="0.000000"/>
</for>
<kw name="Run Keyword And Return Status" owner="BuiltIn">
<kw name="Search for the Dismiss Button within the iFrame" owner="Misc">
<kw name="Run Keyword And Return Status" owner="BuiltIn">
<kw name="Page Should Contain Button" owner="SeleniumLibrary">
<msg time="2025-02-21T19:33:36.260735" level="INFO" html="true">&lt;/td&gt;&lt;/tr&gt;&lt;tr&gt;&lt;td colspan="3"&gt;&lt;a href="selenium-screenshot-2.png"&gt;&lt;img src="selenium-screenshot-2.png" width="800px"&gt;&lt;/a&gt;</msg>
<msg time="2025-02-21T19:33:36.260735" level="FAIL">Page should have contained button 'xpath=//*[@id="dismiss-button"]' but did not.</msg>
<arg>${misc_details}[dismiss_button]</arg>
<doc>Verifies button ``locator`` is found from current page.</doc>
<status status="FAIL" start="2025-02-21T19:33:35.917780" elapsed="0.342955">Page should have contained button 'xpath=//*[@id="dismiss-button"]' but did not.</status>
</kw>
<msg time="2025-02-21T19:33:36.260735" level="INFO">${button_found} = False</msg>
<var>${button_found}</var>
<arg>page should contain button</arg>
<arg>${misc_details}[dismiss_button]</arg>
<doc>Runs the given keyword with given arguments and returns the status as a Boolean value.</doc>
<status status="PASS" start="2025-02-21T19:33:35.917780" elapsed="0.342955"/>
</kw>
<if>
<branch type="IF" condition="${button_found}">
<kw name="Run Keyword And Return Status" owner="BuiltIn">
<var>${element_clicked}</var>
<arg>Dismiss ads via Click element</arg>
<arg>${frame_level}</arg>
<doc>Runs the given keyword with given arguments and returns the status as a Boolean value.</doc>
<status status="NOT RUN" start="2025-02-21T19:33:36.260735" elapsed="0.000000"/>
</kw>
<status status="NOT RUN" start="2025-02-21T19:33:36.260735" elapsed="0.000000"/>
</branch>
<status status="PASS" start="2025-02-21T19:33:36.260735" elapsed="0.000000"/>
</if>
<kw name="Unselect Frame" owner="SeleniumLibrary">
<doc>Sets the main frame as the current frame.</doc>
<status status="PASS" start="2025-02-21T19:33:36.260735" elapsed="0.000000"/>
</kw>
<return>
<value>${button_found}</value>
<status status="PASS" start="2025-02-21T19:33:36.260735" elapsed="0.000000"/>
</return>
<arg>level1</arg>
<doc>Helper Keyword for searching the dismiss button</doc>
<status status="PASS" start="2025-02-21T19:33:35.917780" elapsed="0.342955"/>
</kw>
<msg time="2025-02-21T19:33:36.260735" level="INFO">${button_found} = True</msg>
<var>${button_found}</var>
<arg>Search for the Dismiss Button within the iFrame</arg>
<arg>level1</arg>
<doc>Runs the given keyword with given arguments and returns the status as a Boolean value.</doc>
<status status="PASS" start="2025-02-21T19:33:35.917780" elapsed="0.342955"/>
</kw>
<var name="${iframe1}">&lt;selenium.webdriver.remote.webelement.WebElement (session="8464e7ea1b92a3d31f917cdc47798327", element="f.A21DA5FEAF2EA5F88A268FB679FB3A06.d.394BA85BC8C25AEBB0ACE80E8CAE1D03.e.426")&gt;</var>
<status status="PASS" start="2025-02-21T19:33:35.884782" elapsed="0.375953"/>
</iter>
<var>${iframe1}</var>
<value>@{iframes1}</value>
<status status="PASS" start="2025-02-21T19:33:35.884782" elapsed="0.375953"/>
</for>
<doc>Dismiss iFrame Ads</doc>
<status status="PASS" start="2025-02-21T19:33:35.868377" elapsed="0.392358"/>
</kw>
<status status="PASS" start="2025-02-21T19:33:30.335672" elapsed="5.925063"/>
</kw>
<kw name="Try to locate text" owner="Misc">
<kw name="Set Local Variable" owner="BuiltIn">
<msg time="2025-02-21T19:33:36.260735" level="INFO">${locator_to_be_found} = True</msg>
<arg>${locator_to_be_found}</arg>
<arg>${True}</arg>
<doc>Makes a variable available everywhere within the local scope.</doc>
<status status="PASS" start="2025-02-21T19:33:36.260735" elapsed="0.000000"/>
</kw>
<while condition="${locator_to_be_found}" limit="3">
<iter>
<try>
<branch type="TRY">
<kw name="Page Should Contain" owner="SeleniumLibrary">
<msg time="2025-02-21T19:33:36.276537" level="INFO">Current page contains text 'Automation Exercise'.</msg>
<arg>${locator}</arg>
<doc>Verifies that current page contains ``text``.</doc>
<status status="PASS" start="2025-02-21T19:33:36.260735" elapsed="0.015802"/>
</kw>
<kw name="Set Local Variable" owner="BuiltIn">
<msg time="2025-02-21T19:33:36.276537" level="INFO">${locator_to_be_found} = False</msg>
<arg>${locator_to_be_found}</arg>
<arg>${False}</arg>
<doc>Makes a variable available everywhere within the local scope.</doc>
<status status="PASS" start="2025-02-21T19:33:36.276537" elapsed="0.000000"/>
</kw>
<status status="PASS" start="2025-02-21T19:33:36.260735" elapsed="0.015802"/>
</branch>
<branch type="EXCEPT">
<kw name="Log" owner="BuiltIn">
<arg>element ${locator} not found</arg>
<doc>Logs the given message with the given level.</doc>
<status status="NOT RUN" start="2025-02-21T19:33:36.276537" elapsed="0.000000"/>
</kw>
<kw name="Consent to cookies and Dismiss Alarms" owner="Misc">
<status status="NOT RUN" start="2025-02-21T19:33:36.276537" elapsed="0.000000"/>
</kw>
<kw name="Pause Execution" owner="Dialogs">
<arg>Try to locate text</arg>
<doc>Pauses execution until user clicks ``Ok`` button.</doc>
<status status="NOT RUN" start="2025-02-21T19:33:36.276537" elapsed="0.000000"/>
</kw>
<status status="NOT RUN" start="2025-02-21T19:33:36.276537" elapsed="0.000000"/>
</branch>
<status status="PASS" start="2025-02-21T19:33:36.260735" elapsed="0.015802"/>
</try>
<status status="PASS" start="2025-02-21T19:33:36.260735" elapsed="0.015802"/>
</iter>
<status status="PASS" start="2025-02-21T19:33:36.260735" elapsed="0.015802"/>
</while>
<arg>${landing_page_details}[landing_page_txt]</arg>
<doc>Helper Keyword for interracting with elements that might not be visible due to overlayed windows/dialogs</doc>
<status status="PASS" start="2025-02-21T19:33:36.260735" elapsed="0.015802"/>
</kw>
<doc>Verify that the landing page is loaded</doc>
<status status="PASS" start="2025-02-21T19:33:30.334547" elapsed="5.941990"/>
</kw>
<kw name="Click Login/SignUp" owner="LandingPage">
<kw name="Click Element" owner="SeleniumLibrary">
<msg time="2025-02-21T19:33:36.276537" level="INFO">Clicking element 'xpath=//a[contains(text(),'Signup / Login')]'.</msg>
<arg>${landing_page_details}[signup_login_btn]</arg>
<doc>Click the element identified by ``locator``.</doc>
<status status="PASS" start="2025-02-21T19:33:36.276537" elapsed="1.201765"/>
</kw>
<doc>Click on the Login/SignUp button</doc>
<status status="PASS" start="2025-02-21T19:33:36.276537" elapsed="1.201765"/>
</kw>
<status status="PASS" start="2025-02-21T19:33:26.460659" elapsed="11.017643"/>
</kw>
<kw name="Navigate To Signup Details Page" owner="RegisterUserActions">
<kw name="Verify the SignUp Page" owner="LoginSignupPage">
<kw name="Consent to cookies and Dismiss Alarms" owner="Misc">
<kw name="Sleep" owner="BuiltIn">
<msg time="2025-02-21T19:33:39.479784" level="INFO">Slept 2 seconds.</msg>
<arg>2</arg>
<doc>Pauses the test executed for the given time.</doc>
<status status="PASS" start="2025-02-21T19:33:37.479313" elapsed="2.000471"/>
</kw>
<kw name="Check Web Server Error" owner="Misc">
<kw name="Run Keyword And Return Status" owner="BuiltIn">
<kw name="Page Should Contain" owner="SeleniumLibrary">
<msg time="2025-02-21T19:33:39.479784" level="FAIL">Variable '${web_server_error_txt}' not found.</msg>
<arg>${web_server_error_txt}</arg>
<doc>Verifies that current page contains ``text``.</doc>
<status status="FAIL" start="2025-02-21T19:33:39.479784" elapsed="0.000000">Variable '${web_server_error_txt}' not found.</status>
</kw>
<msg time="2025-02-21T19:33:39.479784" level="INFO">${web_server_error_txt} = False</msg>
<var>${web_server_error_txt}</var>
<arg>page should contain</arg>
<arg>${web_server_error_txt}</arg>
<doc>Runs the given keyword with given arguments and returns the status as a Boolean value.</doc>
<status status="PASS" start="2025-02-21T19:33:39.479784" elapsed="0.000000"/>
</kw>
<if>
<branch type="IF" condition="${web_server_error_txt}">
<kw name="Log" owner="BuiltIn">
<arg>reloading page</arg>
<doc>Logs the given message with the given level.</doc>
<status status="NOT RUN" start="2025-02-21T19:33:39.479784" elapsed="0.000000"/>
</kw>
<kw name="Reload Page" owner="SeleniumLibrary">
<doc>Simulates user reloading page.</doc>
<status status="NOT RUN" start="2025-02-21T19:33:39.479784" elapsed="0.000000"/>
</kw>
<status status="NOT RUN" start="2025-02-21T19:33:39.479784" elapsed="0.000000"/>
</branch>
<status status="PASS" start="2025-02-21T19:33:39.479784" elapsed="0.000000"/>
</if>
<status status="PASS" start="2025-02-21T19:33:39.479784" elapsed="0.000000"/>
</kw>
<kw name="Consent to cookies" owner="Misc">
<kw name="Run Keyword And Return Status" owner="BuiltIn">
<kw name="Element Should Be Visible" owner="SeleniumLibrary">
<msg time="2025-02-21T19:33:39.711043" level="INFO" html="true">&lt;/td&gt;&lt;/tr&gt;&lt;tr&gt;&lt;td colspan="3"&gt;&lt;a href="selenium-screenshot-3.png"&gt;&lt;img src="selenium-screenshot-3.png" width="800px"&gt;&lt;/a&gt;</msg>
<msg time="2025-02-21T19:33:39.711043" level="FAIL">Element with locator 'class=fc-cta-consent' not found.</msg>
<arg>${misc_details}[consent_btn]</arg>
<doc>Verifies that the element identified by ``locator`` is visible.</doc>
<status status="FAIL" start="2025-02-21T19:33:39.479784" elapsed="0.231259">Element with locator 'class=fc-cta-consent' not found.</status>
</kw>
<msg time="2025-02-21T19:33:39.711043" level="INFO">${cookies_window} = False</msg>
<var>${cookies_window}</var>
<arg>element should be visible</arg>
<arg>${misc_details}[consent_btn]</arg>
<doc>Runs the given keyword with given arguments and returns the status as a Boolean value.</doc>
<status status="PASS" start="2025-02-21T19:33:39.479784" elapsed="0.231259"/>
</kw>
<if>
<branch type="IF" condition="${cookies_window}">
<kw name="Log" owner="BuiltIn">
<arg>Cookies are visible</arg>
<doc>Logs the given message with the given level.</doc>
<status status="NOT RUN" start="2025-02-21T19:33:39.711043" elapsed="0.000000"/>
</kw>
<kw name="Click Button" owner="SeleniumLibrary">
<arg>${misc_details}[consent_btn]</arg>
<doc>Clicks the button identified by ``locator``.</doc>
<status status="NOT RUN" start="2025-02-21T19:33:39.711043" elapsed="0.000000"/>
</kw>
<status status="NOT RUN" start="2025-02-21T19:33:39.711043" elapsed="0.000000"/>
</branch>
<branch type="ELSE">
<kw name="Log" owner="BuiltIn">
<msg time="2025-02-21T19:33:39.711043" level="INFO">Cookies not visible</msg>
<arg>Cookies not visible</arg>
<doc>Logs the given message with the given level.</doc>
<status status="PASS" start="2025-02-21T19:33:39.711043" elapsed="0.000000"/>
</kw>
<status status="PASS" start="2025-02-21T19:33:39.711043" elapsed="0.000000"/>
</branch>
<status status="PASS" start="2025-02-21T19:33:39.711043" elapsed="0.000000"/>
</if>
<doc>Click on consent button for cookies</doc>
<status status="PASS" start="2025-02-21T19:33:39.479784" elapsed="0.231259"/>
</kw>
<kw name="Dismiss Alarms" owner="Misc">
<kw name="Run Keyword And Return Status" owner="BuiltIn">
<kw name="Handle Alert" owner="SeleniumLibrary">
<msg time="2025-02-21T19:33:39.711043" level="INFO">HANDLE::&lt;class 'datetime.timedelta'&gt;::0:00:03</msg>
<msg time="2025-02-21T19:33:42.961588" level="INFO" html="true">&lt;/td&gt;&lt;/tr&gt;&lt;tr&gt;&lt;td colspan="3"&gt;&lt;a href="selenium-screenshot-4.png"&gt;&lt;img src="selenium-screenshot-4.png" width="800px"&gt;&lt;/a&gt;</msg>
<msg time="2025-02-21T19:33:42.961588" level="FAIL">Alert not found in 3 seconds.</msg>
<arg>LEAVE</arg>
<arg>3</arg>
<doc>Handles the current alert and returns its message.</doc>
<status status="FAIL" start="2025-02-21T19:33:39.711043" elapsed="3.250545">Alert not found in 3 seconds.</status>
</kw>
<msg time="2025-02-21T19:33:42.961588" level="INFO">${alert_window} = False</msg>
<var>${alert_window}</var>
<arg>handle alert</arg>
<arg>LEAVE</arg>
<arg>3</arg>
<doc>Runs the given keyword with given arguments and returns the status as a Boolean value.</doc>
<status status="PASS" start="2025-02-21T19:33:39.711043" elapsed="3.250545"/>
</kw>
<if>
<branch type="IF" condition="${alert_window}">
<kw name="Log" owner="BuiltIn">
<arg>Alert window present</arg>
<doc>Logs the given message with the given level.</doc>
<status status="NOT RUN" start="2025-02-21T19:33:42.961588" elapsed="0.000000"/>
</kw>
<kw name="Handle Alert" owner="SeleniumLibrary">
<arg>DISMISS</arg>
<doc>Handles the current alert and returns its message.</doc>
<status status="NOT RUN" start="2025-02-21T19:33:42.961588" elapsed="0.000000"/>
</kw>
<status status="NOT RUN" start="2025-02-21T19:33:42.961588" elapsed="0.000000"/>
</branch>
<branch type="ELSE">
<kw name="Log" owner="BuiltIn">
<msg time="2025-02-21T19:33:42.961588" level="INFO">Alert window not present</msg>
<arg>Alert window not present</arg>
<doc>Logs the given message with the given level.</doc>
<status status="PASS" start="2025-02-21T19:33:42.961588" elapsed="0.000000"/>
</kw>
<status status="PASS" start="2025-02-21T19:33:42.961588" elapsed="0.000000"/>
</branch>
<status status="PASS" start="2025-02-21T19:33:42.961588" elapsed="0.000000"/>
</if>
<doc>Dismiss Alarm popups</doc>
<status status="PASS" start="2025-02-21T19:33:39.711043" elapsed="3.250545"/>
</kw>
<kw name="Dismiss iFrame Ads" owner="Misc">
<kw name="Get WebElements" owner="SeleniumLibrary">
<msg time="2025-02-21T19:33:42.977507" level="INFO">${iframes1} = [&lt;selenium.webdriver.remote.webelement.WebElement (session="8464e7ea1b92a3d31f917cdc47798327", element="f.A21DA5FEAF2EA5F88A268FB679FB3A06.d.41E66076673FF2D3F52021C86A3C53D3.e.449")&gt;]</msg>
<var>${iframes1}</var>
<arg>${misc_details}[ad_iframe]</arg>
<doc>Returns a list of WebElement objects matching the ``locator``.</doc>
<status status="PASS" start="2025-02-21T19:33:42.961588" elapsed="0.015919"/>
</kw>
<for flavor="IN">
<iter>
<kw name="Unselect Frame" owner="SeleniumLibrary">
<doc>Sets the main frame as the current frame.</doc>
<status status="PASS" start="2025-02-21T19:33:42.977507" elapsed="0.000000"/>
</kw>
<kw name="Log" owner="BuiltIn">
<msg time="2025-02-21T19:33:42.977507" level="INFO">iframe level1 detected: &lt;selenium.webdriver.remote.webelement.WebElement (session="8464e7ea1b92a3d31f917cdc47798327", element="f.A21DA5FEAF2EA5F88A268FB679FB3A06.d.41E66076673FF2D3F52021C86A3C53D3.e.449")&gt;</msg>
<arg>iframe level1 detected: ${iframe1}</arg>
<doc>Logs the given message with the given level.</doc>
<status status="PASS" start="2025-02-21T19:33:42.977507" elapsed="0.000000"/>
</kw>
<kw name="Run Keyword And Return Status" owner="BuiltIn">
<kw name="Select Frame" owner="SeleniumLibrary">
<msg time="2025-02-21T19:33:42.977507" level="INFO">Selecting frame '&lt;selenium.webdriver.remote.webelement.WebElement (session="8464e7ea1b92a3d31f917cdc47798327", element="f.A21DA5FEAF2EA5F88A268FB679FB3A06.d.41E66076673FF2D3F52021C86A3C53D3.e.449")&gt;'.</msg>
<arg>${iframe1}</arg>
<doc>Sets frame identified by ``locator`` as the current frame.</doc>
<status status="PASS" start="2025-02-21T19:33:42.977507" elapsed="0.015717"/>
</kw>
<msg time="2025-02-21T19:33:42.993224" level="INFO">${selecting_frame1} = True</msg>
<var>${selecting_frame1}</var>
<arg>select frame</arg>
<arg>${iframe1}</arg>
<doc>Runs the given keyword with given arguments and returns the status as a Boolean value.</doc>
<status status="PASS" start="2025-02-21T19:33:42.977507" elapsed="0.015717"/>
</kw>
<kw name="Get WebElements" owner="SeleniumLibrary">
<msg time="2025-02-21T19:33:42.993224" level="INFO">${iframes2} = []</msg>
<var>${iframes2}</var>
<arg>${misc_details}[ad_iframe]</arg>
<doc>Returns a list of WebElement objects matching the ``locator``.</doc>
<status status="PASS" start="2025-02-21T19:33:42.993224" elapsed="0.000000"/>
</kw>
<for flavor="IN">
<iter>
<kw name="Log" owner="BuiltIn">
<arg>iframe level2 detected: ${iframe2}</arg>
<doc>Logs the given message with the given level.</doc>
<status status="NOT RUN" start="2025-02-21T19:33:42.993224" elapsed="0.000000"/>
</kw>
<kw name="Run Keyword And Return Status" owner="BuiltIn">
<var>${selecting_frame2}</var>
<arg>select frame</arg>
<arg>${iframe2}</arg>
<doc>Runs the given keyword with given arguments and returns the status as a Boolean value.</doc>
<status status="NOT RUN" start="2025-02-21T19:33:42.993224" elapsed="0.000000"/>
</kw>
<kw name="Get WebElements" owner="SeleniumLibrary">
<var>${iframes3}</var>
<arg>${misc_details}[ad_iframe]</arg>
<doc>Returns a list of WebElement objects matching the ``locator``.</doc>
<status status="NOT RUN" start="2025-02-21T19:33:42.993224" elapsed="0.000000"/>
</kw>
<for flavor="IN">
<iter>
<kw name="Log" owner="BuiltIn">
<arg>iframe level3 detected: ${iframe3}</arg>
<doc>Logs the given message with the given level.</doc>
<status status="NOT RUN" start="2025-02-21T19:33:42.993224" elapsed="0.000000"/>
</kw>
<kw name="Run Keyword And Return Status" owner="BuiltIn">
<var>${selecting_frame3}</var>
<arg>select frame</arg>
<arg>${iframe3}</arg>
<doc>Runs the given keyword with given arguments and returns the status as a Boolean value.</doc>
<status status="NOT RUN" start="2025-02-21T19:33:42.993224" elapsed="0.000000"/>
</kw>
<kw name="Search for the Dismiss Button within the iFrame" owner="Misc">
<var>${button_found}</var>
<arg>level3</arg>
<doc>Helper Keyword for searching the dismiss button</doc>
<status status="NOT RUN" start="2025-02-21T19:33:42.993224" elapsed="0.000000"/>
</kw>
<kw name="Run Keyword And Return Status" owner="BuiltIn">
<var>${selecting_frame1}</var>
<arg>select frame</arg>
<arg>${iframe1}</arg>
<doc>Runs the given keyword with given arguments and returns the status as a Boolean value.</doc>
<status status="NOT RUN" start="2025-02-21T19:33:42.993224" elapsed="0.000000"/>
</kw>
<kw name="Run Keyword And Return Status" owner="BuiltIn">
<var>${selecting_frame2}</var>
<arg>select frame</arg>
<arg>${iframe2}</arg>
<doc>Runs the given keyword with given arguments and returns the status as a Boolean value.</doc>
<status status="NOT RUN" start="2025-02-21T19:33:42.993224" elapsed="0.000000"/>
</kw>
<var name="${iframe3}"/>
<status status="NOT RUN" start="2025-02-21T19:33:42.993224" elapsed="0.000000"/>
</iter>
<var>${iframe3}</var>
<value>@{iframes3}</value>
<status status="NOT RUN" start="2025-02-21T19:33:42.993224" elapsed="0.000000"/>
</for>
<kw name="Search for the Dismiss Button within the iFrame" owner="Misc">
<var>${button_found}</var>
<arg>level2</arg>
<doc>Helper Keyword for searching the dismiss button</doc>
<status status="NOT RUN" start="2025-02-21T19:33:42.993224" elapsed="0.000000"/>
</kw>
<kw name="Run Keyword And Return Status" owner="BuiltIn">
<var>${selecting_frame1}</var>
<arg>select frame</arg>
<arg>${iframe1}</arg>
<doc>Runs the given keyword with given arguments and returns the status as a Boolean value.</doc>
<status status="NOT RUN" start="2025-02-21T19:33:42.993224" elapsed="0.000000"/>
</kw>
<var name="${iframe2}"/>
<status status="NOT RUN" start="2025-02-21T19:33:42.993224" elapsed="0.000000"/>
</iter>
<var>${iframe2}</var>
<value>@{iframes2}</value>
<status status="NOT RUN" start="2025-02-21T19:33:42.993224" elapsed="0.000000"/>
</for>
<kw name="Run Keyword And Return Status" owner="BuiltIn">
<kw name="Search for the Dismiss Button within the iFrame" owner="Misc">
<kw name="Run Keyword And Return Status" owner="BuiltIn">
<kw name="Page Should Contain Button" owner="SeleniumLibrary">
<msg time="2025-02-21T19:33:43.245066" level="INFO" html="true">&lt;/td&gt;&lt;/tr&gt;&lt;tr&gt;&lt;td colspan="3"&gt;&lt;a href="selenium-screenshot-5.png"&gt;&lt;img src="selenium-screenshot-5.png" width="800px"&gt;&lt;/a&gt;</msg>
<msg time="2025-02-21T19:33:43.245066" level="FAIL">Page should have contained button 'xpath=//*[@id="dismiss-button"]' but did not.</msg>
<arg>${misc_details}[dismiss_button]</arg>
<doc>Verifies button ``locator`` is found from current page.</doc>
<status status="FAIL" start="2025-02-21T19:33:42.993224" elapsed="0.251842">Page should have contained button 'xpath=//*[@id="dismiss-button"]' but did not.</status>
</kw>
<msg time="2025-02-21T19:33:43.245066" level="INFO">${button_found} = False</msg>
<var>${button_found}</var>
<arg>page should contain button</arg>
<arg>${misc_details}[dismiss_button]</arg>
<doc>Runs the given keyword with given arguments and returns the status as a Boolean value.</doc>
<status status="PASS" start="2025-02-21T19:33:42.993224" elapsed="0.251842"/>
</kw>
<if>
<branch type="IF" condition="${button_found}">
<kw name="Run Keyword And Return Status" owner="BuiltIn">
<var>${element_clicked}</var>
<arg>Dismiss ads via Click element</arg>
<arg>${frame_level}</arg>
<doc>Runs the given keyword with given arguments and returns the status as a Boolean value.</doc>
<status status="NOT RUN" start="2025-02-21T19:33:43.245066" elapsed="0.000000"/>
</kw>
<status status="NOT RUN" start="2025-02-21T19:33:43.245066" elapsed="0.000000"/>
</branch>
<status status="PASS" start="2025-02-21T19:33:43.245066" elapsed="0.000000"/>
</if>
<kw name="Unselect Frame" owner="SeleniumLibrary">
<doc>Sets the main frame as the current frame.</doc>
<status status="PASS" start="2025-02-21T19:33:43.245066" elapsed="0.000000"/>
</kw>
<return>
<value>${button_found}</value>
<status status="PASS" start="2025-02-21T19:33:43.245066" elapsed="0.000000"/>
</return>
<arg>level1</arg>
<doc>Helper Keyword for searching the dismiss button</doc>
<status status="PASS" start="2025-02-21T19:33:42.993224" elapsed="0.251842"/>
</kw>
<msg time="2025-02-21T19:33:43.245066" level="INFO">${button_found} = True</msg>
<var>${button_found}</var>
<arg>Search for the Dismiss Button within the iFrame</arg>
<arg>level1</arg>
<doc>Runs the given keyword with given arguments and returns the status as a Boolean value.</doc>
<status status="PASS" start="2025-02-21T19:33:42.993224" elapsed="0.251842"/>
</kw>
<var name="${iframe1}">&lt;selenium.webdriver.remote.webelement.WebElement (session="8464e7ea1b92a3d31f917cdc47798327", element="f.A21DA5FEAF2EA5F88A268FB679FB3A06.d.41E66076673FF2D3F52021C86A3C53D3.e.449")&gt;</var>
<status status="PASS" start="2025-02-21T19:33:42.977507" elapsed="0.267559"/>
</iter>
<var>${iframe1}</var>
<value>@{iframes1}</value>
<status status="PASS" start="2025-02-21T19:33:42.977507" elapsed="0.267559"/>
</for>
<doc>Dismiss iFrame Ads</doc>
<status status="PASS" start="2025-02-21T19:33:42.961588" elapsed="0.283478"/>
</kw>
<status status="PASS" start="2025-02-21T19:33:37.479313" elapsed="5.765753"/>
</kw>
<kw name="Try to locate element" owner="Misc">
<kw name="Set Local Variable" owner="BuiltIn">
<msg time="2025-02-21T19:33:43.245066" level="INFO">${locator_to_be_found} = True</msg>
<arg>${locator_to_be_found}</arg>
<arg>${True}</arg>
<doc>Makes a variable available everywhere within the local scope.</doc>
<status status="PASS" start="2025-02-21T19:33:43.245066" elapsed="0.000000"/>
</kw>
<while condition="${locator_to_be_found}" limit="3">
<iter>
<try>
<branch type="TRY">
<kw name="Page Should Contain Element" owner="SeleniumLibrary">
<msg time="2025-02-21T19:33:43.260711" level="INFO">Current page contains element 'xpath=//h2[text()='New User Signup!']'.</msg>
<arg>${locator}</arg>
<doc>Verifies that element ``locator`` is found on the current page.</doc>
<status status="PASS" start="2025-02-21T19:33:43.245066" elapsed="0.015645"/>
</kw>
<kw name="Set Local Variable" owner="BuiltIn">
<msg time="2025-02-21T19:33:43.260711" level="INFO">${locator_to_be_found} = False</msg>
<arg>${locator_to_be_found}</arg>
<arg>${False}</arg>
<doc>Makes a variable available everywhere within the local scope.</doc>
<status status="PASS" start="2025-02-21T19:33:43.260711" elapsed="0.000000"/>
</kw>
<status status="PASS" start="2025-02-21T19:33:43.245066" elapsed="0.015645"/>
</branch>
<branch type="EXCEPT">
<kw name="Log" owner="BuiltIn">
<arg>element ${locator} not found</arg>
<doc>Logs the given message with the given level.</doc>
<status status="NOT RUN" start="2025-02-21T19:33:43.260711" elapsed="0.000000"/>
</kw>
<kw name="Consent to cookies and Dismiss Alarms" owner="Misc">
<status status="NOT RUN" start="2025-02-21T19:33:43.260711" elapsed="0.000000"/>
</kw>
<kw name="Pause Execution" owner="Dialogs">
<arg>Try to locate element</arg>
<doc>Pauses execution until user clicks ``Ok`` button.</doc>
<status status="NOT RUN" start="2025-02-21T19:33:43.260711" elapsed="0.000000"/>
</kw>
<status status="NOT RUN" start="2025-02-21T19:33:43.260711" elapsed="0.000000"/>
</branch>
<status status="PASS" start="2025-02-21T19:33:43.245066" elapsed="0.015645"/>
</try>
<status status="PASS" start="2025-02-21T19:33:43.245066" elapsed="0.015645"/>
</iter>
<status status="PASS" start="2025-02-21T19:33:43.245066" elapsed="0.015645"/>
</while>
<arg>${login_signup_page_details}[signup_txt]</arg>
<doc>Helper Keyword for interracting with elements that might not be visible due to overlayed windows/dialogs</doc>
<status status="PASS" start="2025-02-21T19:33:43.245066" elapsed="0.015645"/>
</kw>
<doc>Verify that the signup page is loaded</doc>
<status status="PASS" start="2025-02-21T19:33:37.479313" elapsed="5.781398"/>
</kw>
<kw name="Enter Name And Email to SignUp" owner="LoginSignupPage">
<kw name="Generate Random Username" owner="Misc">
<kw name="Get Current Date" owner="DateTime">
<msg time="2025-02-21T19:33:43.260711" level="INFO">${epoch_time} = 1740159223.0</msg>
<var>${epoch_time}</var>
<arg>result_format=epoch</arg>
<arg>exclude_millis=yes</arg>
<doc>Returns current local or UTC time with an optional increment.</doc>
<status status="PASS" start="2025-02-21T19:33:43.260711" elapsed="0.000000"/>
</kw>
<kw name="Convert To String" owner="BuiltIn">
<msg time="2025-02-21T19:33:43.260711" level="INFO">${random_string} = 1740159223.0</msg>
<var>${random_string}</var>
<arg>${epoch_time}</arg>
<doc>Converts the given item to a Unicode string.</doc>
<status status="PASS" start="2025-02-21T19:33:43.260711" elapsed="0.000000"/>
</kw>
<return>
<value>${random_string}</value>
<status status="PASS" start="2025-02-21T19:33:43.260711" elapsed="0.000000"/>
</return>
<msg time="2025-02-21T19:33:43.260711" level="INFO">${RANDOM_USER_TC} = 1740159223.0</msg>
<var>${RANDOM_USER_TC}</var>
<doc>Generate a random String based on the current date and time</doc>
<status status="PASS" start="2025-02-21T19:33:43.260711" elapsed="0.000000"/>
</kw>
<kw name="Generate Random Email" owner="Misc">
<kw name="Generate Random String" owner="String">
<msg time="2025-02-21T19:33:43.260711" level="INFO">${random_domain} = ojtzbnxqon</msg>
<var>${random_domain}</var>
<arg>10</arg>
<arg>[LOWER]</arg>
<doc>Generates a string with a desired ``length`` from the given ``chars``.</doc>
<status status="PASS" start="2025-02-21T19:33:43.260711" elapsed="0.000000"/>
</kw>
<return>
<value>${username}@${random_domain}.com</value>
<status status="PASS" start="2025-02-21T19:33:43.260711" elapsed="0.000000"/>
</return>
<msg time="2025-02-21T19:33:43.260711" level="INFO">${RANDOM_EMAIL_TC} = 1740159223.0@ojtzbnxqon.com</msg>
<var>${RANDOM_EMAIL_TC}</var>
<arg>${RANDOM_USER_TC}</arg>
<doc>Generate a random Email</doc>
<status status="PASS" start="2025-02-21T19:33:43.260711" elapsed="0.000000"/>
</kw>
<kw name="Set Test Variable" owner="BuiltIn">
<msg time="2025-02-21T19:33:43.260711" level="INFO">${RANDOM_USER_TC} = 1740159223.0</msg>
<arg>${RANDOM_USER_TC}</arg>
<doc>Makes a variable available everywhere within the scope of the current test.</doc>
<status status="PASS" start="2025-02-21T19:33:43.260711" elapsed="0.000000"/>
</kw>
<kw name="Set Test Variable" owner="BuiltIn">
<msg time="2025-02-21T19:33:43.260711" level="INFO">${RANDOM_EMAIL_TC} = 1740159223.0@ojtzbnxqon.com</msg>
<arg>${RANDOM_EMAIL_TC}</arg>
<doc>Makes a variable available everywhere within the scope of the current test.</doc>
<status status="PASS" start="2025-02-21T19:33:43.260711" elapsed="0.000000"/>
</kw>
<kw name="Run Keyword And Return Status" owner="BuiltIn">
<kw name="Should Contain Any" owner="BuiltIn">
<arg>${TEST TAGS}</arg>
<arg>@{login_signup_page_details}[persistent_user_tc01]</arg>
<arg>ignore_case=True</arg>
<doc>Fails if ``container`` does not contain any of the ``*items``.</doc>
<status status="PASS" start="2025-02-21T19:33:43.260711" elapsed="0.000000"/>
</kw>
<msg time="2025-02-21T19:33:43.260711" level="INFO">${persistent_user_tc01} = True</msg>
<var>${persistent_user_tc01}</var>
<arg>should contain any</arg>
<arg>${TEST TAGS}</arg>
<arg>@{login_signup_page_details}[persistent_user_tc01]</arg>
<arg>ignore_case=True</arg>
<doc>Runs the given keyword with given arguments and returns the status as a Boolean value.</doc>
<status status="PASS" start="2025-02-21T19:33:43.260711" elapsed="0.000000"/>
</kw>
<if>
<branch type="IF" condition="${persistent_user_tc01}">
<kw name="Set Suite Variable" owner="BuiltIn">
<msg time="2025-02-21T19:33:43.260711" level="INFO">${RANDOM_USER_TC01} = 1740159223.0</msg>
<arg>${RANDOM_USER_TC01}</arg>
<arg>${RANDOM_USER_TC}</arg>
<doc>Makes a variable available everywhere within the scope of the current suite.</doc>
<status status="PASS" start="2025-02-21T19:33:43.260711" elapsed="0.000000"/>
</kw>
<kw name="Set Suite Variable" owner="BuiltIn">
<msg time="2025-02-21T19:33:43.260711" level="INFO">${RANDOM_EMAIL_TC01} = 1740159223.0@ojtzbnxqon.com</msg>
<arg>${RANDOM_EMAIL_TC01}</arg>
<arg>${RANDOM_EMAIL_TC}</arg>
<doc>Makes a variable available everywhere within the scope of the current suite.</doc>
<status status="PASS" start="2025-02-21T19:33:43.260711" elapsed="0.000000"/>
</kw>
<status status="PASS" start="2025-02-21T19:33:43.260711" elapsed="0.000000"/>
</branch>
<status status="PASS" start="2025-02-21T19:33:43.260711" elapsed="0.000000"/>
</if>
<kw name="Input Text" owner="SeleniumLibrary">
<msg time="2025-02-21T19:33:43.260711" level="INFO">Typing text '1740159223.0' into text field 'css=input[data-qa='signup-name']'.</msg>
<arg>${login_signup_page_details}[signup_name_css]</arg>
<arg>${RANDOM_USER_TC}</arg>
<doc>Types the given ``text`` into the text field identified by ``locator``.</doc>
<status status="PASS" start="2025-02-21T19:33:43.260711" elapsed="0.113438"/>
</kw>
<kw name="Input Text" owner="SeleniumLibrary">
<msg time="2025-02-21T19:33:43.374149" level="INFO">Typing text '1740159223.0@ojtzbnxqon.com' into text field 'css=input[data-qa='signup-email']'.</msg>
<arg>${login_signup_page_details}[signup_email_css]</arg>
<arg>${RANDOM_EMAIL_TC}</arg>
<doc>Types the given ``text`` into the text field identified by ``locator``.</doc>
<status status="PASS" start="2025-02-21T19:33:43.374149" elapsed="0.066130"/>
</kw>
<doc>Enter the username and email to SignUp</doc>
<status status="PASS" start="2025-02-21T19:33:43.260711" elapsed="0.179568"/>
</kw>
<kw name="Click Signup Button" owner="LoginSignupPage">
<kw name="Click Element" owner="SeleniumLibrary">
<msg time="2025-02-21T19:33:43.440279" level="INFO">Clicking element 'xpath=//button[contains(text(),'Signup')]'.</msg>
<arg>${login_signup_page_details}[signup_btn_elm]</arg>
<doc>Click the element identified by ``locator``.</doc>
<status status="PASS" start="2025-02-21T19:33:43.440279" elapsed="2.224587"/>
</kw>
<doc>Click on the Singup Button Element</doc>
<status status="PASS" start="2025-02-21T19:33:43.440279" elapsed="2.224587"/>
</kw>
<status status="PASS" start="2025-02-21T19:33:37.478302" elapsed="8.186564"/>
</kw>
<kw name="Fill Information and Create Account" owner="RegisterUserActions">
<kw name="Verify Information Request Is Visible" owner="NewSignupPage">
<kw name="Consent to cookies and Dismiss Alarms" owner="Misc">
<kw name="Sleep" owner="BuiltIn">
<msg time="2025-02-21T19:33:47.664952" level="INFO">Slept 2 seconds.</msg>
<arg>2</arg>
<doc>Pauses the test executed for the given time.</doc>
<status status="PASS" start="2025-02-21T19:33:45.664866" elapsed="2.000086"/>
</kw>
<kw name="Check Web Server Error" owner="Misc">
<kw name="Run Keyword And Return Status" owner="BuiltIn">
<kw name="Page Should Contain" owner="SeleniumLibrary">
<msg time="2025-02-21T19:33:47.667956" level="FAIL">Variable '${web_server_error_txt}' not found.</msg>
<arg>${web_server_error_txt}</arg>
<doc>Verifies that current page contains ``text``.</doc>
<status status="FAIL" start="2025-02-21T19:33:47.666957" elapsed="0.000999">Variable '${web_server_error_txt}' not found.</status>
</kw>
<msg time="2025-02-21T19:33:47.667956" level="INFO">${web_server_error_txt} = False</msg>
<var>${web_server_error_txt}</var>
<arg>page should contain</arg>
<arg>${web_server_error_txt}</arg>
<doc>Runs the given keyword with given arguments and returns the status as a Boolean value.</doc>
<status status="PASS" start="2025-02-21T19:33:47.665958" elapsed="0.001998"/>
</kw>
<if>
<branch type="IF" condition="${web_server_error_txt}">
<kw name="Log" owner="BuiltIn">
<arg>reloading page</arg>
<doc>Logs the given message with the given level.</doc>
<status status="NOT RUN" start="2025-02-21T19:33:47.667956" elapsed="0.000000"/>
</kw>
<kw name="Reload Page" owner="SeleniumLibrary">
<doc>Simulates user reloading page.</doc>
<status status="NOT RUN" start="2025-02-21T19:33:47.667956" elapsed="0.000000"/>
</kw>
<status status="NOT RUN" start="2025-02-21T19:33:47.667956" elapsed="0.000000"/>
</branch>
<status status="PASS" start="2025-02-21T19:33:47.667956" elapsed="0.000000"/>
</if>
<status status="PASS" start="2025-02-21T19:33:47.665958" elapsed="0.001998"/>
</kw>
<kw name="Consent to cookies" owner="Misc">
<kw name="Run Keyword And Return Status" owner="BuiltIn">
<kw name="Element Should Be Visible" owner="SeleniumLibrary">
<msg time="2025-02-21T19:33:47.931025" level="INFO" html="true">&lt;/td&gt;&lt;/tr&gt;&lt;tr&gt;&lt;td colspan="3"&gt;&lt;a href="selenium-screenshot-6.png"&gt;&lt;img src="selenium-screenshot-6.png" width="800px"&gt;&lt;/a&gt;</msg>
<msg time="2025-02-21T19:33:47.932033" level="FAIL">Element with locator 'class=fc-cta-consent' not found.</msg>
<arg>${misc_details}[consent_btn]</arg>
<doc>Verifies that the element identified by ``locator`` is visible.</doc>
<status status="FAIL" start="2025-02-21T19:33:47.669149" elapsed="0.262884">Element with locator 'class=fc-cta-consent' not found.</status>
</kw>
<msg time="2025-02-21T19:33:47.932033" level="INFO">${cookies_window} = False</msg>
<var>${cookies_window}</var>
<arg>element should be visible</arg>
<arg>${misc_details}[consent_btn]</arg>
<doc>Runs the given keyword with given arguments and returns the status as a Boolean value.</doc>
<status status="PASS" start="2025-02-21T19:33:47.669149" elapsed="0.262884"/>
</kw>
<if>
<branch type="IF" condition="${cookies_window}">
<kw name="Log" owner="BuiltIn">
<arg>Cookies are visible</arg>
<doc>Logs the given message with the given level.</doc>
<status status="NOT RUN" start="2025-02-21T19:33:47.933031" elapsed="0.000000"/>
</kw>
<kw name="Click Button" owner="SeleniumLibrary">
<arg>${misc_details}[consent_btn]</arg>
<doc>Clicks the button identified by ``locator``.</doc>
<status status="NOT RUN" start="2025-02-21T19:33:47.933031" elapsed="0.000000"/>
</kw>
<status status="NOT RUN" start="2025-02-21T19:33:47.933031" elapsed="0.000000"/>
</branch>
<branch type="ELSE">
<kw name="Log" owner="BuiltIn">
<msg time="2025-02-21T19:33:47.933031" level="INFO">Cookies not visible</msg>
<arg>Cookies not visible</arg>
<doc>Logs the given message with the given level.</doc>
<status status="PASS" start="2025-02-21T19:33:47.933031" elapsed="0.000000"/>
</kw>
<status status="PASS" start="2025-02-21T19:33:47.933031" elapsed="0.000000"/>
</branch>
<status status="PASS" start="2025-02-21T19:33:47.933031" elapsed="0.000000"/>
</if>
<doc>Click on consent button for cookies</doc>
<status status="PASS" start="2025-02-21T19:33:47.669149" elapsed="0.263882"/>
</kw>
<kw name="Dismiss Alarms" owner="Misc">
<kw name="Run Keyword And Return Status" owner="BuiltIn">
<kw name="Handle Alert" owner="SeleniumLibrary">
<msg time="2025-02-21T19:33:47.934031" level="INFO">HANDLE::&lt;class 'datetime.timedelta'&gt;::0:00:03</msg>
<msg time="2025-02-21T19:33:51.178990" level="INFO" html="true">&lt;/td&gt;&lt;/tr&gt;&lt;tr&gt;&lt;td colspan="3"&gt;&lt;a href="selenium-screenshot-7.png"&gt;&lt;img src="selenium-screenshot-7.png" width="800px"&gt;&lt;/a&gt;</msg>
<msg time="2025-02-21T19:33:51.179293" level="FAIL">Alert not found in 3 seconds.</msg>
<arg>LEAVE</arg>
<arg>3</arg>
<doc>Handles the current alert and returns its message.</doc>
<status status="FAIL" start="2025-02-21T19:33:47.934031" elapsed="3.245262">Alert not found in 3 seconds.</status>
</kw>
<msg time="2025-02-21T19:33:51.180302" level="INFO">${alert_window} = False</msg>
<var>${alert_window}</var>
<arg>handle alert</arg>
<arg>LEAVE</arg>
<arg>3</arg>
<doc>Runs the given keyword with given arguments and returns the status as a Boolean value.</doc>
<status status="PASS" start="2025-02-21T19:33:47.934031" elapsed="3.246271"/>
</kw>
<if>
<branch type="IF" condition="${alert_window}">
<kw name="Log" owner="BuiltIn">
<arg>Alert window present</arg>
<doc>Logs the given message with the given level.</doc>
<status status="NOT RUN" start="2025-02-21T19:33:51.180302" elapsed="0.000000"/>
</kw>
<kw name="Handle Alert" owner="SeleniumLibrary">
<arg>DISMISS</arg>
<doc>Handles the current alert and returns its message.</doc>
<status status="NOT RUN" start="2025-02-21T19:33:51.180302" elapsed="0.000000"/>
</kw>
<status status="NOT RUN" start="2025-02-21T19:33:51.180302" elapsed="0.000000"/>
</branch>
<branch type="ELSE">
<kw name="Log" owner="BuiltIn">
<msg time="2025-02-21T19:33:51.180302" level="INFO">Alert window not present</msg>
<arg>Alert window not present</arg>
<doc>Logs the given message with the given level.</doc>
<status status="PASS" start="2025-02-21T19:33:51.180302" elapsed="0.000000"/>
</kw>
<status status="PASS" start="2025-02-21T19:33:51.180302" elapsed="0.000000"/>
</branch>
<status status="PASS" start="2025-02-21T19:33:51.180302" elapsed="0.000000"/>
</if>
<doc>Dismiss Alarm popups</doc>
<status status="PASS" start="2025-02-21T19:33:47.933031" elapsed="3.247271"/>
</kw>
<kw name="Dismiss iFrame Ads" owner="Misc">
<kw name="Get WebElements" owner="SeleniumLibrary">
<msg time="2025-02-21T19:33:51.187921" level="INFO">${iframes1} = [&lt;selenium.webdriver.remote.webelement.WebElement (session="8464e7ea1b92a3d31f917cdc47798327", element="f.A21DA5FEAF2EA5F88A268FB679FB3A06.d.B3AF24E0809477869A15AE8CBA2611ED.e.490")&gt;, &lt;selenium.webdri...</msg>
<var>${iframes1}</var>
<arg>${misc_details}[ad_iframe]</arg>
<doc>Returns a list of WebElement objects matching the ``locator``.</doc>
<status status="PASS" start="2025-02-21T19:33:51.181315" elapsed="0.006606"/>
</kw>
<for flavor="IN">
<iter>
<kw name="Unselect Frame" owner="SeleniumLibrary">
<doc>Sets the main frame as the current frame.</doc>
<status status="PASS" start="2025-02-21T19:33:51.188941" elapsed="0.001124"/>
</kw>
<kw name="Log" owner="BuiltIn">
<msg time="2025-02-21T19:33:51.190065" level="INFO">iframe level1 detected: &lt;selenium.webdriver.remote.webelement.WebElement (session="8464e7ea1b92a3d31f917cdc47798327", element="f.A21DA5FEAF2EA5F88A268FB679FB3A06.d.B3AF24E0809477869A15AE8CBA2611ED.e.490")&gt;</msg>
<arg>iframe level1 detected: ${iframe1}</arg>
<doc>Logs the given message with the given level.</doc>
<status status="PASS" start="2025-02-21T19:33:51.190065" elapsed="0.000000"/>
</kw>
<kw name="Run Keyword And Return Status" owner="BuiltIn">
<kw name="Select Frame" owner="SeleniumLibrary">
<msg time="2025-02-21T19:33:51.191125" level="INFO">Selecting frame '&lt;selenium.webdriver.remote.webelement.WebElement (session="8464e7ea1b92a3d31f917cdc47798327", element="f.A21DA5FEAF2EA5F88A268FB679FB3A06.d.B3AF24E0809477869A15AE8CBA2611ED.e.490")&gt;'.</msg>
<arg>${iframe1}</arg>
<doc>Sets frame identified by ``locator`` as the current frame.</doc>
<status status="PASS" start="2025-02-21T19:33:51.191125" elapsed="0.013231"/>
</kw>
<msg time="2025-02-21T19:33:51.204356" level="INFO">${selecting_frame1} = True</msg>
<var>${selecting_frame1}</var>
<arg>select frame</arg>
<arg>${iframe1}</arg>
<doc>Runs the given keyword with given arguments and returns the status as a Boolean value.</doc>
<status status="PASS" start="2025-02-21T19:33:51.191125" elapsed="0.013231"/>
</kw>
<kw name="Get WebElements" owner="SeleniumLibrary">
<msg time="2025-02-21T19:33:51.211558" level="INFO">${iframes2} = []</msg>
<var>${iframes2}</var>
<arg>${misc_details}[ad_iframe]</arg>
<doc>Returns a list of WebElement objects matching the ``locator``.</doc>
<status status="PASS" start="2025-02-21T19:33:51.205366" elapsed="0.006192"/>
</kw>
<for flavor="IN">
<iter>
<kw name="Log" owner="BuiltIn">
<arg>iframe level2 detected: ${iframe2}</arg>
<doc>Logs the given message with the given level.</doc>
<status status="NOT RUN" start="2025-02-21T19:33:51.212589" elapsed="0.000000"/>
</kw>
<kw name="Run Keyword And Return Status" owner="BuiltIn">
<var>${selecting_frame2}</var>
<arg>select frame</arg>
<arg>${iframe2}</arg>
<doc>Runs the given keyword with given arguments and returns the status as a Boolean value.</doc>
<status status="NOT RUN" start="2025-02-21T19:33:51.212589" elapsed="0.000000"/>
</kw>
<kw name="Get WebElements" owner="SeleniumLibrary">
<var>${iframes3}</var>
<arg>${misc_details}[ad_iframe]</arg>
<doc>Returns a list of WebElement objects matching the ``locator``.</doc>
<status status="NOT RUN" start="2025-02-21T19:33:51.212589" elapsed="0.000000"/>
</kw>
<for flavor="IN">
<iter>
<kw name="Log" owner="BuiltIn">
<arg>iframe level3 detected: ${iframe3}</arg>
<doc>Logs the given message with the given level.</doc>
<status status="NOT RUN" start="2025-02-21T19:33:51.213615" elapsed="0.000000"/>
</kw>
<kw name="Run Keyword And Return Status" owner="BuiltIn">
<var>${selecting_frame3}</var>
<arg>select frame</arg>
<arg>${iframe3}</arg>
<doc>Runs the given keyword with given arguments and returns the status as a Boolean value.</doc>
<status status="NOT RUN" start="2025-02-21T19:33:51.213615" elapsed="0.000000"/>
</kw>
<kw name="Search for the Dismiss Button within the iFrame" owner="Misc">
<var>${button_found}</var>
<arg>level3</arg>
<doc>Helper Keyword for searching the dismiss button</doc>
<status status="NOT RUN" start="2025-02-21T19:33:51.213615" elapsed="0.000000"/>
</kw>
<kw name="Run Keyword And Return Status" owner="BuiltIn">
<var>${selecting_frame1}</var>
<arg>select frame</arg>
<arg>${iframe1}</arg>
<doc>Runs the given keyword with given arguments and returns the status as a Boolean value.</doc>
<status status="NOT RUN" start="2025-02-21T19:33:51.213615" elapsed="0.000000"/>
</kw>
<kw name="Run Keyword And Return Status" owner="BuiltIn">
<var>${selecting_frame2}</var>
<arg>select frame</arg>
<arg>${iframe2}</arg>
<doc>Runs the given keyword with given arguments and returns the status as a Boolean value.</doc>
<status status="NOT RUN" start="2025-02-21T19:33:51.213615" elapsed="0.000000"/>
</kw>
<var name="${iframe3}"/>
<status status="NOT RUN" start="2025-02-21T19:33:51.212589" elapsed="0.001026"/>
</iter>
<var>${iframe3}</var>
<value>@{iframes3}</value>
<status status="NOT RUN" start="2025-02-21T19:33:51.212589" elapsed="0.001026"/>
</for>
<kw name="Search for the Dismiss Button within the iFrame" owner="Misc">
<var>${button_found}</var>
<arg>level2</arg>
<doc>Helper Keyword for searching the dismiss button</doc>
<status status="NOT RUN" start="2025-02-21T19:33:51.213615" elapsed="0.000000"/>
</kw>
<kw name="Run Keyword And Return Status" owner="BuiltIn">
<var>${selecting_frame1}</var>
<arg>select frame</arg>
<arg>${iframe1}</arg>
<doc>Runs the given keyword with given arguments and returns the status as a Boolean value.</doc>
<status status="NOT RUN" start="2025-02-21T19:33:51.213615" elapsed="0.000000"/>
</kw>
<var name="${iframe2}"/>
<status status="NOT RUN" start="2025-02-21T19:33:51.211558" elapsed="0.003081"/>
</iter>
<var>${iframe2}</var>
<value>@{iframes2}</value>
<status status="NOT RUN" start="2025-02-21T19:33:51.211558" elapsed="0.003081"/>
</for>
<kw name="Run Keyword And Return Status" owner="BuiltIn">
<kw name="Search for the Dismiss Button within the iFrame" owner="Misc">
<kw name="Run Keyword And Return Status" owner="BuiltIn">
<kw name="Page Should Contain Button" owner="SeleniumLibrary">
<msg time="2025-02-21T19:33:51.466990" level="INFO" html="true">&lt;/td&gt;&lt;/tr&gt;&lt;tr&gt;&lt;td colspan="3"&gt;&lt;a href="selenium-screenshot-8.png"&gt;&lt;img src="selenium-screenshot-8.png" width="800px"&gt;&lt;/a&gt;</msg>
<msg time="2025-02-21T19:33:51.468006" level="FAIL">Page should have contained button 'xpath=//*[@id="dismiss-button"]' but did not.</msg>
<arg>${misc_details}[dismiss_button]</arg>
<doc>Verifies button ``locator`` is found from current page.</doc>
<status status="FAIL" start="2025-02-21T19:33:51.214639" elapsed="0.253367">Page should have contained button 'xpath=//*[@id="dismiss-button"]' but did not.</status>
</kw>
<msg time="2025-02-21T19:33:51.469024" level="INFO">${button_found} = False</msg>
<var>${button_found}</var>
<arg>page should contain button</arg>
<arg>${misc_details}[dismiss_button]</arg>
<doc>Runs the given keyword with given arguments and returns the status as a Boolean value.</doc>
<status status="PASS" start="2025-02-21T19:33:51.214639" elapsed="0.254385"/>
</kw>
<if>
<branch type="IF" condition="${button_found}">
<kw name="Run Keyword And Return Status" owner="BuiltIn">
<var>${element_clicked}</var>
<arg>Dismiss ads via Click element</arg>
<arg>${frame_level}</arg>
<doc>Runs the given keyword with given arguments and returns the status as a Boolean value.</doc>
<status status="NOT RUN" start="2025-02-21T19:33:51.469024" elapsed="0.000000"/>
</kw>
<status status="NOT RUN" start="2025-02-21T19:33:51.469024" elapsed="0.000000"/>
</branch>
<status status="PASS" start="2025-02-21T19:33:51.469024" elapsed="0.000000"/>
</if>
<kw name="Unselect Frame" owner="SeleniumLibrary">
<doc>Sets the main frame as the current frame.</doc>
<status status="PASS" start="2025-02-21T19:33:51.469024" elapsed="0.002050"/>
</kw>
<return>
<value>${button_found}</value>
<status status="PASS" start="2025-02-21T19:33:51.471074" elapsed="0.000000"/>
</return>
<arg>level1</arg>
<doc>Helper Keyword for searching the dismiss button</doc>
<status status="PASS" start="2025-02-21T19:33:51.214639" elapsed="0.257453"/>
</kw>
<msg time="2025-02-21T19:33:51.472092" level="INFO">${button_found} = True</msg>
<var>${button_found}</var>
<arg>Search for the Dismiss Button within the iFrame</arg>
<arg>level1</arg>
<doc>Runs the given keyword with given arguments and returns the status as a Boolean value.</doc>
<status status="PASS" start="2025-02-21T19:33:51.214639" elapsed="0.257453"/>
</kw>
<var name="${iframe1}">&lt;selenium.webdriver.remote.webelement.WebElement (session="8464e7ea1b92a3d31f917cdc47798327", element="f.A21DA5FEAF2EA5F88A268FB679FB3A06.d.B3AF24E0809477869A15AE8CBA2611ED.e.490")&gt;</var>
<status status="PASS" start="2025-02-21T19:33:51.188941" elapsed="0.283151"/>
</iter>
<iter>
<kw name="Unselect Frame" owner="SeleniumLibrary">
<doc>Sets the main frame as the current frame.</doc>
<status status="PASS" start="2025-02-21T19:33:51.472092" elapsed="0.002252"/>
</kw>
<kw name="Log" owner="BuiltIn">
<msg time="2025-02-21T19:33:51.474344" level="INFO">iframe level1 detected: &lt;selenium.webdriver.remote.webelement.WebElement (session="8464e7ea1b92a3d31f917cdc47798327", element="f.A21DA5FEAF2EA5F88A268FB679FB3A06.d.B3AF24E0809477869A15AE8CBA2611ED.e.491")&gt;</msg>
<arg>iframe level1 detected: ${iframe1}</arg>
<doc>Logs the given message with the given level.</doc>
<status status="PASS" start="2025-02-21T19:33:51.474344" elapsed="0.000000"/>
</kw>
<kw name="Run Keyword And Return Status" owner="BuiltIn">
<kw name="Select Frame" owner="SeleniumLibrary">
<msg time="2025-02-21T19:33:51.475378" level="INFO">Selecting frame '&lt;selenium.webdriver.remote.webelement.WebElement (session="8464e7ea1b92a3d31f917cdc47798327", element="f.A21DA5FEAF2EA5F88A268FB679FB3A06.d.B3AF24E0809477869A15AE8CBA2611ED.e.491")&gt;'.</msg>
<arg>${iframe1}</arg>
<doc>Sets frame identified by ``locator`` as the current frame.</doc>
<status status="PASS" start="2025-02-21T19:33:51.475378" elapsed="0.014440"/>
</kw>
<msg time="2025-02-21T19:33:51.490847" level="INFO">${selecting_frame1} = True</msg>
<var>${selecting_frame1}</var>
<arg>select frame</arg>
<arg>${iframe1}</arg>
<doc>Runs the given keyword with given arguments and returns the status as a Boolean value.</doc>
<status status="PASS" start="2025-02-21T19:33:51.474344" elapsed="0.016503"/>
</kw>
<kw name="Get WebElements" owner="SeleniumLibrary">
<msg time="2025-02-21T19:33:51.496992" level="INFO">${iframes2} = []</msg>
<var>${iframes2}</var>
<arg>${misc_details}[ad_iframe]</arg>
<doc>Returns a list of WebElement objects matching the ``locator``.</doc>
<status status="PASS" start="2025-02-21T19:33:51.490847" elapsed="0.006145"/>
</kw>
<for flavor="IN">
<iter>
<kw name="Log" owner="BuiltIn">
<arg>iframe level2 detected: ${iframe2}</arg>
<doc>Logs the given message with the given level.</doc>
<status status="NOT RUN" start="2025-02-21T19:33:51.498012" elapsed="0.000000"/>
</kw>
<kw name="Run Keyword And Return Status" owner="BuiltIn">
<var>${selecting_frame2}</var>
<arg>select frame</arg>
<arg>${iframe2}</arg>
<doc>Runs the given keyword with given arguments and returns the status as a Boolean value.</doc>
<status status="NOT RUN" start="2025-02-21T19:33:51.498012" elapsed="0.000000"/>
</kw>
<kw name="Get WebElements" owner="SeleniumLibrary">
<var>${iframes3}</var>
<arg>${misc_details}[ad_iframe]</arg>
<doc>Returns a list of WebElement objects matching the ``locator``.</doc>
<status status="NOT RUN" start="2025-02-21T19:33:51.498012" elapsed="0.000000"/>
</kw>
<for flavor="IN">
<iter>
<kw name="Log" owner="BuiltIn">
<arg>iframe level3 detected: ${iframe3}</arg>
<doc>Logs the given message with the given level.</doc>
<status status="NOT RUN" start="2025-02-21T19:33:51.498012" elapsed="0.000000"/>
</kw>
<kw name="Run Keyword And Return Status" owner="BuiltIn">
<var>${selecting_frame3}</var>
<arg>select frame</arg>
<arg>${iframe3}</arg>
<doc>Runs the given keyword with given arguments and returns the status as a Boolean value.</doc>
<status status="NOT RUN" start="2025-02-21T19:33:51.498012" elapsed="0.000000"/>
</kw>
<kw name="Search for the Dismiss Button within the iFrame" owner="Misc">
<var>${button_found}</var>
<arg>level3</arg>
<doc>Helper Keyword for searching the dismiss button</doc>
<status status="NOT RUN" start="2025-02-21T19:33:51.498012" elapsed="0.001024"/>
</kw>
<kw name="Run Keyword And Return Status" owner="BuiltIn">
<var>${selecting_frame1}</var>
<arg>select frame</arg>
<arg>${iframe1}</arg>
<doc>Runs the given keyword with given arguments and returns the status as a Boolean value.</doc>
<status status="NOT RUN" start="2025-02-21T19:33:51.499036" elapsed="0.000000"/>
</kw>
<kw name="Run Keyword And Return Status" owner="BuiltIn">
<var>${selecting_frame2}</var>
<arg>select frame</arg>
<arg>${iframe2}</arg>
<doc>Runs the given keyword with given arguments and returns the status as a Boolean value.</doc>
<status status="NOT RUN" start="2025-02-21T19:33:51.499036" elapsed="0.000000"/>
</kw>
<var name="${iframe3}"/>
<status status="NOT RUN" start="2025-02-21T19:33:51.498012" elapsed="0.001024"/>
</iter>
<var>${iframe3}</var>
<value>@{iframes3}</value>
<status status="NOT RUN" start="2025-02-21T19:33:51.498012" elapsed="0.001024"/>
</for>
<kw name="Search for the Dismiss Button within the iFrame" owner="Misc">
<var>${button_found}</var>
<arg>level2</arg>
<doc>Helper Keyword for searching the dismiss button</doc>
<status status="NOT RUN" start="2025-02-21T19:33:51.499036" elapsed="0.000000"/>
</kw>
<kw name="Run Keyword And Return Status" owner="BuiltIn">
<var>${selecting_frame1}</var>
<arg>select frame</arg>
<arg>${iframe1}</arg>
<doc>Runs the given keyword with given arguments and returns the status as a Boolean value.</doc>
<status status="NOT RUN" start="2025-02-21T19:33:51.499036" elapsed="0.000000"/>
</kw>
<var name="${iframe2}"/>
<status status="NOT RUN" start="2025-02-21T19:33:51.498012" elapsed="0.001024"/>
</iter>
<var>${iframe2}</var>
<value>@{iframes2}</value>
<status status="NOT RUN" start="2025-02-21T19:33:51.496992" elapsed="0.002044"/>
</for>
<kw name="Run Keyword And Return Status" owner="BuiltIn">
<kw name="Search for the Dismiss Button within the iFrame" owner="Misc">
<kw name="Run Keyword And Return Status" owner="BuiltIn">
<kw name="Page Should Contain Button" owner="SeleniumLibrary">
<msg time="2025-02-21T19:33:51.745527" level="INFO" html="true">&lt;/td&gt;&lt;/tr&gt;&lt;tr&gt;&lt;td colspan="3"&gt;&lt;a href="selenium-screenshot-9.png"&gt;&lt;img src="selenium-screenshot-9.png" width="800px"&gt;&lt;/a&gt;</msg>
<msg time="2025-02-21T19:33:51.746591" level="FAIL">Page should have contained button 'xpath=//*[@id="dismiss-button"]' but did not.</msg>
<arg>${misc_details}[dismiss_button]</arg>
<doc>Verifies button ``locator`` is found from current page.</doc>
<status status="FAIL" start="2025-02-21T19:33:51.500067" elapsed="0.247540">Page should have contained button 'xpath=//*[@id="dismiss-button"]' but did not.</status>
</kw>
<msg time="2025-02-21T19:33:51.747607" level="INFO">${button_found} = False</msg>
<var>${button_found}</var>
<arg>page should contain button</arg>
<arg>${misc_details}[dismiss_button]</arg>
<doc>Runs the given keyword with given arguments and returns the status as a Boolean value.</doc>
<status status="PASS" start="2025-02-21T19:33:51.500067" elapsed="0.247540"/>
</kw>
<if>
<branch type="IF" condition="${button_found}">
<kw name="Run Keyword And Return Status" owner="BuiltIn">
<var>${element_clicked}</var>
<arg>Dismiss ads via Click element</arg>
<arg>${frame_level}</arg>
<doc>Runs the given keyword with given arguments and returns the status as a Boolean value.</doc>
<status status="NOT RUN" start="2025-02-21T19:33:51.747607" elapsed="0.000000"/>
</kw>
<status status="NOT RUN" start="2025-02-21T19:33:51.747607" elapsed="0.000000"/>
</branch>
<status status="PASS" start="2025-02-21T19:33:51.747607" elapsed="0.000000"/>
</if>
<kw name="Unselect Frame" owner="SeleniumLibrary">
<doc>Sets the main frame as the current frame.</doc>
<status status="PASS" start="2025-02-21T19:33:51.747607" elapsed="0.002831"/>
</kw>
<return>
<value>${button_found}</value>
<status status="PASS" start="2025-02-21T19:33:51.751543" elapsed="0.000000"/>
</return>
<arg>level1</arg>
<doc>Helper Keyword for searching the dismiss button</doc>
<status status="PASS" start="2025-02-21T19:33:51.500067" elapsed="0.251476"/>
</kw>
<msg time="2025-02-21T19:33:51.751543" level="INFO">${button_found} = True</msg>
<var>${button_found}</var>
<arg>Search for the Dismiss Button within the iFrame</arg>
<arg>level1</arg>
<doc>Runs the given keyword with given arguments and returns the status as a Boolean value.</doc>
<status status="PASS" start="2025-02-21T19:33:51.499036" elapsed="0.252507"/>
</kw>
<var name="${iframe1}">&lt;selenium.webdriver.remote.webelement.WebElement (session="8464e7ea1b92a3d31f917cdc47798327", element="f.A21DA5FEAF2EA5F88A268FB679FB3A06.d.B3AF24E0809477869A15AE8CBA2611ED.e.491")&gt;</var>
<status status="PASS" start="2025-02-21T19:33:51.472092" elapsed="0.279451"/>
</iter>
<iter>
<kw name="Unselect Frame" owner="SeleniumLibrary">
<doc>Sets the main frame as the current frame.</doc>
<status status="PASS" start="2025-02-21T19:33:51.751543" elapsed="0.002151"/>
</kw>
<kw name="Log" owner="BuiltIn">
<msg time="2025-02-21T19:33:51.753694" level="INFO">iframe level1 detected: &lt;selenium.webdriver.remote.webelement.WebElement (session="8464e7ea1b92a3d31f917cdc47798327", element="f.A21DA5FEAF2EA5F88A268FB679FB3A06.d.B3AF24E0809477869A15AE8CBA2611ED.e.492")&gt;</msg>
<arg>iframe level1 detected: ${iframe1}</arg>
<doc>Logs the given message with the given level.</doc>
<status status="PASS" start="2025-02-21T19:33:51.753694" elapsed="0.000000"/>
</kw>
<kw name="Run Keyword And Return Status" owner="BuiltIn">
<kw name="Select Frame" owner="SeleniumLibrary">
<msg time="2025-02-21T19:33:51.754719" level="INFO">Selecting frame '&lt;selenium.webdriver.remote.webelement.WebElement (session="8464e7ea1b92a3d31f917cdc47798327", element="f.A21DA5FEAF2EA5F88A268FB679FB3A06.d.B3AF24E0809477869A15AE8CBA2611ED.e.492")&gt;'.</msg>
<arg>${iframe1}</arg>
<doc>Sets frame identified by ``locator`` as the current frame.</doc>
<status status="PASS" start="2025-02-21T19:33:51.753694" elapsed="0.016034"/>
</kw>
<msg time="2025-02-21T19:33:51.769728" level="INFO">${selecting_frame1} = True</msg>
<var>${selecting_frame1}</var>
<arg>select frame</arg>
<arg>${iframe1}</arg>
<doc>Runs the given keyword with given arguments and returns the status as a Boolean value.</doc>
<status status="PASS" start="2025-02-21T19:33:51.753694" elapsed="0.016034"/>
</kw>
<kw name="Get WebElements" owner="SeleniumLibrary">
<msg time="2025-02-21T19:33:51.775874" level="INFO">${iframes2} = []</msg>
<var>${iframes2}</var>
<arg>${misc_details}[ad_iframe]</arg>
<doc>Returns a list of WebElement objects matching the ``locator``.</doc>
<status status="PASS" start="2025-02-21T19:33:51.769728" elapsed="0.006146"/>
</kw>
<for flavor="IN">
<iter>
<kw name="Log" owner="BuiltIn">
<arg>iframe level2 detected: ${iframe2}</arg>
<doc>Logs the given message with the given level.</doc>
<status status="NOT RUN" start="2025-02-21T19:33:51.776905" elapsed="0.000000"/>
</kw>
<kw name="Run Keyword And Return Status" owner="BuiltIn">
<var>${selecting_frame2}</var>
<arg>select frame</arg>
<arg>${iframe2}</arg>
<doc>Runs the given keyword with given arguments and returns the status as a Boolean value.</doc>
<status status="NOT RUN" start="2025-02-21T19:33:51.776905" elapsed="0.000000"/>
</kw>
<kw name="Get WebElements" owner="SeleniumLibrary">
<var>${iframes3}</var>
<arg>${misc_details}[ad_iframe]</arg>
<doc>Returns a list of WebElement objects matching the ``locator``.</doc>
<status status="NOT RUN" start="2025-02-21T19:33:51.776905" elapsed="0.000000"/>
</kw>
<for flavor="IN">
<iter>
<kw name="Log" owner="BuiltIn">
<arg>iframe level3 detected: ${iframe3}</arg>
<doc>Logs the given message with the given level.</doc>
<status status="NOT RUN" start="2025-02-21T19:33:51.776905" elapsed="0.000000"/>
</kw>
<kw name="Run Keyword And Return Status" owner="BuiltIn">
<var>${selecting_frame3}</var>
<arg>select frame</arg>
<arg>${iframe3}</arg>
<doc>Runs the given keyword with given arguments and returns the status as a Boolean value.</doc>
<status status="NOT RUN" start="2025-02-21T19:33:51.776905" elapsed="0.000000"/>
</kw>
<kw name="Search for the Dismiss Button within the iFrame" owner="Misc">
<var>${button_found}</var>
<arg>level3</arg>
<doc>Helper Keyword for searching the dismiss button</doc>
<status status="NOT RUN" start="2025-02-21T19:33:51.777941" elapsed="0.000000"/>
</kw>
<kw name="Run Keyword And Return Status" owner="BuiltIn">
<var>${selecting_frame1}</var>
<arg>select frame</arg>
<arg>${iframe1}</arg>
<doc>Runs the given keyword with given arguments and returns the status as a Boolean value.</doc>
<status status="NOT RUN" start="2025-02-21T19:33:51.777941" elapsed="0.000000"/>
</kw>
<kw name="Run Keyword And Return Status" owner="BuiltIn">
<var>${selecting_frame2}</var>
<arg>select frame</arg>
<arg>${iframe2}</arg>
<doc>Runs the given keyword with given arguments and returns the status as a Boolean value.</doc>
<status status="NOT RUN" start="2025-02-21T19:33:51.777941" elapsed="0.000000"/>
</kw>
<var name="${iframe3}"/>
<status status="NOT RUN" start="2025-02-21T19:33:51.776905" elapsed="0.001036"/>
</iter>
<var>${iframe3}</var>
<value>@{iframes3}</value>
<status status="NOT RUN" start="2025-02-21T19:33:51.776905" elapsed="0.001036"/>
</for>
<kw name="Search for the Dismiss Button within the iFrame" owner="Misc">
<var>${button_found}</var>
<arg>level2</arg>
<doc>Helper Keyword for searching the dismiss button</doc>
<status status="NOT RUN" start="2025-02-21T19:33:51.777941" elapsed="0.000000"/>
</kw>
<kw name="Run Keyword And Return Status" owner="BuiltIn">
<var>${selecting_frame1}</var>
<arg>select frame</arg>
<arg>${iframe1}</arg>
<doc>Runs the given keyword with given arguments and returns the status as a Boolean value.</doc>
<status status="NOT RUN" start="2025-02-21T19:33:51.777941" elapsed="0.000000"/>
</kw>
<var name="${iframe2}"/>
<status status="NOT RUN" start="2025-02-21T19:33:51.775874" elapsed="0.002067"/>
</iter>
<var>${iframe2}</var>
<value>@{iframes2}</value>
<status status="NOT RUN" start="2025-02-21T19:33:51.775874" elapsed="0.002067"/>
</for>
<kw name="Run Keyword And Return Status" owner="BuiltIn">
<kw name="Search for the Dismiss Button within the iFrame" owner="Misc">
<kw name="Run Keyword And Return Status" owner="BuiltIn">
<kw name="Page Should Contain Button" owner="SeleniumLibrary">
<msg time="2025-02-21T19:33:52.004455" level="INFO" html="true">&lt;/td&gt;&lt;/tr&gt;&lt;tr&gt;&lt;td colspan="3"&gt;&lt;a href="selenium-screenshot-10.png"&gt;&lt;img src="selenium-screenshot-10.png" width="800px"&gt;&lt;/a&gt;</msg>
<msg time="2025-02-21T19:33:52.004455" level="FAIL">Page should have contained button 'xpath=//*[@id="dismiss-button"]' but did not.</msg>
<arg>${misc_details}[dismiss_button]</arg>
<doc>Verifies button ``locator`` is found from current page.</doc>
<status status="FAIL" start="2025-02-21T19:33:51.778964" elapsed="0.225491">Page should have contained button 'xpath=//*[@id="dismiss-button"]' but did not.</status>
</kw>
<msg time="2025-02-21T19:33:52.004455" level="INFO">${button_found} = False</msg>
<var>${button_found}</var>
<arg>page should contain button</arg>
<arg>${misc_details}[dismiss_button]</arg>
<doc>Runs the given keyword with given arguments and returns the status as a Boolean value.</doc>
<status status="PASS" start="2025-02-21T19:33:51.778964" elapsed="0.225491"/>
</kw>
<if>
<branch type="IF" condition="${button_found}">
<kw name="Run Keyword And Return Status" owner="BuiltIn">
<var>${element_clicked}</var>
<arg>Dismiss ads via Click element</arg>
<arg>${frame_level}</arg>
<doc>Runs the given keyword with given arguments and returns the status as a Boolean value.</doc>
<status status="NOT RUN" start="2025-02-21T19:33:52.005703" elapsed="0.000000"/>
</kw>
<status status="NOT RUN" start="2025-02-21T19:33:52.004455" elapsed="0.001248"/>
</branch>
<status status="PASS" start="2025-02-21T19:33:52.004455" elapsed="0.001248"/>
</if>
<kw name="Unselect Frame" owner="SeleniumLibrary">
<doc>Sets the main frame as the current frame.</doc>
<status status="PASS" start="2025-02-21T19:33:52.005703" elapsed="0.002181"/>
</kw>
<return>
<value>${button_found}</value>
<status status="PASS" start="2025-02-21T19:33:52.007884" elapsed="0.000000"/>
</return>
<arg>level1</arg>
<doc>Helper Keyword for searching the dismiss button</doc>
<status status="PASS" start="2025-02-21T19:33:51.778964" elapsed="0.228920"/>
</kw>
<msg time="2025-02-21T19:33:52.007884" level="INFO">${button_found} = True</msg>
<var>${button_found}</var>
<arg>Search for the Dismiss Button within the iFrame</arg>
<arg>level1</arg>
<doc>Runs the given keyword with given arguments and returns the status as a Boolean value.</doc>
<status status="PASS" start="2025-02-21T19:33:51.777941" elapsed="0.229943"/>
</kw>
<var name="${iframe1}">&lt;selenium.webdriver.remote.webelement.WebElement (session="8464e7ea1b92a3d31f917cdc47798327", element="f.A21DA5FEAF2EA5F88A268FB679FB3A06.d.B3AF24E0809477869A15AE8CBA2611ED.e.492")&gt;</var>
<status status="PASS" start="2025-02-21T19:33:51.751543" elapsed="0.257406"/>
</iter>
<var>${iframe1}</var>
<value>@{iframes1}</value>
<status status="PASS" start="2025-02-21T19:33:51.187921" elapsed="0.821028"/>
</for>
<doc>Dismiss iFrame Ads</doc>
<status status="PASS" start="2025-02-21T19:33:51.181315" elapsed="0.827634"/>
</kw>
<status status="PASS" start="2025-02-21T19:33:45.664866" elapsed="6.344083"/>
</kw>
<kw name="Try to locate element" owner="Misc">
<kw name="Set Local Variable" owner="BuiltIn">
<msg time="2025-02-21T19:33:52.009949" level="INFO">${locator_to_be_found} = True</msg>
<arg>${locator_to_be_found}</arg>
<arg>${True}</arg>
<doc>Makes a variable available everywhere within the local scope.</doc>
<status status="PASS" start="2025-02-21T19:33:52.008949" elapsed="0.001000"/>
</kw>
<while condition="${locator_to_be_found}" limit="3">
<iter>
<try>
<branch type="TRY">
<kw name="Page Should Contain Element" owner="SeleniumLibrary">
<msg time="2025-02-21T19:33:52.020728" level="INFO">Current page contains element 'xpath=//b[text()='Enter Account Information']'.</msg>
<arg>${locator}</arg>
<doc>Verifies that element ``locator`` is found on the current page.</doc>
<status status="PASS" start="2025-02-21T19:33:52.009949" elapsed="0.010779"/>
</kw>
<kw name="Set Local Variable" owner="BuiltIn">
<msg time="2025-02-21T19:33:52.020728" level="INFO">${locator_to_be_found} = False</msg>
<arg>${locator_to_be_found}</arg>
<arg>${False}</arg>
<doc>Makes a variable available everywhere within the local scope.</doc>
<status status="PASS" start="2025-02-21T19:33:52.020728" elapsed="0.000000"/>
</kw>
<status status="PASS" start="2025-02-21T19:33:52.009949" elapsed="0.010779"/>
</branch>
<branch type="EXCEPT">
<kw name="Log" owner="BuiltIn">
<arg>element ${locator} not found</arg>
<doc>Logs the given message with the given level.</doc>
<status status="NOT RUN" start="2025-02-21T19:33:52.020728" elapsed="0.000000"/>
</kw>
<kw name="Consent to cookies and Dismiss Alarms" owner="Misc">
<status status="NOT RUN" start="2025-02-21T19:33:52.020728" elapsed="0.000000"/>
</kw>
<kw name="Pause Execution" owner="Dialogs">
<arg>Try to locate element</arg>
<doc>Pauses execution until user clicks ``Ok`` button.</doc>
<status status="NOT RUN" start="2025-02-21T19:33:52.021754" elapsed="0.000000"/>
</kw>
<status status="NOT RUN" start="2025-02-21T19:33:52.020728" elapsed="0.001026"/>
</branch>
<status status="PASS" start="2025-02-21T19:33:52.009949" elapsed="0.011805"/>
</try>
<status status="PASS" start="2025-02-21T19:33:52.009949" elapsed="0.011805"/>
</iter>
<status status="PASS" start="2025-02-21T19:33:52.009949" elapsed="0.011805"/>
</while>
<arg>${new_signup_page_details}[account_info_txt]</arg>
[...]
<msg time="2025-02-21T19:39:11.072881" level="FAIL">Element with locator 'class=fc-cta-consent' not found.</msg>
<arg>${misc_details}[consent_btn]</arg>
<doc>Verifies that the element identified by ``locator`` is visible.</doc>
<status status="FAIL" start="2025-02-21T19:39:10.803811" elapsed="0.270072">Element with locator 'class=fc-cta-consent' not found.</status>
</kw>
<msg time="2025-02-21T19:39:11.073883" level="INFO">${cookies_window} = False</msg>
<var>${cookies_window}</var>
<arg>element should be visible</arg>
<arg>${misc_details}[consent_btn]</arg>
<doc>Runs the given keyword with given arguments and returns the status as a Boolean value.</doc>
<status status="PASS" start="2025-02-21T19:39:10.803811" elapsed="0.270072"/>
</kw>
<if>
<branch type="IF" condition="${cookies_window}">
<kw name="Log" owner="BuiltIn">
<arg>Cookies are visible</arg>
<doc>Logs the given message with the given level.</doc>
<status status="NOT RUN" start="2025-02-21T19:39:11.074920" elapsed="0.000000"/>
</kw>
<kw name="Click Button" owner="SeleniumLibrary">
<arg>${misc_details}[consent_btn]</arg>
<doc>Clicks the button identified by ``locator``.</doc>
<status status="NOT RUN" start="2025-02-21T19:39:11.074920" elapsed="0.000000"/>
</kw>
<status status="NOT RUN" start="2025-02-21T19:39:11.073883" elapsed="0.001037"/>
</branch>
<branch type="ELSE">
<kw name="Log" owner="BuiltIn">
<msg time="2025-02-21T19:39:11.074920" level="INFO">Cookies not visible</msg>
<arg>Cookies not visible</arg>
<doc>Logs the given message with the given level.</doc>
<status status="PASS" start="2025-02-21T19:39:11.074920" elapsed="0.000000"/>
</kw>
<status status="PASS" start="2025-02-21T19:39:11.074920" elapsed="0.000000"/>
</branch>
<status status="PASS" start="2025-02-21T19:39:11.073883" elapsed="0.001037"/>
</if>
<doc>Click on consent button for cookies</doc>
<status status="PASS" start="2025-02-21T19:39:10.803811" elapsed="0.271109"/>
</kw>
<kw name="Dismiss Alarms" owner="Misc">
<kw name="Run Keyword And Return Status" owner="BuiltIn">
<kw name="Handle Alert" owner="SeleniumLibrary">
<msg time="2025-02-21T19:39:11.075957" level="INFO">HANDLE::&lt;class 'datetime.timedelta'&gt;::0:00:03</msg>
<msg time="2025-02-21T19:39:14.315825" level="INFO" html="true">&lt;/td&gt;&lt;/tr&gt;&lt;tr&gt;&lt;td colspan="3"&gt;&lt;a href="selenium-screenshot-84.png"&gt;&lt;img src="selenium-screenshot-84.png" width="800px"&gt;&lt;/a&gt;</msg>
<msg time="2025-02-21T19:39:14.315825" level="FAIL">Alert not found in 3 seconds.</msg>
<arg>LEAVE</arg>
<arg>3</arg>
<doc>Handles the current alert and returns its message.</doc>
<status status="FAIL" start="2025-02-21T19:39:11.075957" elapsed="3.240906">Alert not found in 3 seconds.</status>
</kw>
<msg time="2025-02-21T19:39:14.316863" level="INFO">${alert_window} = False</msg>
<var>${alert_window}</var>
<arg>handle alert</arg>
<arg>LEAVE</arg>
<arg>3</arg>
<doc>Runs the given keyword with given arguments and returns the status as a Boolean value.</doc>
<status status="PASS" start="2025-02-21T19:39:11.075957" elapsed="3.240906"/>
</kw>
<if>
<branch type="IF" condition="${alert_window}">
<kw name="Log" owner="BuiltIn">
<arg>Alert window present</arg>
<doc>Logs the given message with the given level.</doc>
<status status="NOT RUN" start="2025-02-21T19:39:14.316863" elapsed="0.000000"/>
</kw>
<kw name="Handle Alert" owner="SeleniumLibrary">
<arg>DISMISS</arg>
<doc>Handles the current alert and returns its message.</doc>
<status status="NOT RUN" start="2025-02-21T19:39:14.316863" elapsed="0.000000"/>
</kw>
<status status="NOT RUN" start="2025-02-21T19:39:14.316863" elapsed="0.000000"/>
</branch>
<branch type="ELSE">
<kw name="Log" owner="BuiltIn">
<msg time="2025-02-21T19:39:14.316863" level="INFO">Alert window not present</msg>
<arg>Alert window not present</arg>
<doc>Logs the given message with the given level.</doc>
<status status="PASS" start="2025-02-21T19:39:14.316863" elapsed="0.000000"/>
</kw>
<status status="PASS" start="2025-02-21T19:39:14.316863" elapsed="0.001018"/>
</branch>
<status status="PASS" start="2025-02-21T19:39:14.316863" elapsed="0.001018"/>
</if>
<doc>Dismiss Alarm popups</doc>
<status status="PASS" start="2025-02-21T19:39:11.074920" elapsed="3.242961"/>
</kw>
<kw name="Dismiss iFrame Ads" owner="Misc">
<kw name="Get WebElements" owner="SeleniumLibrary">
<msg time="2025-02-21T19:39:14.325526" level="INFO">${iframes1} = [&lt;selenium.webdriver.remote.webelement.WebElement (session="167ab0bfd1b321255e422fceaa8e4fae", element="f.FB2039C31F52A5AC555781E8790017D9.d.73BA8C57C4A4272322B9F90183B89979.e.567")&gt;]</msg>
<var>${iframes1}</var>
<arg>${misc_details}[ad_iframe]</arg>
<doc>Returns a list of WebElement objects matching the ``locator``.</doc>
<status status="PASS" start="2025-02-21T19:39:14.317881" elapsed="0.007645"/>
</kw>
<for flavor="IN">
<iter>
<kw name="Unselect Frame" owner="SeleniumLibrary">
<doc>Sets the main frame as the current frame.</doc>
<status status="PASS" start="2025-02-21T19:39:14.326550" elapsed="0.002071"/>
</kw>
<kw name="Log" owner="BuiltIn">
<msg time="2025-02-21T19:39:14.329640" level="INFO">iframe level1 detected: &lt;selenium.webdriver.remote.webelement.WebElement (session="167ab0bfd1b321255e422fceaa8e4fae", element="f.FB2039C31F52A5AC555781E8790017D9.d.73BA8C57C4A4272322B9F90183B89979.e.567")&gt;</msg>
<arg>iframe level1 detected: ${iframe1}</arg>
<doc>Logs the given message with the given level.</doc>
<status status="PASS" start="2025-02-21T19:39:14.329640" elapsed="0.000000"/>
</kw>
<kw name="Run Keyword And Return Status" owner="BuiltIn">
<kw name="Select Frame" owner="SeleniumLibrary">
<msg time="2025-02-21T19:39:14.329640" level="INFO">Selecting frame '&lt;selenium.webdriver.remote.webelement.WebElement (session="167ab0bfd1b321255e422fceaa8e4fae", element="f.FB2039C31F52A5AC555781E8790017D9.d.73BA8C57C4A4272322B9F90183B89979.e.567")&gt;'.</msg>
<arg>${iframe1}</arg>
<doc>Sets frame identified by ``locator`` as the current frame.</doc>
<status status="PASS" start="2025-02-21T19:39:14.329640" elapsed="0.020109"/>
</kw>
<msg time="2025-02-21T19:39:14.349749" level="INFO">${selecting_frame1} = True</msg>
<var>${selecting_frame1}</var>
<arg>select frame</arg>
<arg>${iframe1}</arg>
<doc>Runs the given keyword with given arguments and returns the status as a Boolean value.</doc>
<status status="PASS" start="2025-02-21T19:39:14.329640" elapsed="0.020109"/>
</kw>
<kw name="Get WebElements" owner="SeleniumLibrary">
<msg time="2025-02-21T19:39:14.356936" level="INFO">${iframes2} = []</msg>
<var>${iframes2}</var>
<arg>${misc_details}[ad_iframe]</arg>
<doc>Returns a list of WebElement objects matching the ``locator``.</doc>
<status status="PASS" start="2025-02-21T19:39:14.349749" elapsed="0.007187"/>
</kw>
<for flavor="IN">
<iter>
<kw name="Log" owner="BuiltIn">
<arg>iframe level2 detected: ${iframe2}</arg>
<doc>Logs the given message with the given level.</doc>
<status status="NOT RUN" start="2025-02-21T19:39:14.357964" elapsed="0.000000"/>
</kw>
<kw name="Run Keyword And Return Status" owner="BuiltIn">
<var>${selecting_frame2}</var>
<arg>select frame</arg>
<arg>${iframe2}</arg>
<doc>Runs the given keyword with given arguments and returns the status as a Boolean value.</doc>
<status status="NOT RUN" start="2025-02-21T19:39:14.357964" elapsed="0.000000"/>
</kw>
<kw name="Get WebElements" owner="SeleniumLibrary">
<var>${iframes3}</var>
<arg>${misc_details}[ad_iframe]</arg>
<doc>Returns a list of WebElement objects matching the ``locator``.</doc>
<status status="NOT RUN" start="2025-02-21T19:39:14.357964" elapsed="0.000000"/>
</kw>
<for flavor="IN">
<iter>
<kw name="Log" owner="BuiltIn">
<arg>iframe level3 detected: ${iframe3}</arg>
<doc>Logs the given message with the given level.</doc>
<status status="NOT RUN" start="2025-02-21T19:39:14.357964" elapsed="0.000000"/>
</kw>
<kw name="Run Keyword And Return Status" owner="BuiltIn">
<var>${selecting_frame3}</var>
<arg>select frame</arg>
<arg>${iframe3}</arg>
<doc>Runs the given keyword with given arguments and returns the status as a Boolean value.</doc>
<status status="NOT RUN" start="2025-02-21T19:39:14.357964" elapsed="0.000000"/>
</kw>
<kw name="Search for the Dismiss Button within the iFrame" owner="Misc">
<var>${button_found}</var>
<arg>level3</arg>
<doc>Helper Keyword for searching the dismiss button</doc>
<status status="NOT RUN" start="2025-02-21T19:39:14.357964" elapsed="0.000000"/>
</kw>
<kw name="Run Keyword And Return Status" owner="BuiltIn">
<var>${selecting_frame1}</var>
<arg>select frame</arg>
<arg>${iframe1}</arg>
<doc>Runs the given keyword with given arguments and returns the status as a Boolean value.</doc>
<status status="NOT RUN" start="2025-02-21T19:39:14.357964" elapsed="0.000000"/>
</kw>
<kw name="Run Keyword And Return Status" owner="BuiltIn">
<var>${selecting_frame2}</var>
<arg>select frame</arg>
<arg>${iframe2}</arg>
<doc>Runs the given keyword with given arguments and returns the status as a Boolean value.</doc>
<status status="NOT RUN" start="2025-02-21T19:39:14.358992" elapsed="0.000000"/>
</kw>
<var name="${iframe3}"/>
<status status="NOT RUN" start="2025-02-21T19:39:14.357964" elapsed="0.001028"/>
</iter>
<var>${iframe3}</var>
<value>@{iframes3}</value>
<status status="NOT RUN" start="2025-02-21T19:39:14.357964" elapsed="0.001028"/>
</for>
<kw name="Search for the Dismiss Button within the iFrame" owner="Misc">
<var>${button_found}</var>
<arg>level2</arg>
<doc>Helper Keyword for searching the dismiss button</doc>
<status status="NOT RUN" start="2025-02-21T19:39:14.358992" elapsed="0.000000"/>
</kw>
<kw name="Run Keyword And Return Status" owner="BuiltIn">
<var>${selecting_frame1}</var>
<arg>select frame</arg>
<arg>${iframe1}</arg>
<doc>Runs the given keyword with given arguments and returns the status as a Boolean value.</doc>
<status status="NOT RUN" start="2025-02-21T19:39:14.358992" elapsed="0.000000"/>
</kw>
<var name="${iframe2}"/>
<status status="NOT RUN" start="2025-02-21T19:39:14.356936" elapsed="0.002056"/>
</iter>
<var>${iframe2}</var>
<value>@{iframes2}</value>
<status status="NOT RUN" start="2025-02-21T19:39:14.356936" elapsed="0.002056"/>
</for>
<kw name="Run Keyword And Return Status" owner="BuiltIn">
<kw name="Search for the Dismiss Button within the iFrame" owner="Misc">
<kw name="Run Keyword And Return Status" owner="BuiltIn">
<kw name="Page Should Contain Button" owner="SeleniumLibrary">
<msg time="2025-02-21T19:39:14.610614" level="INFO" html="true">&lt;/td&gt;&lt;/tr&gt;&lt;tr&gt;&lt;td colspan="3"&gt;&lt;a href="selenium-screenshot-85.png"&gt;&lt;img src="selenium-screenshot-85.png" width="800px"&gt;&lt;/a&gt;</msg>
<msg time="2025-02-21T19:39:14.610614" level="FAIL">Page should have contained button 'xpath=//*[@id="dismiss-button"]' but did not.</msg>
<arg>${misc_details}[dismiss_button]</arg>
<doc>Verifies button ``locator`` is found from current page.</doc>
<status status="FAIL" start="2025-02-21T19:39:14.360027" elapsed="0.252398">Page should have contained button 'xpath=//*[@id="dismiss-button"]' but did not.</status>
</kw>
<msg time="2025-02-21T19:39:14.612425" level="INFO">${button_found} = False</msg>
<var>${button_found}</var>
<arg>page should contain button</arg>
<arg>${misc_details}[dismiss_button]</arg>
<doc>Runs the given keyword with given arguments and returns the status as a Boolean value.</doc>
<status status="PASS" start="2025-02-21T19:39:14.358992" elapsed="0.253433"/>
</kw>
<if>
<branch type="IF" condition="${button_found}">
<kw name="Run Keyword And Return Status" owner="BuiltIn">
<var>${element_clicked}</var>
<arg>Dismiss ads via Click element</arg>
<arg>${frame_level}</arg>
<doc>Runs the given keyword with given arguments and returns the status as a Boolean value.</doc>
<status status="NOT RUN" start="2025-02-21T19:39:14.612425" elapsed="0.000000"/>
</kw>
<status status="NOT RUN" start="2025-02-21T19:39:14.612425" elapsed="0.000000"/>
</branch>
<status status="PASS" start="2025-02-21T19:39:14.612425" elapsed="0.000000"/>
</if>
<kw name="Unselect Frame" owner="SeleniumLibrary">
<doc>Sets the main frame as the current frame.</doc>
<status status="PASS" start="2025-02-21T19:39:14.612425" elapsed="0.002896"/>
</kw>
<return>
<value>${button_found}</value>
<status status="PASS" start="2025-02-21T19:39:14.615321" elapsed="0.000000"/>
</return>
<arg>level1</arg>
<doc>Helper Keyword for searching the dismiss button</doc>
<status status="PASS" start="2025-02-21T19:39:14.358992" elapsed="0.256329"/>
</kw>
<msg time="2025-02-21T19:39:14.615321" level="INFO">${button_found} = True</msg>
<var>${button_found}</var>
<arg>Search for the Dismiss Button within the iFrame</arg>
<arg>level1</arg>
<doc>Runs the given keyword with given arguments and returns the status as a Boolean value.</doc>
<status status="PASS" start="2025-02-21T19:39:14.358992" elapsed="0.256329"/>
</kw>
<var name="${iframe1}">&lt;selenium.webdriver.remote.webelement.WebElement (session="167ab0bfd1b321255e422fceaa8e4fae", element="f.FB2039C31F52A5AC555781E8790017D9.d.73BA8C57C4A4272322B9F90183B89979.e.567")&gt;</var>
<status status="PASS" start="2025-02-21T19:39:14.325526" elapsed="0.289795"/>
</iter>
<var>${iframe1}</var>
<value>@{iframes1}</value>
<status status="PASS" start="2025-02-21T19:39:14.325526" elapsed="0.289795"/>
</for>
<doc>Dismiss iFrame Ads</doc>
<status status="PASS" start="2025-02-21T19:39:14.317881" elapsed="0.297440"/>
</kw>
<status status="PASS" start="2025-02-21T19:39:08.800212" elapsed="5.815109"/>
</kw>
<kw name="Try to locate text" owner="Misc">
<kw name="Set Local Variable" owner="BuiltIn">
<msg time="2025-02-21T19:39:14.617377" level="INFO">${locator_to_be_found} = True</msg>
<arg>${locator_to_be_found}</arg>
<arg>${True}</arg>
<doc>Makes a variable available everywhere within the local scope.</doc>
<status status="PASS" start="2025-02-21T19:39:14.616349" elapsed="0.001028"/>
</kw>
<while condition="${locator_to_be_found}" limit="3">
<iter>
<try>
<branch type="TRY">
<kw name="Page Should Contain" owner="SeleniumLibrary">
<msg time="2025-02-21T19:39:14.629758" level="INFO">Current page contains text 'Shopping Cart'.</msg>
<arg>${locator}</arg>
<doc>Verifies that current page contains ``text``.</doc>
<status status="PASS" start="2025-02-21T19:39:14.617377" elapsed="0.012381"/>
</kw>
<kw name="Set Local Variable" owner="BuiltIn">
<msg time="2025-02-21T19:39:14.630766" level="INFO">${locator_to_be_found} = False</msg>
<arg>${locator_to_be_found}</arg>
<arg>${False}</arg>
<doc>Makes a variable available everywhere within the local scope.</doc>
<status status="PASS" start="2025-02-21T19:39:14.629758" elapsed="0.001008"/>
</kw>
<status status="PASS" start="2025-02-21T19:39:14.617377" elapsed="0.013389"/>
</branch>
<branch type="EXCEPT">
<kw name="Log" owner="BuiltIn">
<arg>element ${locator} not found</arg>
<doc>Logs the given message with the given level.</doc>
<status status="NOT RUN" start="2025-02-21T19:39:14.630766" elapsed="0.000000"/>
</kw>
<kw name="Consent to cookies and Dismiss Alarms" owner="Misc">
<status status="NOT RUN" start="2025-02-21T19:39:14.631271" elapsed="0.000000"/>
</kw>
<kw name="Pause Execution" owner="Dialogs">
<arg>Try to locate text</arg>
<doc>Pauses execution until user clicks ``Ok`` button.</doc>
<status status="NOT RUN" start="2025-02-21T19:39:14.631271" elapsed="0.000000"/>
</kw>
<status status="NOT RUN" start="2025-02-21T19:39:14.630766" elapsed="0.000505"/>
</branch>
<status status="PASS" start="2025-02-21T19:39:14.617377" elapsed="0.013894"/>
</try>
<status status="PASS" start="2025-02-21T19:39:14.617377" elapsed="0.013894"/>
</iter>
<status status="PASS" start="2025-02-21T19:39:14.617377" elapsed="0.013894"/>
</while>
<arg>${cart_page_details}[shopping_cart_txt]</arg>
<doc>Helper Keyword for interracting with elements that might not be visible due to overlayed windows/dialogs</doc>
<status status="PASS" start="2025-02-21T19:39:14.616349" elapsed="0.015434"/>
</kw>
<doc>Verify that the shopping cart page is loaded</doc>
<status status="PASS" start="2025-02-21T19:39:08.798706" elapsed="5.833077"/>
</kw>
<kw name="Scroll to Element" owner="Misc">
<kw name="Get Horizontal Position" owner="SeleniumLibrary">
<msg time="2025-02-21T19:39:14.654197" level="INFO">${x} = 1552</msg>
<var>${x}</var>
<arg>${locator}</arg>
<doc>Returns the horizontal position of the element identified by ``locator``.</doc>
<status status="PASS" start="2025-02-21T19:39:14.631783" elapsed="0.022414"/>
</kw>
<kw name="Get Vertical Position" owner="SeleniumLibrary">
<msg time="2025-02-21T19:39:14.671744" level="INFO">${y} = 410</msg>
<var>${y}</var>
<arg>${locator}</arg>
<doc>Returns the vertical position of the element identified by ``locator``.</doc>
<status status="PASS" start="2025-02-21T19:39:14.655222" elapsed="0.016522"/>
</kw>
<kw name="Execute Javascript" owner="SeleniumLibrary">
<msg time="2025-02-21T19:39:14.671744" level="INFO">Executing JavaScript:
window.scrollTo(1552, 410)
Without any arguments.</msg>
<arg>window.scrollTo(${x}, ${y})</arg>
<doc>Executes the given JavaScript code with possible arguments.</doc>
<status status="PASS" start="2025-02-21T19:39:14.671744" elapsed="0.005294"/>
</kw>
<arg>${cart_page_details}[delete_from_cart1]</arg>
<doc>Helper Keyword for scrolling to a particular element</doc>
<status status="PASS" start="2025-02-21T19:39:14.631783" elapsed="0.045255"/>
</kw>
<kw name="Click Element" owner="SeleniumLibrary">
<msg time="2025-02-21T19:39:14.678184" level="INFO">Clicking element 'xpath=//*[@id="product-1"]/*/*[@class="cart_quantity_delete"]'.</msg>
<arg>${cart_page_details}[delete_from_cart1]</arg>
<doc>Click the element identified by ``locator``.</doc>
<status status="PASS" start="2025-02-21T19:39:14.678184" elapsed="0.063280"/>
</kw>
<kw name="Page Should Contain" owner="SeleniumLibrary">
<msg time="2025-02-21T19:39:14.761709" level="INFO">Current page contains text 'Cart is empty!'.</msg>
<arg>${cart_page_details}[empty_cart_txt]</arg>
<doc>Verifies that current page contains ``text``.</doc>
<status status="PASS" start="2025-02-21T19:39:14.741464" elapsed="0.021266"/>
</kw>
<doc>Remove the first product from the shopping cart</doc>
<status status="PASS" start="2025-02-21T19:39:08.798706" elapsed="5.964024"/>
</kw>
<status status="PASS" start="2025-02-21T19:39:08.798706" elapsed="5.964024"/>
</kw>
<kw name="Close All Browsers" owner="SeleniumLibrary" type="TEARDOWN">
<doc>Closes all open browsers and resets the browser cache.</doc>
<status status="PASS" start="2025-02-21T19:39:14.762730" elapsed="2.234795"/>
</kw>
<doc>Add and Remove Products From Cart</doc>
<tag>17</tag>
<tag>Smoke</tag>
<tag>TC17</tag>
<tag>User</tag>
<status status="PASS" start="2025-02-21T19:38:43.479744" elapsed="33.517781"/>
</test>
<kw name="Close All Browsers" owner="SeleniumLibrary" type="TEARDOWN">
<doc>Closes all open browsers and resets the browser cache.</doc>
<status status="PASS" start="2025-02-21T19:39:17.000034" elapsed="0.000000"/>
</kw>
<doc>This is a demo project based on https://automationexercise.com/test_cases</doc>
<status status="PASS" start="2025-02-21T19:33:26.161862" elapsed="350.838172"/>
</suite>
<statistics>
<total>
<stat pass="6" fail="0" skip="0">All Tests</stat>
</total>
<tag>
<stat pass="1" fail="0" skip="0">01</stat>
<stat pass="1" fail="0" skip="0">02</stat>
<stat pass="1" fail="0" skip="0">08</stat>
<stat pass="1" fail="0" skip="0">09</stat>
<stat pass="1" fail="0" skip="0">14</stat>
<stat pass="1" fail="0" skip="0">17</stat>
<stat pass="6" fail="0" skip="0">Smoke</stat>
<stat pass="1" fail="0" skip="0">TC01</stat>
<stat pass="1" fail="0" skip="0">TC02</stat>
<stat pass="1" fail="0" skip="0">TC08</stat>
<stat pass="1" fail="0" skip="0">TC09</stat>
<stat pass="1" fail="0" skip="0">TC14</stat>
<stat pass="1" fail="0" skip="0">TC17</stat>
<stat pass="6" fail="0" skip="0">User</stat>
</tag>
<suite>
<stat name="OnlineShopping" id="s1" pass="6" fail="0" skip="0">OnlineShopping</stat>
</suite>
</statistics>
<errors>
</errors>
</robot>
